[2021-06-23T21:54:16.672-0800][gc,heap] Heap region size: 1M
[2021-06-23T21:54:16.679-0800][gc     ] Using G1
[2021-06-23T21:54:16.679-0800][gc,heap,coops] Heap address: 0x00000007c0000000, size: 1024 MB, Compressed Oops mode: Zero based, Oop shift amount: 3
[2021-06-23T21:54:17.488-0800][gc,start     ] GC(0) Pause Young (Concurrent Start) (Metadata GC Threshold)
[2021-06-23T21:54:17.488-0800][gc,task      ] GC(0) Using 8 workers of 8 for evacuation
[2021-06-23T21:54:17.493-0800][gc,phases    ] GC(0)   Pre Evacuate Collection Set: 0.0ms
[2021-06-23T21:54:17.493-0800][gc,phases    ] GC(0)   Evacuate Collection Set: 4.0ms
[2021-06-23T21:54:17.493-0800][gc,phases    ] GC(0)   Post Evacuate Collection Set: 0.3ms
[2021-06-23T21:54:17.493-0800][gc,phases    ] GC(0)   Other: 0.6ms
[2021-06-23T21:54:17.493-0800][gc,heap      ] GC(0) Eden regions: 42->0(44)
[2021-06-23T21:54:17.493-0800][gc,heap      ] GC(0) Survivor regions: 0->7(7)
[2021-06-23T21:54:17.493-0800][gc,heap      ] GC(0) Old regions: 0->0
[2021-06-23T21:54:17.493-0800][gc,heap      ] GC(0) Humongous regions: 0->0
[2021-06-23T21:54:17.493-0800][gc,metaspace ] GC(0) Metaspace: 20674K->20674K(1069056K)
[2021-06-23T21:54:17.493-0800][gc           ] GC(0) Pause Young (Concurrent Start) (Metadata GC Threshold) 41M->6M(1024M) 5.055ms
[2021-06-23T21:54:17.493-0800][gc,cpu       ] GC(0) User=0.02s Sys=0.01s Real=0.01s
[2021-06-23T21:54:17.493-0800][gc           ] GC(1) Concurrent Cycle
[2021-06-23T21:54:17.493-0800][gc,marking   ] GC(1) Concurrent Clear Claimed Marks
[2021-06-23T21:54:17.493-0800][gc,marking   ] GC(1) Concurrent Clear Claimed Marks 0.030ms
[2021-06-23T21:54:17.493-0800][gc,marking   ] GC(1) Concurrent Scan Root Regions
[2021-06-23T21:54:17.494-0800][gc,marking   ] GC(1) Concurrent Scan Root Regions 1.642ms
[2021-06-23T21:54:17.494-0800][gc,marking   ] GC(1) Concurrent Mark (0.831s)
[2021-06-23T21:54:17.494-0800][gc,marking   ] GC(1) Concurrent Mark From Roots
[2021-06-23T21:54:17.494-0800][gc,task      ] GC(1) Using 2 workers of 2 for marking
[2021-06-23T21:54:17.495-0800][gc,marking   ] GC(1) Concurrent Mark From Roots 0.130ms
[2021-06-23T21:54:17.495-0800][gc,marking   ] GC(1) Concurrent Preclean
[2021-06-23T21:54:17.495-0800][gc,marking   ] GC(1) Concurrent Preclean 0.025ms
[2021-06-23T21:54:17.495-0800][gc,marking   ] GC(1) Concurrent Mark (0.831s, 0.831s) 0.198ms
[2021-06-23T21:54:17.495-0800][gc,start     ] GC(1) Pause Remark
[2021-06-23T21:54:17.496-0800][gc,stringtable] GC(1) Cleaned string and symbol table, strings: 7536 processed, 0 removed, symbols: 63579 processed, 32 removed
[2021-06-23T21:54:17.496-0800][gc            ] GC(1) Pause Remark 7M->7M(1024M) 1.202ms
[2021-06-23T21:54:17.496-0800][gc,cpu        ] GC(1) User=0.00s Sys=0.00s Real=0.00s
[2021-06-23T21:54:17.496-0800][gc,marking    ] GC(1) Concurrent Rebuild Remembered Sets
[2021-06-23T21:54:17.496-0800][gc,marking    ] GC(1) Concurrent Rebuild Remembered Sets 0.063ms
[2021-06-23T21:54:17.496-0800][gc,start      ] GC(1) Pause Cleanup
[2021-06-23T21:54:17.496-0800][gc            ] GC(1) Pause Cleanup 7M->7M(1024M) 0.096ms
[2021-06-23T21:54:17.496-0800][gc,cpu        ] GC(1) User=0.00s Sys=0.00s Real=0.00s
[2021-06-23T21:54:17.496-0800][gc,marking    ] GC(1) Concurrent Cleanup for Next Mark
[2021-06-23T21:54:17.501-0800][gc,marking    ] GC(1) Concurrent Cleanup for Next Mark 4.707ms
[2021-06-23T21:54:17.501-0800][gc            ] GC(1) Concurrent Cycle 8.351ms
[2021-06-23T21:54:18.523-0800][gc,start      ] GC(2) Pause Young (Normal) (G1 Evacuation Pause)
[2021-06-23T21:54:18.523-0800][gc,task       ] GC(2) Using 8 workers of 8 for evacuation
[2021-06-23T21:54:18.530-0800][gc,phases     ] GC(2)   Pre Evacuate Collection Set: 0.1ms
[2021-06-23T21:54:18.530-0800][gc,phases     ] GC(2)   Evacuate Collection Set: 6.2ms
[2021-06-23T21:54:18.530-0800][gc,phases     ] GC(2)   Post Evacuate Collection Set: 0.5ms
[2021-06-23T21:54:18.530-0800][gc,phases     ] GC(2)   Other: 0.1ms
[2021-06-23T21:54:18.530-0800][gc,heap       ] GC(2) Eden regions: 44->0(48)
[2021-06-23T21:54:18.530-0800][gc,heap       ] GC(2) Survivor regions: 7->3(7)
[2021-06-23T21:54:18.530-0800][gc,heap       ] GC(2) Old regions: 0->7
[2021-06-23T21:54:18.530-0800][gc,heap       ] GC(2) Humongous regions: 129->129
[2021-06-23T21:54:18.530-0800][gc,metaspace  ] GC(2) Metaspace: 30566K->30566K(1077248K)
[2021-06-23T21:54:18.530-0800][gc            ] GC(2) Pause Young (Normal) (G1 Evacuation Pause) 179M->137M(1024M) 7.006ms
[2021-06-23T21:54:18.530-0800][gc,cpu        ] GC(2) User=0.03s Sys=0.01s Real=0.01s
[2021-06-23T21:54:18.815-0800][gc,start      ] GC(3) Pause Young (Concurrent Start) (Metadata GC Threshold)
[2021-06-23T21:54:18.815-0800][gc,task       ] GC(3) Using 8 workers of 8 for evacuation
[2021-06-23T21:54:18.819-0800][gc,phases     ] GC(3)   Pre Evacuate Collection Set: 0.1ms
[2021-06-23T21:54:18.819-0800][gc,phases     ] GC(3)   Evacuate Collection Set: 3.2ms
[2021-06-23T21:54:18.819-0800][gc,phases     ] GC(3)   Post Evacuate Collection Set: 0.3ms
[2021-06-23T21:54:18.819-0800][gc,phases     ] GC(3)   Other: 0.2ms
[2021-06-23T21:54:18.819-0800][gc,heap       ] GC(3) Eden regions: 23->0(46)
[2021-06-23T21:54:18.819-0800][gc,heap       ] GC(3) Survivor regions: 3->5(7)
[2021-06-23T21:54:18.819-0800][gc,heap       ] GC(3) Old regions: 7->7
[2021-06-23T21:54:18.819-0800][gc,heap       ] GC(3) Humongous regions: 129->129
[2021-06-23T21:54:18.819-0800][gc,metaspace  ] GC(3) Metaspace: 34728K->34728K(1081344K)
[2021-06-23T21:54:18.819-0800][gc            ] GC(3) Pause Young (Concurrent Start) (Metadata GC Threshold) 160M->139M(1024M) 3.892ms
[2021-06-23T21:54:18.819-0800][gc,cpu        ] GC(3) User=0.02s Sys=0.00s Real=0.00s
[2021-06-23T21:54:18.819-0800][gc            ] GC(4) Concurrent Cycle
[2021-06-23T21:54:18.819-0800][gc,marking    ] GC(4) Concurrent Clear Claimed Marks
[2021-06-23T21:54:18.819-0800][gc,marking    ] GC(4) Concurrent Clear Claimed Marks 0.047ms
[2021-06-23T21:54:18.819-0800][gc,marking    ] GC(4) Concurrent Scan Root Regions
[2021-06-23T21:54:18.821-0800][gc,marking    ] GC(4) Concurrent Scan Root Regions 1.575ms
[2021-06-23T21:54:18.821-0800][gc,marking    ] GC(4) Concurrent Mark (2.157s)
[2021-06-23T21:54:18.821-0800][gc,marking    ] GC(4) Concurrent Mark From Roots
[2021-06-23T21:54:18.821-0800][gc,task       ] GC(4) Using 2 workers of 2 for marking
[2021-06-23T21:54:18.825-0800][gc,marking    ] GC(4) Concurrent Mark From Roots 3.861ms
[2021-06-23T21:54:18.825-0800][gc,marking    ] GC(4) Concurrent Preclean
[2021-06-23T21:54:18.825-0800][gc,marking    ] GC(4) Concurrent Preclean 0.045ms
[2021-06-23T21:54:18.825-0800][gc,marking    ] GC(4) Concurrent Mark (2.157s, 2.161s) 3.952ms
[2021-06-23T21:54:18.825-0800][gc,start      ] GC(4) Pause Remark
[2021-06-23T21:54:18.827-0800][gc,stringtable] GC(4) Cleaned string and symbol table, strings: 11768 processed, 9 removed, symbols: 94538 processed, 29 removed
[2021-06-23T21:54:18.827-0800][gc            ] GC(4) Pause Remark 140M->140M(1024M) 2.139ms
[2021-06-23T21:54:18.827-0800][gc,cpu        ] GC(4) User=0.02s Sys=0.00s Real=0.00s
[2021-06-23T21:54:18.827-0800][gc,marking    ] GC(4) Concurrent Rebuild Remembered Sets
[2021-06-23T21:54:18.829-0800][gc,marking    ] GC(4) Concurrent Rebuild Remembered Sets 2.373ms
[2021-06-23T21:54:18.829-0800][gc,start      ] GC(4) Pause Cleanup
[2021-06-23T21:54:18.830-0800][gc            ] GC(4) Pause Cleanup 140M->140M(1024M) 0.122ms
[2021-06-23T21:54:18.830-0800][gc,cpu        ] GC(4) User=0.00s Sys=0.00s Real=0.01s
[2021-06-23T21:54:18.830-0800][gc,marking    ] GC(4) Concurrent Cleanup for Next Mark
[2021-06-23T21:54:18.835-0800][gc,marking    ] GC(4) Concurrent Cleanup for Next Mark 5.836ms
[2021-06-23T21:54:18.835-0800][gc            ] GC(4) Concurrent Cycle 16.445ms
[2021-06-23T21:54:50.613-0800][gc,start      ] GC(5) Pause Young (Normal) (G1 Evacuation Pause)
[2021-06-23T21:54:50.613-0800][gc,task       ] GC(5) Using 8 workers of 8 for evacuation
[2021-06-23T21:54:50.618-0800][gc,phases     ] GC(5)   Pre Evacuate Collection Set: 0.0ms
[2021-06-23T21:54:50.618-0800][gc,phases     ] GC(5)   Evacuate Collection Set: 4.6ms
[2021-06-23T21:54:50.618-0800][gc,phases     ] GC(5)   Post Evacuate Collection Set: 0.3ms
[2021-06-23T21:54:50.618-0800][gc,phases     ] GC(5)   Other: 0.4ms
[2021-06-23T21:54:50.618-0800][gc,heap       ] GC(5) Eden regions: 46->0(46)
[2021-06-23T21:54:50.618-0800][gc,heap       ] GC(5) Survivor regions: 5->5(7)
[2021-06-23T21:54:50.618-0800][gc,heap       ] GC(5) Old regions: 7->9
[2021-06-23T21:54:50.618-0800][gc,heap       ] GC(5) Humongous regions: 129->129
[2021-06-23T21:54:50.618-0800][gc,metaspace  ] GC(5) Metaspace: 43966K->43966K(1089536K)
[2021-06-23T21:54:50.618-0800][gc            ] GC(5) Pause Young (Normal) (G1 Evacuation Pause) 185M->142M(1024M) 5.414ms
[2021-06-23T21:54:50.618-0800][gc,cpu        ] GC(5) User=0.03s Sys=0.00s Real=0.00s
[2021-06-23T22:00:40.771-0800][gc,start      ] GC(6) Pause Young (Normal) (G1 Evacuation Pause)
[2021-06-23T22:00:40.771-0800][gc,task       ] GC(6) Using 8 workers of 8 for evacuation
[2021-06-23T22:00:40.781-0800][gc,phases     ] GC(6)   Pre Evacuate Collection Set: 0.0ms
[2021-06-23T22:00:40.781-0800][gc,phases     ] GC(6)   Evacuate Collection Set: 9.0ms
[2021-06-23T22:00:40.781-0800][gc,phases     ] GC(6)   Post Evacuate Collection Set: 0.5ms
[2021-06-23T22:00:40.781-0800][gc,phases     ] GC(6)   Other: 0.4ms
[2021-06-23T22:00:40.781-0800][gc,heap       ] GC(6) Eden regions: 46->0(45)
[2021-06-23T22:00:40.781-0800][gc,heap       ] GC(6) Survivor regions: 5->6(7)
[2021-06-23T22:00:40.781-0800][gc,heap       ] GC(6) Old regions: 9->11
[2021-06-23T22:00:40.781-0800][gc,heap       ] GC(6) Humongous regions: 129->129
[2021-06-23T22:00:40.781-0800][gc,metaspace  ] GC(6) Metaspace: 49124K->49124K(1093632K)
[2021-06-23T22:00:40.781-0800][gc            ] GC(6) Pause Young (Normal) (G1 Evacuation Pause) 188M->144M(1024M) 10.032ms
[2021-06-23T22:00:40.781-0800][gc,cpu        ] GC(6) User=0.04s Sys=0.02s Real=0.01s
[2021-06-23T22:36:05.813-0800][gc,start      ] GC(7) Pause Young (Normal) (G1 Evacuation Pause)
[2021-06-23T22:36:05.813-0800][gc,task       ] GC(7) Using 8 workers of 8 for evacuation
[2021-06-23T22:36:05.819-0800][gc,phases     ] GC(7)   Pre Evacuate Collection Set: 0.0ms
[2021-06-23T22:36:05.819-0800][gc,phases     ] GC(7)   Evacuate Collection Set: 5.3ms
[2021-06-23T22:36:05.819-0800][gc,phases     ] GC(7)   Post Evacuate Collection Set: 0.4ms
[2021-06-23T22:36:05.819-0800][gc,phases     ] GC(7)   Other: 0.2ms
[2021-06-23T22:36:05.819-0800][gc,heap       ] GC(7) Eden regions: 45->0(48)
[2021-06-23T22:36:05.819-0800][gc,heap       ] GC(7) Survivor regions: 6->3(7)
[2021-06-23T22:36:05.819-0800][gc,heap       ] GC(7) Old regions: 11->13
[2021-06-23T22:36:05.819-0800][gc,heap       ] GC(7) Humongous regions: 129->129
[2021-06-23T22:36:05.819-0800][gc,metaspace  ] GC(7) Metaspace: 49489K->49489K(1093632K)
[2021-06-23T22:36:05.819-0800][gc            ] GC(7) Pause Young (Normal) (G1 Evacuation Pause) 189M->144M(1024M) 6.119ms
[2021-06-23T22:36:05.819-0800][gc,cpu        ] GC(7) User=0.03s Sys=0.01s Real=0.00s
[2021-06-23T23:16:48.441-0800][gc,start      ] GC(8) Pause Young (Normal) (G1 Evacuation Pause)
[2021-06-23T23:16:48.442-0800][gc,task       ] GC(8) Using 8 workers of 8 for evacuation
[2021-06-23T23:16:48.459-0800][gc,phases     ] GC(8)   Pre Evacuate Collection Set: 2.1ms
[2021-06-23T23:16:48.459-0800][gc,phases     ] GC(8)   Evacuate Collection Set: 13.7ms
[2021-06-23T23:16:48.459-0800][gc,phases     ] GC(8)   Post Evacuate Collection Set: 0.5ms
[2021-06-23T23:16:48.459-0800][gc,phases     ] GC(8)   Other: 1.1ms
[2021-06-23T23:16:48.459-0800][gc,heap       ] GC(8) Eden regions: 48->0(48)
[2021-06-23T23:16:48.459-0800][gc,heap       ] GC(8) Survivor regions: 3->3(7)
[2021-06-23T23:16:48.459-0800][gc,heap       ] GC(8) Old regions: 13->13
[2021-06-23T23:16:48.459-0800][gc,heap       ] GC(8) Humongous regions: 129->129
[2021-06-23T23:16:48.459-0800][gc,metaspace  ] GC(8) Metaspace: 49693K->49693K(1093632K)
[2021-06-23T23:16:48.459-0800][gc            ] GC(8) Pause Young (Normal) (G1 Evacuation Pause) 192M->144M(1024M) 17.436ms
[2021-06-23T23:16:48.459-0800][gc,cpu        ] GC(8) User=0.03s Sys=0.05s Real=0.01s
[2021-06-23T23:57:20.909-0800][gc,start      ] GC(9) Pause Young (Normal) (G1 Evacuation Pause)
[2021-06-23T23:57:20.910-0800][gc,task       ] GC(9) Using 8 workers of 8 for evacuation
[2021-06-23T23:57:20.914-0800][gc,phases     ] GC(9)   Pre Evacuate Collection Set: 0.0ms
[2021-06-23T23:57:20.914-0800][gc,phases     ] GC(9)   Evacuate Collection Set: 3.8ms
[2021-06-23T23:57:20.914-0800][gc,phases     ] GC(9)   Post Evacuate Collection Set: 0.4ms
[2021-06-23T23:57:20.914-0800][gc,phases     ] GC(9)   Other: 1.1ms
[2021-06-23T23:57:20.914-0800][gc,heap       ] GC(9) Eden regions: 48->0(48)
[2021-06-23T23:57:20.914-0800][gc,heap       ] GC(9) Survivor regions: 3->3(7)
[2021-06-23T23:57:20.914-0800][gc,heap       ] GC(9) Old regions: 13->13
[2021-06-23T23:57:20.914-0800][gc,heap       ] GC(9) Humongous regions: 129->129
[2021-06-23T23:57:20.914-0800][gc,metaspace  ] GC(9) Metaspace: 49852K->49852K(1093632K)
[2021-06-23T23:57:20.914-0800][gc            ] GC(9) Pause Young (Normal) (G1 Evacuation Pause) 192M->144M(1024M) 5.516ms
[2021-06-23T23:57:20.914-0800][gc,cpu        ] GC(9) User=0.02s Sys=0.00s Real=0.01s
[2021-06-24T00:38:59.425-0800][gc,start      ] GC(10) Pause Young (Normal) (G1 Evacuation Pause)
[2021-06-24T00:38:59.426-0800][gc,task       ] GC(10) Using 8 workers of 8 for evacuation
[2021-06-24T00:38:59.432-0800][gc,phases     ] GC(10)   Pre Evacuate Collection Set: 0.1ms
[2021-06-24T00:38:59.432-0800][gc,phases     ] GC(10)   Evacuate Collection Set: 5.0ms
[2021-06-24T00:38:59.432-0800][gc,phases     ] GC(10)   Post Evacuate Collection Set: 0.8ms
[2021-06-24T00:38:59.432-0800][gc,phases     ] GC(10)   Other: 0.5ms
[2021-06-24T00:38:59.432-0800][gc,heap       ] GC(10) Eden regions: 48->0(50)
[2021-06-24T00:38:59.432-0800][gc,heap       ] GC(10) Survivor regions: 3->3(7)
[2021-06-24T00:38:59.432-0800][gc,heap       ] GC(10) Old regions: 13->13
[2021-06-24T00:38:59.432-0800][gc,heap       ] GC(10) Humongous regions: 129->129
[2021-06-24T00:38:59.432-0800][gc,metaspace  ] GC(10) Metaspace: 50059K->50059K(1095680K)
[2021-06-24T00:38:59.432-0800][gc            ] GC(10) Pause Young (Normal) (G1 Evacuation Pause) 192M->144M(1024M) 6.554ms
[2021-06-24T00:38:59.432-0800][gc,cpu        ] GC(10) User=0.02s Sys=0.00s Real=0.01s
[2021-06-24T01:07:50.062-0800][gc,start      ] GC(11) Pause Young (Normal) (G1 Evacuation Pause)
[2021-06-24T01:07:50.063-0800][gc,task       ] GC(11) Using 8 workers of 8 for evacuation
[2021-06-24T01:07:50.075-0800][gc,phases     ] GC(11)   Pre Evacuate Collection Set: 0.0ms
[2021-06-24T01:07:50.075-0800][gc,phases     ] GC(11)   Evacuate Collection Set: 11.0ms
[2021-06-24T01:07:50.075-0800][gc,phases     ] GC(11)   Post Evacuate Collection Set: 0.5ms
[2021-06-24T01:07:50.075-0800][gc,phases     ] GC(11)   Other: 1.0ms
[2021-06-24T01:07:50.075-0800][gc,heap       ] GC(11) Eden regions: 50->0(50)
[2021-06-24T01:07:50.075-0800][gc,heap       ] GC(11) Survivor regions: 3->5(7)
[2021-06-24T01:07:50.075-0800][gc,heap       ] GC(11) Old regions: 13->13
[2021-06-24T01:07:50.075-0800][gc,heap       ] GC(11) Humongous regions: 129->129
[2021-06-24T01:07:50.075-0800][gc,metaspace  ] GC(11) Metaspace: 50871K->50871K(1095680K)
[2021-06-24T01:07:50.075-0800][gc            ] GC(11) Pause Young (Normal) (G1 Evacuation Pause) 194M->146M(1024M) 12.681ms
[2021-06-24T01:07:50.075-0800][gc,cpu        ] GC(11) User=0.04s Sys=0.03s Real=0.01s
[2021-06-24T01:15:37.675-0800][gc,start      ] GC(12) Pause Young (Normal) (G1 Evacuation Pause)
[2021-06-24T01:15:37.676-0800][gc,task       ] GC(12) Using 8 workers of 8 for evacuation
[2021-06-24T01:15:37.684-0800][gc,phases     ] GC(12)   Pre Evacuate Collection Set: 0.0ms
[2021-06-24T01:15:37.684-0800][gc,phases     ] GC(12)   Evacuate Collection Set: 7.1ms
[2021-06-24T01:15:37.684-0800][gc,phases     ] GC(12)   Post Evacuate Collection Set: 0.5ms
[2021-06-24T01:15:37.684-0800][gc,phases     ] GC(12)   Other: 1.2ms
[2021-06-24T01:15:37.684-0800][gc,heap       ] GC(12) Eden regions: 50->0(53)
[2021-06-24T01:15:37.684-0800][gc,heap       ] GC(12) Survivor regions: 5->3(7)
[2021-06-24T01:15:37.684-0800][gc,heap       ] GC(12) Old regions: 13->16
[2021-06-24T01:15:37.684-0800][gc,heap       ] GC(12) Humongous regions: 129->129
[2021-06-24T01:15:37.684-0800][gc,metaspace  ] GC(12) Metaspace: 51206K->51206K(1095680K)
[2021-06-24T01:15:37.684-0800][gc            ] GC(12) Pause Young (Normal) (G1 Evacuation Pause) 196M->147M(1024M) 8.944ms
[2021-06-24T01:15:37.684-0800][gc,cpu        ] GC(12) User=0.05s Sys=0.01s Real=0.01s
[2021-06-24T01:24:31.005-0800][gc,start      ] GC(13) Pause Young (Normal) (G1 Evacuation Pause)
[2021-06-24T01:24:31.006-0800][gc,task       ] GC(13) Using 8 workers of 8 for evacuation
[2021-06-24T01:24:31.010-0800][gc,phases     ] GC(13)   Pre Evacuate Collection Set: 0.0ms
[2021-06-24T01:24:31.010-0800][gc,phases     ] GC(13)   Evacuate Collection Set: 3.4ms
[2021-06-24T01:24:31.010-0800][gc,phases     ] GC(13)   Post Evacuate Collection Set: 1.0ms
[2021-06-24T01:24:31.010-0800][gc,phases     ] GC(13)   Other: 0.9ms
[2021-06-24T01:24:31.010-0800][gc,heap       ] GC(13) Eden regions: 53->0(62)
[2021-06-24T01:24:31.010-0800][gc,heap       ] GC(13) Survivor regions: 3->4(7)
[2021-06-24T01:24:31.010-0800][gc,heap       ] GC(13) Old regions: 16->16
[2021-06-24T01:24:31.010-0800][gc,heap       ] GC(13) Humongous regions: 129->129
[2021-06-24T01:24:31.010-0800][gc,metaspace  ] GC(13) Metaspace: 51437K->51437K(1095680K)
[2021-06-24T01:24:31.010-0800][gc            ] GC(13) Pause Young (Normal) (G1 Evacuation Pause) 200M->147M(1024M) 5.501ms
[2021-06-24T01:24:31.010-0800][gc,cpu        ] GC(13) User=0.02s Sys=0.00s Real=0.01s
[2021-06-24T01:35:08.233-0800][gc,start      ] GC(14) Pause Young (Normal) (G1 Evacuation Pause)
[2021-06-24T01:35:08.233-0800][gc,task       ] GC(14) Using 8 workers of 8 for evacuation
[2021-06-24T01:35:08.240-0800][gc,phases     ] GC(14)   Pre Evacuate Collection Set: 0.0ms
[2021-06-24T01:35:08.240-0800][gc,phases     ] GC(14)   Evacuate Collection Set: 6.1ms
[2021-06-24T01:35:08.240-0800][gc,phases     ] GC(14)   Post Evacuate Collection Set: 0.3ms
[2021-06-24T01:35:08.240-0800][gc,phases     ] GC(14)   Other: 1.1ms
[2021-06-24T01:35:08.240-0800][gc,heap       ] GC(14) Eden regions: 62->0(86)
[2021-06-24T01:35:08.240-0800][gc,heap       ] GC(14) Survivor regions: 4->4(9)
[2021-06-24T01:35:08.240-0800][gc,heap       ] GC(14) Old regions: 16->16
[2021-06-24T01:35:08.240-0800][gc,heap       ] GC(14) Humongous regions: 129->129
[2021-06-24T01:35:08.240-0800][gc,metaspace  ] GC(14) Metaspace: 51610K->51610K(1095680K)
[2021-06-24T01:35:08.240-0800][gc            ] GC(14) Pause Young (Normal) (G1 Evacuation Pause) 209M->148M(1024M) 7.719ms
[2021-06-24T01:35:08.240-0800][gc,cpu        ] GC(14) User=0.03s Sys=0.00s Real=0.01s
[2021-06-24T01:49:24.578-0800][gc,start      ] GC(15) Pause Young (Normal) (G1 Evacuation Pause)
[2021-06-24T01:49:24.579-0800][gc,task       ] GC(15) Using 8 workers of 8 for evacuation
[2021-06-24T01:49:24.584-0800][gc,phases     ] GC(15)   Pre Evacuate Collection Set: 0.0ms
[2021-06-24T01:49:24.584-0800][gc,phases     ] GC(15)   Evacuate Collection Set: 4.9ms
[2021-06-24T01:49:24.584-0800][gc,phases     ] GC(15)   Post Evacuate Collection Set: 0.4ms
[2021-06-24T01:49:24.584-0800][gc,phases     ] GC(15)   Other: 1.2ms
[2021-06-24T01:49:24.584-0800][gc,heap       ] GC(15) Eden regions: 86->0(101)
[2021-06-24T01:49:24.584-0800][gc,heap       ] GC(15) Survivor regions: 4->4(12)
[2021-06-24T01:49:24.584-0800][gc,heap       ] GC(15) Old regions: 16->16
[2021-06-24T01:49:24.584-0800][gc,heap       ] GC(15) Humongous regions: 129->129
[2021-06-24T01:49:24.584-0800][gc,metaspace  ] GC(15) Metaspace: 51620K->51620K(1095680K)
[2021-06-24T01:49:24.584-0800][gc            ] GC(15) Pause Young (Normal) (G1 Evacuation Pause) 234M->147M(1024M) 6.719ms
[2021-06-24T01:49:24.585-0800][gc,cpu        ] GC(15) User=0.04s Sys=0.00s Real=0.01s
[2021-06-24T11:06:47.509-0800][gc,start      ] GC(16) Pause Young (Normal) (G1 Evacuation Pause)
[2021-06-24T11:06:47.510-0800][gc,task       ] GC(16) Using 8 workers of 8 for evacuation
[2021-06-24T11:06:47.543-0800][gc,mmu        ] GC(16) MMU target violated: 21.0ms (20.0ms/21.0ms)
[2021-06-24T11:06:47.543-0800][gc,phases     ] GC(16)   Pre Evacuate Collection Set: 1.6ms
[2021-06-24T11:06:47.543-0800][gc,phases     ] GC(16)   Evacuate Collection Set: 30.6ms
[2021-06-24T11:06:47.543-0800][gc,phases     ] GC(16)   Post Evacuate Collection Set: 0.5ms
[2021-06-24T11:06:47.543-0800][gc,phases     ] GC(16)   Other: 1.7ms
[2021-06-24T11:06:47.543-0800][gc,heap       ] GC(16) Eden regions: 101->0(52)
[2021-06-24T11:06:47.543-0800][gc,heap       ] GC(16) Survivor regions: 4->4(14)
[2021-06-24T11:06:47.543-0800][gc,heap       ] GC(16) Old regions: 16->16
[2021-06-24T11:06:47.543-0800][gc,heap       ] GC(16) Humongous regions: 129->129
[2021-06-24T11:06:47.543-0800][gc,metaspace  ] GC(16) Metaspace: 51639K->51639K(1095680K)
[2021-06-24T11:06:47.543-0800][gc            ] GC(16) Pause Young (Normal) (G1 Evacuation Pause) 248M->147M(1024M) 34.456ms
[2021-06-24T11:06:47.543-0800][gc,cpu        ] GC(16) User=0.04s Sys=0.11s Real=0.04s
[2021-06-24T11:52:17.552-0800][gc,start      ] GC(17) Pause Young (Normal) (G1 Evacuation Pause)
[2021-06-24T11:52:17.553-0800][gc,task       ] GC(17) Using 8 workers of 8 for evacuation
[2021-06-24T11:52:17.560-0800][gc,phases     ] GC(17)   Pre Evacuate Collection Set: 0.1ms
[2021-06-24T11:52:17.560-0800][gc,phases     ] GC(17)   Evacuate Collection Set: 5.1ms
[2021-06-24T11:52:17.560-0800][gc,phases     ] GC(17)   Post Evacuate Collection Set: 1.0ms
[2021-06-24T11:52:17.560-0800][gc,phases     ] GC(17)   Other: 1.0ms
[2021-06-24T11:52:17.560-0800][gc,heap       ] GC(17) Eden regions: 52->0(58)
[2021-06-24T11:52:17.560-0800][gc,heap       ] GC(17) Survivor regions: 4->4(7)
[2021-06-24T11:52:17.560-0800][gc,heap       ] GC(17) Old regions: 16->16
[2021-06-24T11:52:17.560-0800][gc,heap       ] GC(17) Humongous regions: 129->129
[2021-06-24T11:52:17.560-0800][gc,metaspace  ] GC(17) Metaspace: 51640K->51640K(1095680K)
[2021-06-24T11:52:17.560-0800][gc            ] GC(17) Pause Young (Normal) (G1 Evacuation Pause) 199M->147M(1024M) 7.196ms
[2021-06-24T11:52:17.560-0800][gc,cpu        ] GC(17) User=0.02s Sys=0.01s Real=0.01s
[2021-06-24T12:43:16.012-0800][gc,start      ] GC(18) Pause Young (Normal) (G1 Evacuation Pause)
[2021-06-24T12:43:16.013-0800][gc,task       ] GC(18) Using 8 workers of 8 for evacuation
[2021-06-24T12:43:16.023-0800][gc,phases     ] GC(18)   Pre Evacuate Collection Set: 0.0ms
[2021-06-24T12:43:16.023-0800][gc,phases     ] GC(18)   Evacuate Collection Set: 9.5ms
[2021-06-24T12:43:16.023-0800][gc,phases     ] GC(18)   Post Evacuate Collection Set: 0.4ms
[2021-06-24T12:43:16.023-0800][gc,phases     ] GC(18)   Other: 1.4ms
[2021-06-24T12:43:16.024-0800][gc,heap       ] GC(18) Eden regions: 58->0(61)
[2021-06-24T12:43:16.024-0800][gc,heap       ] GC(18) Survivor regions: 4->4(8)
[2021-06-24T12:43:16.024-0800][gc,heap       ] GC(18) Old regions: 16->16
[2021-06-24T12:43:16.024-0800][gc,heap       ] GC(18) Humongous regions: 129->129
[2021-06-24T12:43:16.024-0800][gc,metaspace  ] GC(18) Metaspace: 51652K->51652K(1095680K)
[2021-06-24T12:43:16.024-0800][gc            ] GC(18) Pause Young (Normal) (G1 Evacuation Pause) 205M->147M(1024M) 11.400ms
[2021-06-24T12:43:16.024-0800][gc,cpu        ] GC(18) User=0.03s Sys=0.02s Real=0.01s
[2021-06-24T13:36:48.823-0800][gc,start      ] GC(19) Pause Young (Normal) (G1 Evacuation Pause)
[2021-06-24T13:36:48.824-0800][gc,task       ] GC(19) Using 8 workers of 8 for evacuation
[2021-06-24T13:36:48.832-0800][gc,phases     ] GC(19)   Pre Evacuate Collection Set: 0.0ms
[2021-06-24T13:36:48.832-0800][gc,phases     ] GC(19)   Evacuate Collection Set: 6.5ms
[2021-06-24T13:36:48.832-0800][gc,phases     ] GC(19)   Post Evacuate Collection Set: 1.3ms
[2021-06-24T13:36:48.832-0800][gc,phases     ] GC(19)   Other: 1.0ms
[2021-06-24T13:36:48.832-0800][gc,heap       ] GC(19) Eden regions: 61->0(66)
[2021-06-24T13:36:48.832-0800][gc,heap       ] GC(19) Survivor regions: 4->4(9)
[2021-06-24T13:36:48.832-0800][gc,heap       ] GC(19) Old regions: 16->16
[2021-06-24T13:36:48.832-0800][gc,heap       ] GC(19) Humongous regions: 129->129
[2021-06-24T13:36:48.832-0800][gc,metaspace  ] GC(19) Metaspace: 51654K->51654K(1095680K)
[2021-06-24T13:36:48.832-0800][gc            ] GC(19) Pause Young (Normal) (G1 Evacuation Pause) 208M->147M(1024M) 8.975ms
[2021-06-24T13:36:48.832-0800][gc,cpu        ] GC(19) User=0.04s Sys=0.01s Real=0.01s
[2021-06-24T15:33:50.586-0800][gc,start      ] GC(20) Pause Young (Normal) (G1 Evacuation Pause)
[2021-06-24T15:33:50.587-0800][gc,task       ] GC(20) Using 8 workers of 8 for evacuation
[2021-06-24T15:33:50.599-0800][gc,phases     ] GC(20)   Pre Evacuate Collection Set: 2.0ms
[2021-06-24T15:33:50.599-0800][gc,phases     ] GC(20)   Evacuate Collection Set: 9.1ms
[2021-06-24T15:33:50.599-0800][gc,phases     ] GC(20)   Post Evacuate Collection Set: 0.4ms
[2021-06-24T15:33:50.599-0800][gc,phases     ] GC(20)   Other: 1.7ms
[2021-06-24T15:33:50.599-0800][gc,heap       ] GC(20) Eden regions: 66->0(69)
[2021-06-24T15:33:50.599-0800][gc,heap       ] GC(20) Survivor regions: 4->4(9)
[2021-06-24T15:33:50.599-0800][gc,heap       ] GC(20) Old regions: 16->16
[2021-06-24T15:33:50.599-0800][gc,heap       ] GC(20) Humongous regions: 129->129
[2021-06-24T15:33:50.599-0800][gc,metaspace  ] GC(20) Metaspace: 51685K->51685K(1095680K)
[2021-06-24T15:33:50.599-0800][gc            ] GC(20) Pause Young (Normal) (G1 Evacuation Pause) 213M->147M(1024M) 13.309ms
[2021-06-24T15:33:50.599-0800][gc,cpu        ] GC(20) User=0.02s Sys=0.04s Real=0.01s
[2021-06-24T16:34:53.232-0800][gc,start      ] GC(21) Pause Young (Normal) (G1 Evacuation Pause)
[2021-06-24T16:34:53.233-0800][gc,task       ] GC(21) Using 8 workers of 8 for evacuation
[2021-06-24T16:34:53.241-0800][gc,phases     ] GC(21)   Pre Evacuate Collection Set: 0.1ms
[2021-06-24T16:34:53.241-0800][gc,phases     ] GC(21)   Evacuate Collection Set: 7.7ms
[2021-06-24T16:34:53.241-0800][gc,phases     ] GC(21)   Post Evacuate Collection Set: 0.5ms
[2021-06-24T16:34:53.241-0800][gc,phases     ] GC(21)   Other: 1.1ms
[2021-06-24T16:34:53.241-0800][gc,heap       ] GC(21) Eden regions: 69->0(74)
[2021-06-24T16:34:53.241-0800][gc,heap       ] GC(21) Survivor regions: 4->4(10)
[2021-06-24T16:34:53.241-0800][gc,heap       ] GC(21) Old regions: 16->16
[2021-06-24T16:34:53.241-0800][gc,heap       ] GC(21) Humongous regions: 129->129
[2021-06-24T16:34:53.241-0800][gc,metaspace  ] GC(21) Metaspace: 51686K->51686K(1095680K)
[2021-06-24T16:34:53.241-0800][gc            ] GC(21) Pause Young (Normal) (G1 Evacuation Pause) 216M->147M(1024M) 9.435ms
[2021-06-24T16:34:53.241-0800][gc,cpu        ] GC(21) User=0.03s Sys=0.01s Real=0.01s
[2021-06-24T17:40:32.009-0800][gc,start      ] GC(22) Pause Young (Normal) (G1 Evacuation Pause)
[2021-06-24T17:40:32.010-0800][gc,task       ] GC(22) Using 8 workers of 8 for evacuation
[2021-06-24T17:40:32.018-0800][gc,phases     ] GC(22)   Pre Evacuate Collection Set: 0.0ms
[2021-06-24T17:40:32.018-0800][gc,phases     ] GC(22)   Evacuate Collection Set: 6.7ms
[2021-06-24T17:40:32.018-0800][gc,phases     ] GC(22)   Post Evacuate Collection Set: 1.0ms
[2021-06-24T17:40:32.018-0800][gc,phases     ] GC(22)   Other: 1.1ms
[2021-06-24T17:40:32.018-0800][gc,heap       ] GC(22) Eden regions: 74->0(80)
[2021-06-24T17:40:32.018-0800][gc,heap       ] GC(22) Survivor regions: 4->4(10)
[2021-06-24T17:40:32.018-0800][gc,heap       ] GC(22) Old regions: 16->16
[2021-06-24T17:40:32.018-0800][gc,heap       ] GC(22) Humongous regions: 129->129
[2021-06-24T17:40:32.018-0800][gc,metaspace  ] GC(22) Metaspace: 51688K->51688K(1095680K)
[2021-06-24T17:40:32.018-0800][gc            ] GC(22) Pause Young (Normal) (G1 Evacuation Pause) 221M->147M(1024M) 9.099ms
[2021-06-24T17:40:32.018-0800][gc,cpu        ] GC(22) User=0.02s Sys=0.02s Real=0.01s
[2021-06-24T18:51:38.149-0800][gc,start      ] GC(23) Pause Young (Normal) (G1 Evacuation Pause)
[2021-06-24T18:51:38.150-0800][gc,task       ] GC(23) Using 8 workers of 8 for evacuation
[2021-06-24T18:51:38.162-0800][gc,phases     ] GC(23)   Pre Evacuate Collection Set: 0.2ms
[2021-06-24T18:51:38.162-0800][gc,phases     ] GC(23)   Evacuate Collection Set: 11.1ms
[2021-06-24T18:51:38.162-0800][gc,phases     ] GC(23)   Post Evacuate Collection Set: 0.4ms
[2021-06-24T18:51:38.162-0800][gc,phases     ] GC(23)   Other: 1.3ms
[2021-06-24T18:51:38.162-0800][gc,heap       ] GC(23) Eden regions: 80->0(81)
[2021-06-24T18:51:38.162-0800][gc,heap       ] GC(23) Survivor regions: 4->4(11)
[2021-06-24T18:51:38.162-0800][gc,heap       ] GC(23) Old regions: 16->16
[2021-06-24T18:51:38.162-0800][gc,heap       ] GC(23) Humongous regions: 129->129
[2021-06-24T18:51:38.162-0800][gc,metaspace  ] GC(23) Metaspace: 51690K->51690K(1095680K)
[2021-06-24T18:51:38.162-0800][gc            ] GC(23) Pause Young (Normal) (G1 Evacuation Pause) 227M->147M(1024M) 13.079ms
[2021-06-24T18:51:38.162-0800][gc,cpu        ] GC(23) User=0.03s Sys=0.03s Real=0.02s
[2021-06-24T20:03:53.493-0800][gc,start      ] GC(24) Pause Young (Normal) (G1 Evacuation Pause)
[2021-06-24T20:03:53.494-0800][gc,task       ] GC(24) Using 8 workers of 8 for evacuation
[2021-06-24T20:03:53.506-0800][gc,phases     ] GC(24)   Pre Evacuate Collection Set: 0.1ms
[2021-06-24T20:03:53.506-0800][gc,phases     ] GC(24)   Evacuate Collection Set: 11.3ms
[2021-06-24T20:03:53.506-0800][gc,phases     ] GC(24)   Post Evacuate Collection Set: 0.3ms
[2021-06-24T20:03:53.506-0800][gc,phases     ] GC(24)   Other: 1.1ms
[2021-06-24T20:03:53.506-0800][gc,heap       ] GC(24) Eden regions: 81->0(83)
[2021-06-24T20:03:53.506-0800][gc,heap       ] GC(24) Survivor regions: 4->4(11)
[2021-06-24T20:03:53.506-0800][gc,heap       ] GC(24) Old regions: 16->16
[2021-06-24T20:03:53.506-0800][gc,heap       ] GC(24) Humongous regions: 129->129
[2021-06-24T20:03:53.506-0800][gc,metaspace  ] GC(24) Metaspace: 51692K->51692K(1095680K)
[2021-06-24T20:03:53.506-0800][gc            ] GC(24) Pause Young (Normal) (G1 Evacuation Pause) 228M->147M(1024M) 13.009ms
[2021-06-24T20:03:53.506-0800][gc,cpu        ] GC(24) User=0.03s Sys=0.02s Real=0.01s
[2021-06-24T21:17:44.298-0800][gc,start      ] GC(25) Pause Young (Normal) (G1 Evacuation Pause)
[2021-06-24T21:17:44.299-0800][gc,task       ] GC(25) Using 8 workers of 8 for evacuation
[2021-06-24T21:17:44.307-0800][gc,phases     ] GC(25)   Pre Evacuate Collection Set: 0.0ms
[2021-06-24T21:17:44.307-0800][gc,phases     ] GC(25)   Evacuate Collection Set: 7.8ms
[2021-06-24T21:17:44.307-0800][gc,phases     ] GC(25)   Post Evacuate Collection Set: 0.3ms
[2021-06-24T21:17:44.307-0800][gc,phases     ] GC(25)   Other: 1.1ms
[2021-06-24T21:17:44.307-0800][gc,heap       ] GC(25) Eden regions: 83->0(89)
[2021-06-24T21:17:44.307-0800][gc,heap       ] GC(25) Survivor regions: 4->4(11)
[2021-06-24T21:17:44.307-0800][gc,heap       ] GC(25) Old regions: 16->16
[2021-06-24T21:17:44.307-0800][gc,heap       ] GC(25) Humongous regions: 129->129
[2021-06-24T21:17:44.307-0800][gc,metaspace  ] GC(25) Metaspace: 51698K->51698K(1095680K)
[2021-06-24T21:17:44.307-0800][gc            ] GC(25) Pause Young (Normal) (G1 Evacuation Pause) 230M->147M(1024M) 9.344ms
[2021-06-24T21:17:44.307-0800][gc,cpu        ] GC(25) User=0.02s Sys=0.02s Real=0.01s
[2021-06-24T22:36:56.379-0800][gc,start      ] GC(26) Pause Young (Normal) (G1 Evacuation Pause)
[2021-06-24T22:36:56.380-0800][gc,task       ] GC(26) Using 8 workers of 8 for evacuation
[2021-06-24T22:36:56.390-0800][gc,phases     ] GC(26)   Pre Evacuate Collection Set: 0.0ms
[2021-06-24T22:36:56.390-0800][gc,phases     ] GC(26)   Evacuate Collection Set: 9.4ms
[2021-06-24T22:36:56.390-0800][gc,phases     ] GC(26)   Post Evacuate Collection Set: 0.4ms
[2021-06-24T22:36:56.390-0800][gc,phases     ] GC(26)   Other: 1.3ms
[2021-06-24T22:36:56.390-0800][gc,heap       ] GC(26) Eden regions: 89->0(96)
[2021-06-24T22:36:56.390-0800][gc,heap       ] GC(26) Survivor regions: 4->4(12)
[2021-06-24T22:36:56.390-0800][gc,heap       ] GC(26) Old regions: 16->16
[2021-06-24T22:36:56.390-0800][gc,heap       ] GC(26) Humongous regions: 129->129
[2021-06-24T22:36:56.390-0800][gc,metaspace  ] GC(26) Metaspace: 51706K->51706K(1095680K)
[2021-06-24T22:36:56.390-0800][gc            ] GC(26) Pause Young (Normal) (G1 Evacuation Pause) 236M->147M(1024M) 11.240ms
[2021-06-24T22:36:56.390-0800][gc,cpu        ] GC(26) User=0.04s Sys=0.02s Real=0.02s
[2021-06-25T00:02:21.184-0800][gc,start      ] GC(27) Pause Young (Normal) (G1 Evacuation Pause)
[2021-06-25T00:02:21.191-0800][gc,task       ] GC(27) Using 8 workers of 8 for evacuation
[2021-06-25T00:02:21.206-0800][gc,phases     ] GC(27)   Pre Evacuate Collection Set: 2.5ms
[2021-06-25T00:02:21.206-0800][gc,phases     ] GC(27)   Evacuate Collection Set: 11.6ms
[2021-06-25T00:02:21.206-0800][gc,phases     ] GC(27)   Post Evacuate Collection Set: 0.4ms
[2021-06-25T00:02:21.206-0800][gc,phases     ] GC(27)   Other: 7.7ms
[2021-06-25T00:02:21.206-0800][gc,heap       ] GC(27) Eden regions: 96->0(99)
[2021-06-25T00:02:21.206-0800][gc,heap       ] GC(27) Survivor regions: 4->4(13)
[2021-06-25T00:02:21.206-0800][gc,heap       ] GC(27) Old regions: 16->16
[2021-06-25T00:02:21.206-0800][gc,heap       ] GC(27) Humongous regions: 129->129
[2021-06-25T00:02:21.206-0800][gc,metaspace  ] GC(27) Metaspace: 51709K->51709K(1095680K)
[2021-06-25T00:02:21.206-0800][gc            ] GC(27) Pause Young (Normal) (G1 Evacuation Pause) 243M->148M(1024M) 22.300ms
[2021-06-25T00:02:21.206-0800][gc,cpu        ] GC(27) User=0.03s Sys=0.05s Real=0.02s
