[2021-06-24 01:05:15,080] INFO Creating topic publish with configuration {} and initial partition assignment HashMap(0 -> ArrayBuffer(0)) (kafka.zk.AdminZkClient)
[2021-06-24 01:05:15,080] INFO [GroupCoordinator 0]: Dynamic Member with unknown member id joins group test-consumer-group in Empty state. Created a new member id consumer-2-e44de69b-14ec-43ef-b774-d16210af36c8 for this member and add to the group. (kafka.coordinator.group.GroupCoordinator)
[2021-06-24 01:05:15,081] INFO [GroupCoordinator 0]: Preparing to rebalance group test-consumer-group in state PreparingRebalance with old generation 0 (__consumer_offsets-31) (reason: Adding new member consumer-2-e44de69b-14ec-43ef-b774-d16210af36c8 with group instance id None) (kafka.coordinator.group.GroupCoordinator)
[2021-06-24 01:05:15,083] INFO [GroupCoordinator 0]: Stabilized group test-consumer-group generation 1 (__consumer_offsets-31) with 1 members (kafka.coordinator.group.GroupCoordinator)
[2021-06-24 01:05:15,086] INFO [GroupCoordinator 0]: Assignment received from leader for group test-consumer-group for generation 1. The group has 1 members, 0 of which are static. (kafka.coordinator.group.GroupCoordinator)
[2021-06-24 01:05:15,218] INFO [ReplicaFetcherManager on broker 0] Removed fetcher for partitions Set(publish-0) (kafka.server.ReplicaFetcherManager)
[2021-06-24 01:05:15,222] INFO [Log partition=publish-0, dir=/tmp/kafka-logs] Loading producer state till offset 0 with message format version 2 (kafka.log.Log)
[2021-06-24 01:05:15,222] INFO Created log for partition publish-0 in /tmp/kafka-logs/publish-0 with properties {compression.type -> producer, min.insync.replicas -> 1, message.downconversion.enable -> true, segment.jitter.ms -> 0, cleanup.policy -> [delete], flush.ms -> 9223372036854775807, retention.ms -> 604800000, segment.bytes -> 1073741824, flush.messages -> 9223372036854775807, message.format.version -> 2.8-IV1, max.compaction.lag.ms -> 9223372036854775807, file.delete.delay.ms -> 60000, max.message.bytes -> 1048588, min.compaction.lag.ms -> 0, message.timestamp.type -> CreateTime, preallocate -> false, index.interval.bytes -> 4096, min.cleanable.dirty.ratio -> 0.5, unclean.leader.election.enable -> false, retention.bytes -> -1, delete.retention.ms -> 86400000, segment.ms -> 604800000, message.timestamp.difference.max.ms -> 9223372036854775807, segment.index.bytes -> 10485760}. (kafka.log.LogManager)
[2021-06-24 01:05:15,241] INFO [Partition publish-0 broker=0] No checkpointed highwatermark is found for partition publish-0 (kafka.cluster.Partition)
[2021-06-24 01:05:15,241] INFO [Partition publish-0 broker=0] Log loaded for partition publish-0 with initial high watermark 0 (kafka.cluster.Partition)
[2021-06-24 01:05:15,267] INFO [GroupCoordinator 0]: Dynamic Member with unknown member id joins group test-consumer-group in Stable state. Created a new member id consumer-4-ded86a5a-3543-40bb-b7c6-80636abc5758 for this member and add to the group. (kafka.coordinator.group.GroupCoordinator)
[2021-06-24 01:05:15,268] INFO [GroupCoordinator 0]: Preparing to rebalance group test-consumer-group in state PreparingRebalance with old generation 1 (__consumer_offsets-31) (reason: Adding new member consumer-4-ded86a5a-3543-40bb-b7c6-80636abc5758 with group instance id None) (kafka.coordinator.group.GroupCoordinator)
[2021-06-24 01:05:18,130] INFO [GroupCoordinator 0]: Stabilized group test-consumer-group generation 2 (__consumer_offsets-31) with 2 members (kafka.coordinator.group.GroupCoordinator)
[2021-06-24 01:05:18,156] INFO [GroupCoordinator 0]: Assignment received from leader for group test-consumer-group for generation 2. The group has 2 members, 0 of which are static. (kafka.coordinator.group.GroupCoordinator)
[2021-06-24 01:07:56,757] INFO [GroupCoordinator 0]: Member[group.instance.id None, member.id consumer-4-ded86a5a-3543-40bb-b7c6-80636abc5758] in group test-consumer-group has left, removing it from the group (kafka.coordinator.group.GroupCoordinator)
[2021-06-24 01:07:56,758] INFO [GroupCoordinator 0]: Preparing to rebalance group test-consumer-group in state PreparingRebalance with old generation 2 (__consumer_offsets-31) (reason: removing member consumer-4-ded86a5a-3543-40bb-b7c6-80636abc5758 on LeaveGroup) (kafka.coordinator.group.GroupCoordinator)
[2021-06-24 01:07:56,760] INFO [GroupCoordinator 0]: Member[group.instance.id None, member.id consumer-2-e44de69b-14ec-43ef-b774-d16210af36c8] in group test-consumer-group has left, removing it from the group (kafka.coordinator.group.GroupCoordinator)
[2021-06-24 01:07:56,767] INFO [GroupCoordinator 0]: Group test-consumer-group with generation 3 is now empty (__consumer_offsets-31) (kafka.coordinator.group.GroupCoordinator)
[2021-06-24 01:08:07,077] INFO [GroupCoordinator 0]: Dynamic Member with unknown member id joins group test-consumer-group in Empty state. Created a new member id consumer-2-469a2161-82ff-49b7-98c1-ba26b07b0771 for this member and add to the group. (kafka.coordinator.group.GroupCoordinator)
[2021-06-24 01:08:07,078] INFO [GroupCoordinator 0]: Preparing to rebalance group test-consumer-group in state PreparingRebalance with old generation 3 (__consumer_offsets-31) (reason: Adding new member consumer-2-469a2161-82ff-49b7-98c1-ba26b07b0771 with group instance id None) (kafka.coordinator.group.GroupCoordinator)
[2021-06-24 01:08:07,080] INFO [GroupCoordinator 0]: Stabilized group test-consumer-group generation 4 (__consumer_offsets-31) with 1 members (kafka.coordinator.group.GroupCoordinator)
[2021-06-24 01:08:07,086] INFO [GroupCoordinator 0]: Assignment received from leader for group test-consumer-group for generation 4. The group has 1 members, 0 of which are static. (kafka.coordinator.group.GroupCoordinator)
[2021-06-24 01:08:07,098] INFO [GroupCoordinator 0]: Dynamic Member with unknown member id joins group test-consumer-group in Stable state. Created a new member id consumer-4-0cffe233-f38d-4d58-b6da-64557c2add38 for this member and add to the group. (kafka.coordinator.group.GroupCoordinator)
[2021-06-24 01:08:07,099] INFO [GroupCoordinator 0]: Preparing to rebalance group test-consumer-group in state PreparingRebalance with old generation 4 (__consumer_offsets-31) (reason: Adding new member consumer-4-0cffe233-f38d-4d58-b6da-64557c2add38 with group instance id None) (kafka.coordinator.group.GroupCoordinator)
[2021-06-24 01:08:10,104] INFO [GroupCoordinator 0]: Stabilized group test-consumer-group generation 5 (__consumer_offsets-31) with 2 members (kafka.coordinator.group.GroupCoordinator)
[2021-06-24 01:08:10,142] INFO [GroupCoordinator 0]: Assignment received from leader for group test-consumer-group for generation 5. The group has 2 members, 0 of which are static. (kafka.coordinator.group.GroupCoordinator)
[2021-06-24 01:17:11,141] INFO [GroupCoordinator 0]: Member[group.instance.id None, member.id consumer-4-0cffe233-f38d-4d58-b6da-64557c2add38] in group test-consumer-group has left, removing it from the group (kafka.coordinator.group.GroupCoordinator)
[2021-06-24 01:17:11,143] INFO [GroupCoordinator 0]: Preparing to rebalance group test-consumer-group in state PreparingRebalance with old generation 5 (__consumer_offsets-31) (reason: removing member consumer-4-0cffe233-f38d-4d58-b6da-64557c2add38 on LeaveGroup) (kafka.coordinator.group.GroupCoordinator)
[2021-06-24 01:17:11,143] INFO [GroupCoordinator 0]: Member[group.instance.id None, member.id consumer-2-469a2161-82ff-49b7-98c1-ba26b07b0771] in group test-consumer-group has left, removing it from the group (kafka.coordinator.group.GroupCoordinator)
[2021-06-24 01:17:11,143] INFO [GroupCoordinator 0]: Group test-consumer-group with generation 6 is now empty (__consumer_offsets-31) (kafka.coordinator.group.GroupCoordinator)
[2021-06-24 01:17:21,492] INFO [GroupCoordinator 0]: Dynamic Member with unknown member id joins group test-consumer-group in Empty state. Created a new member id consumer-2-7933e036-480f-4a8a-a9f3-d9fe25ddf9aa for this member and add to the group. (kafka.coordinator.group.GroupCoordinator)
[2021-06-24 01:17:21,493] INFO [GroupCoordinator 0]: Preparing to rebalance group test-consumer-group in state PreparingRebalance with old generation 6 (__consumer_offsets-31) (reason: Adding new member consumer-2-7933e036-480f-4a8a-a9f3-d9fe25ddf9aa with group instance id None) (kafka.coordinator.group.GroupCoordinator)
[2021-06-24 01:17:21,493] INFO [GroupCoordinator 0]: Stabilized group test-consumer-group generation 7 (__consumer_offsets-31) with 1 members (kafka.coordinator.group.GroupCoordinator)
[2021-06-24 01:17:21,496] INFO [GroupCoordinator 0]: Assignment received from leader for group test-consumer-group for generation 7. The group has 1 members, 0 of which are static. (kafka.coordinator.group.GroupCoordinator)
[2021-06-24 01:17:21,505] INFO [GroupCoordinator 0]: Dynamic Member with unknown member id joins group test-consumer-group in Stable state. Created a new member id consumer-4-aa5782af-1d36-45a0-9807-a0b34ca32ff0 for this member and add to the group. (kafka.coordinator.group.GroupCoordinator)
[2021-06-24 01:17:21,505] INFO [GroupCoordinator 0]: Preparing to rebalance group test-consumer-group in state PreparingRebalance with old generation 7 (__consumer_offsets-31) (reason: Adding new member consumer-4-aa5782af-1d36-45a0-9807-a0b34ca32ff0 with group instance id None) (kafka.coordinator.group.GroupCoordinator)
[2021-06-24 01:17:24,518] INFO [GroupCoordinator 0]: Stabilized group test-consumer-group generation 8 (__consumer_offsets-31) with 2 members (kafka.coordinator.group.GroupCoordinator)
[2021-06-24 01:17:24,549] INFO [GroupCoordinator 0]: Assignment received from leader for group test-consumer-group for generation 8. The group has 2 members, 0 of which are static. (kafka.coordinator.group.GroupCoordinator)
[2021-06-24 01:24:07,939] INFO [GroupCoordinator 0]: Member[group.instance.id None, member.id consumer-4-aa5782af-1d36-45a0-9807-a0b34ca32ff0] in group test-consumer-group has left, removing it from the group (kafka.coordinator.group.GroupCoordinator)
[2021-06-24 01:24:07,940] INFO [GroupCoordinator 0]: Preparing to rebalance group test-consumer-group in state PreparingRebalance with old generation 8 (__consumer_offsets-31) (reason: removing member consumer-4-aa5782af-1d36-45a0-9807-a0b34ca32ff0 on LeaveGroup) (kafka.coordinator.group.GroupCoordinator)
[2021-06-24 01:24:07,940] INFO [GroupCoordinator 0]: Member[group.instance.id None, member.id consumer-2-7933e036-480f-4a8a-a9f3-d9fe25ddf9aa] in group test-consumer-group has left, removing it from the group (kafka.coordinator.group.GroupCoordinator)
[2021-06-24 01:24:07,941] INFO [GroupCoordinator 0]: Group test-consumer-group with generation 9 is now empty (__consumer_offsets-31) (kafka.coordinator.group.GroupCoordinator)
[2021-06-24 01:24:20,541] INFO [GroupCoordinator 0]: Dynamic Member with unknown member id joins group test-consumer-group in Empty state. Created a new member id consumer-2-b8824556-2287-418a-9ac9-22ef204797ec for this member and add to the group. (kafka.coordinator.group.GroupCoordinator)
[2021-06-24 01:24:20,541] INFO [GroupCoordinator 0]: Preparing to rebalance group test-consumer-group in state PreparingRebalance with old generation 9 (__consumer_offsets-31) (reason: Adding new member consumer-2-b8824556-2287-418a-9ac9-22ef204797ec with group instance id None) (kafka.coordinator.group.GroupCoordinator)
[2021-06-24 01:24:20,543] INFO [GroupCoordinator 0]: Stabilized group test-consumer-group generation 10 (__consumer_offsets-31) with 1 members (kafka.coordinator.group.GroupCoordinator)
[2021-06-24 01:24:20,547] INFO [GroupCoordinator 0]: Assignment received from leader for group test-consumer-group for generation 10. The group has 1 members, 0 of which are static. (kafka.coordinator.group.GroupCoordinator)
[2021-06-24 01:24:20,563] INFO [GroupCoordinator 0]: Dynamic Member with unknown member id joins group test-consumer-group in Stable state. Created a new member id consumer-4-970992cb-7a1d-450f-ba17-a6f603ea8bda for this member and add to the group. (kafka.coordinator.group.GroupCoordinator)
[2021-06-24 01:24:20,563] INFO [GroupCoordinator 0]: Preparing to rebalance group test-consumer-group in state PreparingRebalance with old generation 10 (__consumer_offsets-31) (reason: Adding new member consumer-4-970992cb-7a1d-450f-ba17-a6f603ea8bda with group instance id None) (kafka.coordinator.group.GroupCoordinator)
[2021-06-24 01:24:23,577] INFO [GroupCoordinator 0]: Stabilized group test-consumer-group generation 11 (__consumer_offsets-31) with 2 members (kafka.coordinator.group.GroupCoordinator)
[2021-06-24 01:24:23,612] INFO [GroupCoordinator 0]: Assignment received from leader for group test-consumer-group for generation 11. The group has 2 members, 0 of which are static. (kafka.coordinator.group.GroupCoordinator)
[2021-06-24 01:27:45,989] INFO [GroupCoordinator 0]: Member[group.instance.id None, member.id consumer-4-970992cb-7a1d-450f-ba17-a6f603ea8bda] in group test-consumer-group has left, removing it from the group (kafka.coordinator.group.GroupCoordinator)
[2021-06-24 01:27:45,990] INFO [GroupCoordinator 0]: Preparing to rebalance group test-consumer-group in state PreparingRebalance with old generation 11 (__consumer_offsets-31) (reason: removing member consumer-4-970992cb-7a1d-450f-ba17-a6f603ea8bda on LeaveGroup) (kafka.coordinator.group.GroupCoordinator)
[2021-06-24 01:27:45,990] INFO [GroupCoordinator 0]: Member[group.instance.id None, member.id consumer-2-b8824556-2287-418a-9ac9-22ef204797ec] in group test-consumer-group has left, removing it from the group (kafka.coordinator.group.GroupCoordinator)
[2021-06-24 01:27:45,991] INFO [GroupCoordinator 0]: Group test-consumer-group with generation 12 is now empty (__consumer_offsets-31) (kafka.coordinator.group.GroupCoordinator)
[2021-06-24 01:27:57,879] INFO [GroupCoordinator 0]: Dynamic Member with unknown member id joins group test-consumer-group in Empty state. Created a new member id consumer-2-aa0f9a44-22bf-4747-898e-eda400fea31b for this member and add to the group. (kafka.coordinator.group.GroupCoordinator)
[2021-06-24 01:27:57,879] INFO [GroupCoordinator 0]: Preparing to rebalance group test-consumer-group in state PreparingRebalance with old generation 12 (__consumer_offsets-31) (reason: Adding new member consumer-2-aa0f9a44-22bf-4747-898e-eda400fea31b with group instance id None) (kafka.coordinator.group.GroupCoordinator)
[2021-06-24 01:27:57,880] INFO [GroupCoordinator 0]: Stabilized group test-consumer-group generation 13 (__consumer_offsets-31) with 1 members (kafka.coordinator.group.GroupCoordinator)
[2021-06-24 01:27:57,884] INFO [GroupCoordinator 0]: Assignment received from leader for group test-consumer-group for generation 13. The group has 1 members, 0 of which are static. (kafka.coordinator.group.GroupCoordinator)
[2021-06-24 01:27:57,917] INFO [GroupCoordinator 0]: Dynamic Member with unknown member id joins group test-consumer-group in Stable state. Created a new member id consumer-4-bacec060-97b7-4537-be89-7a4d42513838 for this member and add to the group. (kafka.coordinator.group.GroupCoordinator)
[2021-06-24 01:27:57,917] INFO [GroupCoordinator 0]: Preparing to rebalance group test-consumer-group in state PreparingRebalance with old generation 13 (__consumer_offsets-31) (reason: Adding new member consumer-4-bacec060-97b7-4537-be89-7a4d42513838 with group instance id None) (kafka.coordinator.group.GroupCoordinator)
[2021-06-24 01:28:00,930] INFO [GroupCoordinator 0]: Stabilized group test-consumer-group generation 14 (__consumer_offsets-31) with 2 members (kafka.coordinator.group.GroupCoordinator)
[2021-06-24 01:28:01,000] INFO [GroupCoordinator 0]: Assignment received from leader for group test-consumer-group for generation 14. The group has 2 members, 0 of which are static. (kafka.coordinator.group.GroupCoordinator)
[2021-06-24 01:31:21,129] INFO [GroupCoordinator 0]: Member[group.instance.id None, member.id consumer-4-bacec060-97b7-4537-be89-7a4d42513838] in group test-consumer-group has left, removing it from the group (kafka.coordinator.group.GroupCoordinator)
[2021-06-24 01:31:21,130] INFO [GroupCoordinator 0]: Preparing to rebalance group test-consumer-group in state PreparingRebalance with old generation 14 (__consumer_offsets-31) (reason: removing member consumer-4-bacec060-97b7-4537-be89-7a4d42513838 on LeaveGroup) (kafka.coordinator.group.GroupCoordinator)
[2021-06-24 01:31:21,130] INFO [GroupCoordinator 0]: Member[group.instance.id None, member.id consumer-2-aa0f9a44-22bf-4747-898e-eda400fea31b] in group test-consumer-group has left, removing it from the group (kafka.coordinator.group.GroupCoordinator)
[2021-06-24 01:31:21,130] INFO [GroupCoordinator 0]: Group test-consumer-group with generation 15 is now empty (__consumer_offsets-31) (kafka.coordinator.group.GroupCoordinator)
[2021-06-24 01:31:36,197] INFO [GroupCoordinator 0]: Dynamic Member with unknown member id joins group test-consumer-group in Empty state. Created a new member id consumer-2-1911b599-55c4-4f5a-b531-68d1b5340a2f for this member and add to the group. (kafka.coordinator.group.GroupCoordinator)
[2021-06-24 01:31:36,198] INFO [GroupCoordinator 0]: Preparing to rebalance group test-consumer-group in state PreparingRebalance with old generation 15 (__consumer_offsets-31) (reason: Adding new member consumer-2-1911b599-55c4-4f5a-b531-68d1b5340a2f with group instance id None) (kafka.coordinator.group.GroupCoordinator)
[2021-06-24 01:31:36,198] INFO [GroupCoordinator 0]: Stabilized group test-consumer-group generation 16 (__consumer_offsets-31) with 1 members (kafka.coordinator.group.GroupCoordinator)
[2021-06-24 01:31:36,203] INFO [GroupCoordinator 0]: Assignment received from leader for group test-consumer-group for generation 16. The group has 1 members, 0 of which are static. (kafka.coordinator.group.GroupCoordinator)
[2021-06-24 01:31:36,222] INFO [GroupCoordinator 0]: Dynamic Member with unknown member id joins group test-consumer-group in Stable state. Created a new member id consumer-4-1491fed8-6709-4cf1-8a5e-94a9fc57591b for this member and add to the group. (kafka.coordinator.group.GroupCoordinator)
[2021-06-24 01:31:36,222] INFO [GroupCoordinator 0]: Preparing to rebalance group test-consumer-group in state PreparingRebalance with old generation 16 (__consumer_offsets-31) (reason: Adding new member consumer-4-1491fed8-6709-4cf1-8a5e-94a9fc57591b with group instance id None) (kafka.coordinator.group.GroupCoordinator)
[2021-06-24 01:31:39,237] INFO [GroupCoordinator 0]: Stabilized group test-consumer-group generation 17 (__consumer_offsets-31) with 2 members (kafka.coordinator.group.GroupCoordinator)
[2021-06-24 01:31:39,268] INFO [GroupCoordinator 0]: Assignment received from leader for group test-consumer-group for generation 17. The group has 2 members, 0 of which are static. (kafka.coordinator.group.GroupCoordinator)
[2021-06-24 01:34:19,890] INFO [GroupCoordinator 0]: Member[group.instance.id None, member.id consumer-2-1911b599-55c4-4f5a-b531-68d1b5340a2f] in group test-consumer-group has left, removing it from the group (kafka.coordinator.group.GroupCoordinator)
[2021-06-24 01:34:19,891] INFO [GroupCoordinator 0]: Preparing to rebalance group test-consumer-group in state PreparingRebalance with old generation 17 (__consumer_offsets-31) (reason: removing member consumer-2-1911b599-55c4-4f5a-b531-68d1b5340a2f on LeaveGroup) (kafka.coordinator.group.GroupCoordinator)
[2021-06-24 01:34:19,891] INFO [GroupCoordinator 0]: Member[group.instance.id None, member.id consumer-4-1491fed8-6709-4cf1-8a5e-94a9fc57591b] in group test-consumer-group has left, removing it from the group (kafka.coordinator.group.GroupCoordinator)
[2021-06-24 01:34:19,891] INFO [GroupCoordinator 0]: Group test-consumer-group with generation 18 is now empty (__consumer_offsets-31) (kafka.coordinator.group.GroupCoordinator)
[2021-06-24 01:34:32,130] INFO [GroupCoordinator 0]: Dynamic Member with unknown member id joins group test-consumer-group in Empty state. Created a new member id consumer-2-61949479-ac7c-4887-b94c-34a123d64a85 for this member and add to the group. (kafka.coordinator.group.GroupCoordinator)
[2021-06-24 01:34:32,130] INFO [GroupCoordinator 0]: Preparing to rebalance group test-consumer-group in state PreparingRebalance with old generation 18 (__consumer_offsets-31) (reason: Adding new member consumer-2-61949479-ac7c-4887-b94c-34a123d64a85 with group instance id None) (kafka.coordinator.group.GroupCoordinator)
[2021-06-24 01:34:32,131] INFO [GroupCoordinator 0]: Stabilized group test-consumer-group generation 19 (__consumer_offsets-31) with 1 members (kafka.coordinator.group.GroupCoordinator)
[2021-06-24 01:34:32,135] INFO [GroupCoordinator 0]: Assignment received from leader for group test-consumer-group for generation 19. The group has 1 members, 0 of which are static. (kafka.coordinator.group.GroupCoordinator)
[2021-06-24 01:34:32,149] INFO [GroupCoordinator 0]: Dynamic Member with unknown member id joins group test-consumer-group in Stable state. Created a new member id consumer-4-4cde3a5b-1a00-491c-bc9a-9c0742afd017 for this member and add to the group. (kafka.coordinator.group.GroupCoordinator)
[2021-06-24 01:34:32,149] INFO [GroupCoordinator 0]: Preparing to rebalance group test-consumer-group in state PreparingRebalance with old generation 19 (__consumer_offsets-31) (reason: Adding new member consumer-4-4cde3a5b-1a00-491c-bc9a-9c0742afd017 with group instance id None) (kafka.coordinator.group.GroupCoordinator)
[2021-06-24 01:34:35,151] INFO [GroupCoordinator 0]: Stabilized group test-consumer-group generation 20 (__consumer_offsets-31) with 2 members (kafka.coordinator.group.GroupCoordinator)
[2021-06-24 01:34:35,193] INFO [GroupCoordinator 0]: Assignment received from leader for group test-consumer-group for generation 20. The group has 2 members, 0 of which are static. (kafka.coordinator.group.GroupCoordinator)
[2021-06-24 01:53:56,753] INFO [GroupCoordinator 0]: Member[group.instance.id None, member.id consumer-4-4cde3a5b-1a00-491c-bc9a-9c0742afd017] in group test-consumer-group has left, removing it from the group (kafka.coordinator.group.GroupCoordinator)
[2021-06-24 01:53:56,753] INFO [GroupCoordinator 0]: Preparing to rebalance group test-consumer-group in state PreparingRebalance with old generation 20 (__consumer_offsets-31) (reason: removing member consumer-4-4cde3a5b-1a00-491c-bc9a-9c0742afd017 on LeaveGroup) (kafka.coordinator.group.GroupCoordinator)
[2021-06-24 01:53:56,753] INFO [GroupCoordinator 0]: Member[group.instance.id None, member.id consumer-2-61949479-ac7c-4887-b94c-34a123d64a85] in group test-consumer-group has left, removing it from the group (kafka.coordinator.group.GroupCoordinator)
[2021-06-24 01:53:56,754] INFO [GroupCoordinator 0]: Group test-consumer-group with generation 21 is now empty (__consumer_offsets-31) (kafka.coordinator.group.GroupCoordinator)
