[2021-06-19 17:45:52,293] INFO [Controller id=0 epoch=3] Changed partition like-0 state from NonExistentPartition to NewPartition with assigned replicas 0 (state.change.logger)
[2021-06-19 17:45:52,306] INFO [Controller id=0 epoch=3] Sending UpdateMetadata request to brokers HashSet() for 0 partitions (state.change.logger)
[2021-06-19 17:45:52,321] INFO [Controller id=0 epoch=3] Sending UpdateMetadata request to brokers HashSet() for 0 partitions (state.change.logger)
[2021-06-19 17:45:52,477] INFO [Controller id=0 epoch=3] Changed partition like-0 from NewPartition to OnlinePartition with state LeaderAndIsr(leader=0, leaderEpoch=0, isr=List(0), zkVersion=0) (state.change.logger)
[2021-06-19 17:45:52,479] INFO [Controller id=0 epoch=3] Sending LeaderAndIsr request to broker 0 with 1 become-leader and 0 become-follower partitions (state.change.logger)
[2021-06-19 17:45:52,503] INFO [Controller id=0 epoch=3] Sending UpdateMetadata request to brokers HashSet(0) for 1 partitions (state.change.logger)
[2021-06-19 17:45:52,509] INFO [Controller id=0 epoch=3] Sending UpdateMetadata request to brokers HashSet() for 0 partitions (state.change.logger)
[2021-06-19 17:45:52,535] INFO [Controller id=0 epoch=3] Changed partition follow-0 state from NonExistentPartition to NewPartition with assigned replicas 0 (state.change.logger)
[2021-06-19 17:45:52,535] INFO [Controller id=0 epoch=3] Changed partition comment-0 state from NonExistentPartition to NewPartition with assigned replicas 0 (state.change.logger)
[2021-06-19 17:45:52,535] INFO [Controller id=0 epoch=3] Sending UpdateMetadata request to brokers HashSet() for 0 partitions (state.change.logger)
[2021-06-19 17:45:52,542] INFO [Controller id=0 epoch=3] Sending UpdateMetadata request to brokers HashSet() for 0 partitions (state.change.logger)
[2021-06-19 17:45:52,669] INFO [Broker id=0] Handling LeaderAndIsr request correlationId 7 from controller 0 for 1 partitions (state.change.logger)
[2021-06-19 17:45:52,779] INFO [Broker id=0] Stopped fetchers as part of LeaderAndIsr request correlationId 7 from controller 0 epoch 3 as part of the become-leader transition for 1 partitions (state.change.logger)
[2021-06-19 17:45:53,018] INFO [Controller id=0 epoch=3] Changed partition follow-0 from NewPartition to OnlinePartition with state LeaderAndIsr(leader=0, leaderEpoch=0, isr=List(0), zkVersion=0) (state.change.logger)
[2021-06-19 17:45:53,018] INFO [Controller id=0 epoch=3] Changed partition comment-0 from NewPartition to OnlinePartition with state LeaderAndIsr(leader=0, leaderEpoch=0, isr=List(0), zkVersion=0) (state.change.logger)
[2021-06-19 17:45:53,019] INFO [Controller id=0 epoch=3] Sending LeaderAndIsr request to broker 0 with 2 become-leader and 0 become-follower partitions (state.change.logger)
[2021-06-19 17:45:53,019] INFO [Controller id=0 epoch=3] Sending UpdateMetadata request to brokers HashSet(0) for 2 partitions (state.change.logger)
[2021-06-19 17:45:53,020] INFO [Controller id=0 epoch=3] Sending UpdateMetadata request to brokers HashSet() for 0 partitions (state.change.logger)
[2021-06-19 17:45:53,195] INFO [Broker id=0] Leader like-0 starts at leader epoch 0 from offset 0 with high watermark 0 ISR [0] addingReplicas [] removingReplicas []. Previous leader epoch was -1. (state.change.logger)
[2021-06-19 17:45:53,216] INFO [Broker id=0] Finished LeaderAndIsr request in 550ms correlationId 7 from controller 0 for 1 partitions (state.change.logger)
[2021-06-19 17:45:53,245] INFO [Broker id=0] Add 1 partitions and deleted 0 partitions from metadata cache in response to UpdateMetadata request sent by controller 0 epoch 3 with correlation id 8 (state.change.logger)
[2021-06-19 17:45:53,247] INFO [Broker id=0] Handling LeaderAndIsr request correlationId 9 from controller 0 for 2 partitions (state.change.logger)
[2021-06-19 17:45:53,265] INFO [Broker id=0] Stopped fetchers as part of LeaderAndIsr request correlationId 9 from controller 0 epoch 3 as part of the become-leader transition for 2 partitions (state.change.logger)
[2021-06-19 17:45:53,493] INFO [Broker id=0] Leader comment-0 starts at leader epoch 0 from offset 0 with high watermark 0 ISR [0] addingReplicas [] removingReplicas []. Previous leader epoch was -1. (state.change.logger)
[2021-06-19 17:45:53,740] INFO [Broker id=0] Leader follow-0 starts at leader epoch 0 from offset 0 with high watermark 0 ISR [0] addingReplicas [] removingReplicas []. Previous leader epoch was -1. (state.change.logger)
[2021-06-19 17:45:53,745] INFO [Broker id=0] Finished LeaderAndIsr request in 498ms correlationId 9 from controller 0 for 2 partitions (state.change.logger)
[2021-06-19 17:45:53,747] INFO [Broker id=0] Add 2 partitions and deleted 0 partitions from metadata cache in response to UpdateMetadata request sent by controller 0 epoch 3 with correlation id 10 (state.change.logger)
