2021-06-18 00:15:25,662 ERROR [http-nio-8080-exec-1] c.m.c.c.a.ExceptionAdvice [ExceptionAdvice.java:23] 服务器发生异常：null
2021-06-18 00:15:25,668 ERROR [http-nio-8080-exec-1] c.m.c.c.a.ExceptionAdvice [ExceptionAdvice.java:25] com.maomao.community.controller.LikeController.like(LikeController.java:31)
2021-06-18 00:15:25,668 ERROR [http-nio-8080-exec-1] c.m.c.c.a.ExceptionAdvice [ExceptionAdvice.java:25] java.base/jdk.internal.reflect.NativeMethodAccessorImpl.invoke0(Native Method)
2021-06-18 00:15:25,668 ERROR [http-nio-8080-exec-1] c.m.c.c.a.ExceptionAdvice [ExceptionAdvice.java:25] java.base/jdk.internal.reflect.NativeMethodAccessorImpl.invoke(NativeMethodAccessorImpl.java:62)
2021-06-18 00:15:25,668 ERROR [http-nio-8080-exec-1] c.m.c.c.a.ExceptionAdvice [ExceptionAdvice.java:25] java.base/jdk.internal.reflect.DelegatingMethodAccessorImpl.invoke(DelegatingMethodAccessorImpl.java:43)
2021-06-18 00:15:25,669 ERROR [http-nio-8080-exec-1] c.m.c.c.a.ExceptionAdvice [ExceptionAdvice.java:25] java.base/java.lang.reflect.Method.invoke(Method.java:564)
2021-06-18 00:15:25,669 ERROR [http-nio-8080-exec-1] c.m.c.c.a.ExceptionAdvice [ExceptionAdvice.java:25] org.springframework.web.method.support.InvocableHandlerMethod.doInvoke(InvocableHandlerMethod.java:197)
2021-06-18 00:15:25,669 ERROR [http-nio-8080-exec-1] c.m.c.c.a.ExceptionAdvice [ExceptionAdvice.java:25] org.springframework.web.method.support.InvocableHandlerMethod.invokeForRequest(InvocableHandlerMethod.java:141)
2021-06-18 00:15:25,669 ERROR [http-nio-8080-exec-1] c.m.c.c.a.ExceptionAdvice [ExceptionAdvice.java:25] org.springframework.web.servlet.mvc.method.annotation.ServletInvocableHandlerMethod.invokeAndHandle(ServletInvocableHandlerMethod.java:106)
2021-06-18 00:15:25,669 ERROR [http-nio-8080-exec-1] c.m.c.c.a.ExceptionAdvice [ExceptionAdvice.java:25] org.springframework.web.servlet.mvc.method.annotation.RequestMappingHandlerAdapter.invokeHandlerMethod(RequestMappingHandlerAdapter.java:894)
2021-06-18 00:15:25,670 ERROR [http-nio-8080-exec-1] c.m.c.c.a.ExceptionAdvice [ExceptionAdvice.java:25] org.springframework.web.servlet.mvc.method.annotation.RequestMappingHandlerAdapter.handleInternal(RequestMappingHandlerAdapter.java:808)
2021-06-18 00:15:25,670 ERROR [http-nio-8080-exec-1] c.m.c.c.a.ExceptionAdvice [ExceptionAdvice.java:25] org.springframework.web.servlet.mvc.method.AbstractHandlerMethodAdapter.handle(AbstractHandlerMethodAdapter.java:87)
2021-06-18 00:15:25,670 ERROR [http-nio-8080-exec-1] c.m.c.c.a.ExceptionAdvice [ExceptionAdvice.java:25] org.springframework.web.servlet.DispatcherServlet.doDispatch(DispatcherServlet.java:1060)
2021-06-18 00:15:25,670 ERROR [http-nio-8080-exec-1] c.m.c.c.a.ExceptionAdvice [ExceptionAdvice.java:25] org.springframework.web.servlet.DispatcherServlet.doService(DispatcherServlet.java:962)
2021-06-18 00:15:25,670 ERROR [http-nio-8080-exec-1] c.m.c.c.a.ExceptionAdvice [ExceptionAdvice.java:25] org.springframework.web.servlet.FrameworkServlet.processRequest(FrameworkServlet.java:1006)
2021-06-18 00:15:25,670 ERROR [http-nio-8080-exec-1] c.m.c.c.a.ExceptionAdvice [ExceptionAdvice.java:25] org.springframework.web.servlet.FrameworkServlet.doPost(FrameworkServlet.java:909)
2021-06-18 00:15:25,670 ERROR [http-nio-8080-exec-1] c.m.c.c.a.ExceptionAdvice [ExceptionAdvice.java:25] javax.servlet.http.HttpServlet.service(HttpServlet.java:652)
2021-06-18 00:15:25,670 ERROR [http-nio-8080-exec-1] c.m.c.c.a.ExceptionAdvice [ExceptionAdvice.java:25] org.springframework.web.servlet.FrameworkServlet.service(FrameworkServlet.java:883)
2021-06-18 00:15:25,670 ERROR [http-nio-8080-exec-1] c.m.c.c.a.ExceptionAdvice [ExceptionAdvice.java:25] javax.servlet.http.HttpServlet.service(HttpServlet.java:733)
2021-06-18 00:15:25,671 ERROR [http-nio-8080-exec-1] c.m.c.c.a.ExceptionAdvice [ExceptionAdvice.java:25] org.apache.catalina.core.ApplicationFilterChain.internalDoFilter(ApplicationFilterChain.java:227)
2021-06-18 00:15:25,671 ERROR [http-nio-8080-exec-1] c.m.c.c.a.ExceptionAdvice [ExceptionAdvice.java:25] org.apache.catalina.core.ApplicationFilterChain.doFilter(ApplicationFilterChain.java:162)
2021-06-18 00:15:25,671 ERROR [http-nio-8080-exec-1] c.m.c.c.a.ExceptionAdvice [ExceptionAdvice.java:25] org.apache.tomcat.websocket.server.WsFilter.doFilter(WsFilter.java:53)
2021-06-18 00:15:25,671 ERROR [http-nio-8080-exec-1] c.m.c.c.a.ExceptionAdvice [ExceptionAdvice.java:25] org.apache.catalina.core.ApplicationFilterChain.internalDoFilter(ApplicationFilterChain.java:189)
2021-06-18 00:15:25,671 ERROR [http-nio-8080-exec-1] c.m.c.c.a.ExceptionAdvice [ExceptionAdvice.java:25] org.apache.catalina.core.ApplicationFilterChain.doFilter(ApplicationFilterChain.java:162)
2021-06-18 00:15:25,671 ERROR [http-nio-8080-exec-1] c.m.c.c.a.ExceptionAdvice [ExceptionAdvice.java:25] org.springframework.web.filter.RequestContextFilter.doFilterInternal(RequestContextFilter.java:100)
2021-06-18 00:15:25,672 ERROR [http-nio-8080-exec-1] c.m.c.c.a.ExceptionAdvice [ExceptionAdvice.java:25] org.springframework.web.filter.OncePerRequestFilter.doFilter(OncePerRequestFilter.java:119)
2021-06-18 00:15:25,672 ERROR [http-nio-8080-exec-1] c.m.c.c.a.ExceptionAdvice [ExceptionAdvice.java:25] org.apache.catalina.core.ApplicationFilterChain.internalDoFilter(ApplicationFilterChain.java:189)
2021-06-18 00:15:25,672 ERROR [http-nio-8080-exec-1] c.m.c.c.a.ExceptionAdvice [ExceptionAdvice.java:25] org.apache.catalina.core.ApplicationFilterChain.doFilter(ApplicationFilterChain.java:162)
2021-06-18 00:15:25,672 ERROR [http-nio-8080-exec-1] c.m.c.c.a.ExceptionAdvice [ExceptionAdvice.java:25] org.springframework.web.filter.FormContentFilter.doFilterInternal(FormContentFilter.java:93)
2021-06-18 00:15:25,672 ERROR [http-nio-8080-exec-1] c.m.c.c.a.ExceptionAdvice [ExceptionAdvice.java:25] org.springframework.web.filter.OncePerRequestFilter.doFilter(OncePerRequestFilter.java:119)
2021-06-18 00:15:25,673 ERROR [http-nio-8080-exec-1] c.m.c.c.a.ExceptionAdvice [ExceptionAdvice.java:25] org.apache.catalina.core.ApplicationFilterChain.internalDoFilter(ApplicationFilterChain.java:189)
2021-06-18 00:15:25,673 ERROR [http-nio-8080-exec-1] c.m.c.c.a.ExceptionAdvice [ExceptionAdvice.java:25] org.apache.catalina.core.ApplicationFilterChain.doFilter(ApplicationFilterChain.java:162)
2021-06-18 00:15:25,673 ERROR [http-nio-8080-exec-1] c.m.c.c.a.ExceptionAdvice [ExceptionAdvice.java:25] org.springframework.web.filter.CharacterEncodingFilter.doFilterInternal(CharacterEncodingFilter.java:201)
2021-06-18 00:15:25,673 ERROR [http-nio-8080-exec-1] c.m.c.c.a.ExceptionAdvice [ExceptionAdvice.java:25] org.springframework.web.filter.OncePerRequestFilter.doFilter(OncePerRequestFilter.java:119)
2021-06-18 00:15:25,673 ERROR [http-nio-8080-exec-1] c.m.c.c.a.ExceptionAdvice [ExceptionAdvice.java:25] org.apache.catalina.core.ApplicationFilterChain.internalDoFilter(ApplicationFilterChain.java:189)
2021-06-18 00:15:25,673 ERROR [http-nio-8080-exec-1] c.m.c.c.a.ExceptionAdvice [ExceptionAdvice.java:25] org.apache.catalina.core.ApplicationFilterChain.doFilter(ApplicationFilterChain.java:162)
2021-06-18 00:15:25,673 ERROR [http-nio-8080-exec-1] c.m.c.c.a.ExceptionAdvice [ExceptionAdvice.java:25] org.apache.catalina.core.StandardWrapperValve.invoke(StandardWrapperValve.java:202)
2021-06-18 00:15:25,674 ERROR [http-nio-8080-exec-1] c.m.c.c.a.ExceptionAdvice [ExceptionAdvice.java:25] org.apache.catalina.core.StandardContextValve.invoke(StandardContextValve.java:97)
2021-06-18 00:15:25,674 ERROR [http-nio-8080-exec-1] c.m.c.c.a.ExceptionAdvice [ExceptionAdvice.java:25] org.apache.catalina.authenticator.AuthenticatorBase.invoke(AuthenticatorBase.java:542)
2021-06-18 00:15:25,674 ERROR [http-nio-8080-exec-1] c.m.c.c.a.ExceptionAdvice [ExceptionAdvice.java:25] org.apache.catalina.core.StandardHostValve.invoke(StandardHostValve.java:143)
2021-06-18 00:15:25,674 ERROR [http-nio-8080-exec-1] c.m.c.c.a.ExceptionAdvice [ExceptionAdvice.java:25] org.apache.catalina.valves.ErrorReportValve.invoke(ErrorReportValve.java:92)
2021-06-18 00:15:25,674 ERROR [http-nio-8080-exec-1] c.m.c.c.a.ExceptionAdvice [ExceptionAdvice.java:25] org.apache.catalina.core.StandardEngineValve.invoke(StandardEngineValve.java:78)
2021-06-18 00:15:25,674 ERROR [http-nio-8080-exec-1] c.m.c.c.a.ExceptionAdvice [ExceptionAdvice.java:25] org.apache.catalina.connector.CoyoteAdapter.service(CoyoteAdapter.java:346)
2021-06-18 00:15:25,674 ERROR [http-nio-8080-exec-1] c.m.c.c.a.ExceptionAdvice [ExceptionAdvice.java:25] org.apache.coyote.http11.Http11Processor.service(Http11Processor.java:374)
2021-06-18 00:15:25,674 ERROR [http-nio-8080-exec-1] c.m.c.c.a.ExceptionAdvice [ExceptionAdvice.java:25] org.apache.coyote.AbstractProcessorLight.process(AbstractProcessorLight.java:65)
2021-06-18 00:15:25,674 ERROR [http-nio-8080-exec-1] c.m.c.c.a.ExceptionAdvice [ExceptionAdvice.java:25] org.apache.coyote.AbstractProtocol$ConnectionHandler.process(AbstractProtocol.java:887)
2021-06-18 00:15:25,675 ERROR [http-nio-8080-exec-1] c.m.c.c.a.ExceptionAdvice [ExceptionAdvice.java:25] org.apache.tomcat.util.net.NioEndpoint$SocketProcessor.doRun(NioEndpoint.java:1684)
2021-06-18 00:15:25,675 ERROR [http-nio-8080-exec-1] c.m.c.c.a.ExceptionAdvice [ExceptionAdvice.java:25] org.apache.tomcat.util.net.SocketProcessorBase.run(SocketProcessorBase.java:49)
2021-06-18 00:15:25,675 ERROR [http-nio-8080-exec-1] c.m.c.c.a.ExceptionAdvice [ExceptionAdvice.java:25] java.base/java.util.concurrent.ThreadPoolExecutor.runWorker(ThreadPoolExecutor.java:1130)
2021-06-18 00:15:25,675 ERROR [http-nio-8080-exec-1] c.m.c.c.a.ExceptionAdvice [ExceptionAdvice.java:25] java.base/java.util.concurrent.ThreadPoolExecutor$Worker.run(ThreadPoolExecutor.java:630)
2021-06-18 00:15:25,675 ERROR [http-nio-8080-exec-1] c.m.c.c.a.ExceptionAdvice [ExceptionAdvice.java:25] org.apache.tomcat.util.threads.TaskThread$WrappingRunnable.run(TaskThread.java:61)
2021-06-18 00:15:25,675 ERROR [http-nio-8080-exec-1] c.m.c.c.a.ExceptionAdvice [ExceptionAdvice.java:25] java.base/java.lang.Thread.run(Thread.java:832)
2021-06-18 01:10:40,565 ERROR [http-nio-8080-exec-6] c.m.c.c.a.ExceptionAdvice [ExceptionAdvice.java:23] 服务器发生异常：Failed to convert value of type 'java.lang.String' to required type 'int'; nested exception is java.lang.NumberFormatException: For input string: "profile.html"
2021-06-18 01:10:40,566 ERROR [http-nio-8080-exec-6] c.m.c.c.a.ExceptionAdvice [ExceptionAdvice.java:25] org.springframework.web.method.annotation.AbstractNamedValueMethodArgumentResolver.resolveArgument(AbstractNamedValueMethodArgumentResolver.java:133)
2021-06-18 01:10:40,566 ERROR [http-nio-8080-exec-6] c.m.c.c.a.ExceptionAdvice [ExceptionAdvice.java:25] org.springframework.web.method.support.HandlerMethodArgumentResolverComposite.resolveArgument(HandlerMethodArgumentResolverComposite.java:121)
2021-06-18 01:10:40,567 ERROR [http-nio-8080-exec-6] c.m.c.c.a.ExceptionAdvice [ExceptionAdvice.java:25] org.springframework.web.method.support.InvocableHandlerMethod.getMethodArgumentValues(InvocableHandlerMethod.java:170)
2021-06-18 01:10:40,567 ERROR [http-nio-8080-exec-6] c.m.c.c.a.ExceptionAdvice [ExceptionAdvice.java:25] org.springframework.web.method.support.InvocableHandlerMethod.invokeForRequest(InvocableHandlerMethod.java:137)
2021-06-18 01:10:40,567 ERROR [http-nio-8080-exec-6] c.m.c.c.a.ExceptionAdvice [ExceptionAdvice.java:25] org.springframework.web.servlet.mvc.method.annotation.ServletInvocableHandlerMethod.invokeAndHandle(ServletInvocableHandlerMethod.java:106)
2021-06-18 01:10:40,567 ERROR [http-nio-8080-exec-6] c.m.c.c.a.ExceptionAdvice [ExceptionAdvice.java:25] org.springframework.web.servlet.mvc.method.annotation.RequestMappingHandlerAdapter.invokeHandlerMethod(RequestMappingHandlerAdapter.java:894)
2021-06-18 01:10:40,567 ERROR [http-nio-8080-exec-6] c.m.c.c.a.ExceptionAdvice [ExceptionAdvice.java:25] org.springframework.web.servlet.mvc.method.annotation.RequestMappingHandlerAdapter.handleInternal(RequestMappingHandlerAdapter.java:808)
2021-06-18 01:10:40,567 ERROR [http-nio-8080-exec-6] c.m.c.c.a.ExceptionAdvice [ExceptionAdvice.java:25] org.springframework.web.servlet.mvc.method.AbstractHandlerMethodAdapter.handle(AbstractHandlerMethodAdapter.java:87)
2021-06-18 01:10:40,567 ERROR [http-nio-8080-exec-6] c.m.c.c.a.ExceptionAdvice [ExceptionAdvice.java:25] org.springframework.web.servlet.DispatcherServlet.doDispatch(DispatcherServlet.java:1060)
2021-06-18 01:10:40,567 ERROR [http-nio-8080-exec-6] c.m.c.c.a.ExceptionAdvice [ExceptionAdvice.java:25] org.springframework.web.servlet.DispatcherServlet.doService(DispatcherServlet.java:962)
2021-06-18 01:10:40,568 ERROR [http-nio-8080-exec-6] c.m.c.c.a.ExceptionAdvice [ExceptionAdvice.java:25] org.springframework.web.servlet.FrameworkServlet.processRequest(FrameworkServlet.java:1006)
2021-06-18 01:10:40,568 ERROR [http-nio-8080-exec-6] c.m.c.c.a.ExceptionAdvice [ExceptionAdvice.java:25] org.springframework.web.servlet.FrameworkServlet.doGet(FrameworkServlet.java:898)
2021-06-18 01:10:40,568 ERROR [http-nio-8080-exec-6] c.m.c.c.a.ExceptionAdvice [ExceptionAdvice.java:25] javax.servlet.http.HttpServlet.service(HttpServlet.java:626)
2021-06-18 01:10:40,568 ERROR [http-nio-8080-exec-6] c.m.c.c.a.ExceptionAdvice [ExceptionAdvice.java:25] org.springframework.web.servlet.FrameworkServlet.service(FrameworkServlet.java:883)
2021-06-18 01:10:40,568 ERROR [http-nio-8080-exec-6] c.m.c.c.a.ExceptionAdvice [ExceptionAdvice.java:25] javax.servlet.http.HttpServlet.service(HttpServlet.java:733)
2021-06-18 01:10:40,568 ERROR [http-nio-8080-exec-6] c.m.c.c.a.ExceptionAdvice [ExceptionAdvice.java:25] org.apache.catalina.core.ApplicationFilterChain.internalDoFilter(ApplicationFilterChain.java:227)
2021-06-18 01:10:40,568 ERROR [http-nio-8080-exec-6] c.m.c.c.a.ExceptionAdvice [ExceptionAdvice.java:25] org.apache.catalina.core.ApplicationFilterChain.doFilter(ApplicationFilterChain.java:162)
2021-06-18 01:10:40,568 ERROR [http-nio-8080-exec-6] c.m.c.c.a.ExceptionAdvice [ExceptionAdvice.java:25] org.apache.tomcat.websocket.server.WsFilter.doFilter(WsFilter.java:53)
2021-06-18 01:10:40,568 ERROR [http-nio-8080-exec-6] c.m.c.c.a.ExceptionAdvice [ExceptionAdvice.java:25] org.apache.catalina.core.ApplicationFilterChain.internalDoFilter(ApplicationFilterChain.java:189)
2021-06-18 01:10:40,569 ERROR [http-nio-8080-exec-6] c.m.c.c.a.ExceptionAdvice [ExceptionAdvice.java:25] org.apache.catalina.core.ApplicationFilterChain.doFilter(ApplicationFilterChain.java:162)
2021-06-18 01:10:40,569 ERROR [http-nio-8080-exec-6] c.m.c.c.a.ExceptionAdvice [ExceptionAdvice.java:25] org.springframework.web.filter.RequestContextFilter.doFilterInternal(RequestContextFilter.java:100)
2021-06-18 01:10:40,569 ERROR [http-nio-8080-exec-6] c.m.c.c.a.ExceptionAdvice [ExceptionAdvice.java:25] org.springframework.web.filter.OncePerRequestFilter.doFilter(OncePerRequestFilter.java:119)
2021-06-18 01:10:40,569 ERROR [http-nio-8080-exec-6] c.m.c.c.a.ExceptionAdvice [ExceptionAdvice.java:25] org.apache.catalina.core.ApplicationFilterChain.internalDoFilter(ApplicationFilterChain.java:189)
2021-06-18 01:10:40,569 ERROR [http-nio-8080-exec-6] c.m.c.c.a.ExceptionAdvice [ExceptionAdvice.java:25] org.apache.catalina.core.ApplicationFilterChain.doFilter(ApplicationFilterChain.java:162)
2021-06-18 01:10:40,569 ERROR [http-nio-8080-exec-6] c.m.c.c.a.ExceptionAdvice [ExceptionAdvice.java:25] org.springframework.web.filter.FormContentFilter.doFilterInternal(FormContentFilter.java:93)
2021-06-18 01:10:40,569 ERROR [http-nio-8080-exec-6] c.m.c.c.a.ExceptionAdvice [ExceptionAdvice.java:25] org.springframework.web.filter.OncePerRequestFilter.doFilter(OncePerRequestFilter.java:119)
2021-06-18 01:10:40,569 ERROR [http-nio-8080-exec-6] c.m.c.c.a.ExceptionAdvice [ExceptionAdvice.java:25] org.apache.catalina.core.ApplicationFilterChain.internalDoFilter(ApplicationFilterChain.java:189)
2021-06-18 01:10:40,569 ERROR [http-nio-8080-exec-6] c.m.c.c.a.ExceptionAdvice [ExceptionAdvice.java:25] org.apache.catalina.core.ApplicationFilterChain.doFilter(ApplicationFilterChain.java:162)
2021-06-18 01:10:40,569 ERROR [http-nio-8080-exec-6] c.m.c.c.a.ExceptionAdvice [ExceptionAdvice.java:25] org.springframework.web.filter.CharacterEncodingFilter.doFilterInternal(CharacterEncodingFilter.java:201)
2021-06-18 01:10:40,570 ERROR [http-nio-8080-exec-6] c.m.c.c.a.ExceptionAdvice [ExceptionAdvice.java:25] org.springframework.web.filter.OncePerRequestFilter.doFilter(OncePerRequestFilter.java:119)
2021-06-18 01:10:40,570 ERROR [http-nio-8080-exec-6] c.m.c.c.a.ExceptionAdvice [ExceptionAdvice.java:25] org.apache.catalina.core.ApplicationFilterChain.internalDoFilter(ApplicationFilterChain.java:189)
2021-06-18 01:10:40,570 ERROR [http-nio-8080-exec-6] c.m.c.c.a.ExceptionAdvice [ExceptionAdvice.java:25] org.apache.catalina.core.ApplicationFilterChain.doFilter(ApplicationFilterChain.java:162)
2021-06-18 01:10:40,570 ERROR [http-nio-8080-exec-6] c.m.c.c.a.ExceptionAdvice [ExceptionAdvice.java:25] org.apache.catalina.core.StandardWrapperValve.invoke(StandardWrapperValve.java:202)
2021-06-18 01:10:40,570 ERROR [http-nio-8080-exec-6] c.m.c.c.a.ExceptionAdvice [ExceptionAdvice.java:25] org.apache.catalina.core.StandardContextValve.invoke(StandardContextValve.java:97)
2021-06-18 01:10:40,570 ERROR [http-nio-8080-exec-6] c.m.c.c.a.ExceptionAdvice [ExceptionAdvice.java:25] org.apache.catalina.authenticator.AuthenticatorBase.invoke(AuthenticatorBase.java:542)
2021-06-18 01:10:40,570 ERROR [http-nio-8080-exec-6] c.m.c.c.a.ExceptionAdvice [ExceptionAdvice.java:25] org.apache.catalina.core.StandardHostValve.invoke(StandardHostValve.java:143)
2021-06-18 01:10:40,570 ERROR [http-nio-8080-exec-6] c.m.c.c.a.ExceptionAdvice [ExceptionAdvice.java:25] org.apache.catalina.valves.ErrorReportValve.invoke(ErrorReportValve.java:92)
2021-06-18 01:10:40,570 ERROR [http-nio-8080-exec-6] c.m.c.c.a.ExceptionAdvice [ExceptionAdvice.java:25] org.apache.catalina.core.StandardEngineValve.invoke(StandardEngineValve.java:78)
2021-06-18 01:10:40,571 ERROR [http-nio-8080-exec-6] c.m.c.c.a.ExceptionAdvice [ExceptionAdvice.java:25] org.apache.catalina.connector.CoyoteAdapter.service(CoyoteAdapter.java:346)
2021-06-18 01:10:40,571 ERROR [http-nio-8080-exec-6] c.m.c.c.a.ExceptionAdvice [ExceptionAdvice.java:25] org.apache.coyote.http11.Http11Processor.service(Http11Processor.java:374)
2021-06-18 01:10:40,571 ERROR [http-nio-8080-exec-6] c.m.c.c.a.ExceptionAdvice [ExceptionAdvice.java:25] org.apache.coyote.AbstractProcessorLight.process(AbstractProcessorLight.java:65)
2021-06-18 01:10:40,571 ERROR [http-nio-8080-exec-6] c.m.c.c.a.ExceptionAdvice [ExceptionAdvice.java:25] org.apache.coyote.AbstractProtocol$ConnectionHandler.process(AbstractProtocol.java:887)
2021-06-18 01:10:40,572 ERROR [http-nio-8080-exec-6] c.m.c.c.a.ExceptionAdvice [ExceptionAdvice.java:25] org.apache.tomcat.util.net.NioEndpoint$SocketProcessor.doRun(NioEndpoint.java:1684)
2021-06-18 01:10:40,572 ERROR [http-nio-8080-exec-6] c.m.c.c.a.ExceptionAdvice [ExceptionAdvice.java:25] org.apache.tomcat.util.net.SocketProcessorBase.run(SocketProcessorBase.java:49)
2021-06-18 01:10:40,572 ERROR [http-nio-8080-exec-6] c.m.c.c.a.ExceptionAdvice [ExceptionAdvice.java:25] java.base/java.util.concurrent.ThreadPoolExecutor.runWorker(ThreadPoolExecutor.java:1130)
2021-06-18 01:10:40,572 ERROR [http-nio-8080-exec-6] c.m.c.c.a.ExceptionAdvice [ExceptionAdvice.java:25] java.base/java.util.concurrent.ThreadPoolExecutor$Worker.run(ThreadPoolExecutor.java:630)
2021-06-18 01:10:40,572 ERROR [http-nio-8080-exec-6] c.m.c.c.a.ExceptionAdvice [ExceptionAdvice.java:25] org.apache.tomcat.util.threads.TaskThread$WrappingRunnable.run(TaskThread.java:61)
2021-06-18 01:10:40,572 ERROR [http-nio-8080-exec-6] c.m.c.c.a.ExceptionAdvice [ExceptionAdvice.java:25] java.base/java.lang.Thread.run(Thread.java:832)
2021-06-18 15:53:42,271 ERROR [http-nio-8080-exec-1] c.m.c.c.a.ExceptionAdvice [ExceptionAdvice.java:23] 服务器发生异常：Failed to convert value of type 'java.lang.String' to required type 'int'; nested exception is java.lang.NumberFormatException: For input string: "follower.html"
2021-06-18 15:53:42,275 ERROR [http-nio-8080-exec-1] c.m.c.c.a.ExceptionAdvice [ExceptionAdvice.java:25] org.springframework.web.method.annotation.AbstractNamedValueMethodArgumentResolver.resolveArgument(AbstractNamedValueMethodArgumentResolver.java:133)
2021-06-18 15:53:42,275 ERROR [http-nio-8080-exec-1] c.m.c.c.a.ExceptionAdvice [ExceptionAdvice.java:25] org.springframework.web.method.support.HandlerMethodArgumentResolverComposite.resolveArgument(HandlerMethodArgumentResolverComposite.java:121)
2021-06-18 15:53:42,275 ERROR [http-nio-8080-exec-1] c.m.c.c.a.ExceptionAdvice [ExceptionAdvice.java:25] org.springframework.web.method.support.InvocableHandlerMethod.getMethodArgumentValues(InvocableHandlerMethod.java:170)
2021-06-18 15:53:42,275 ERROR [http-nio-8080-exec-1] c.m.c.c.a.ExceptionAdvice [ExceptionAdvice.java:25] org.springframework.web.method.support.InvocableHandlerMethod.invokeForRequest(InvocableHandlerMethod.java:137)
2021-06-18 15:53:42,276 ERROR [http-nio-8080-exec-1] c.m.c.c.a.ExceptionAdvice [ExceptionAdvice.java:25] org.springframework.web.servlet.mvc.method.annotation.ServletInvocableHandlerMethod.invokeAndHandle(ServletInvocableHandlerMethod.java:106)
2021-06-18 15:53:42,277 ERROR [http-nio-8080-exec-1] c.m.c.c.a.ExceptionAdvice [ExceptionAdvice.java:25] org.springframework.web.servlet.mvc.method.annotation.RequestMappingHandlerAdapter.invokeHandlerMethod(RequestMappingHandlerAdapter.java:894)
2021-06-18 15:53:42,277 ERROR [http-nio-8080-exec-1] c.m.c.c.a.ExceptionAdvice [ExceptionAdvice.java:25] org.springframework.web.servlet.mvc.method.annotation.RequestMappingHandlerAdapter.handleInternal(RequestMappingHandlerAdapter.java:808)
2021-06-18 15:53:42,277 ERROR [http-nio-8080-exec-1] c.m.c.c.a.ExceptionAdvice [ExceptionAdvice.java:25] org.springframework.web.servlet.mvc.method.AbstractHandlerMethodAdapter.handle(AbstractHandlerMethodAdapter.java:87)
2021-06-18 15:53:42,278 ERROR [http-nio-8080-exec-1] c.m.c.c.a.ExceptionAdvice [ExceptionAdvice.java:25] org.springframework.web.servlet.DispatcherServlet.doDispatch(DispatcherServlet.java:1060)
2021-06-18 15:53:42,278 ERROR [http-nio-8080-exec-1] c.m.c.c.a.ExceptionAdvice [ExceptionAdvice.java:25] org.springframework.web.servlet.DispatcherServlet.doService(DispatcherServlet.java:962)
2021-06-18 15:53:42,278 ERROR [http-nio-8080-exec-1] c.m.c.c.a.ExceptionAdvice [ExceptionAdvice.java:25] org.springframework.web.servlet.FrameworkServlet.processRequest(FrameworkServlet.java:1006)
2021-06-18 15:53:42,278 ERROR [http-nio-8080-exec-1] c.m.c.c.a.ExceptionAdvice [ExceptionAdvice.java:25] org.springframework.web.servlet.FrameworkServlet.doGet(FrameworkServlet.java:898)
2021-06-18 15:53:42,279 ERROR [http-nio-8080-exec-1] c.m.c.c.a.ExceptionAdvice [ExceptionAdvice.java:25] javax.servlet.http.HttpServlet.service(HttpServlet.java:626)
2021-06-18 15:53:42,279 ERROR [http-nio-8080-exec-1] c.m.c.c.a.ExceptionAdvice [ExceptionAdvice.java:25] org.springframework.web.servlet.FrameworkServlet.service(FrameworkServlet.java:883)
2021-06-18 15:53:42,279 ERROR [http-nio-8080-exec-1] c.m.c.c.a.ExceptionAdvice [ExceptionAdvice.java:25] javax.servlet.http.HttpServlet.service(HttpServlet.java:733)
2021-06-18 15:53:42,279 ERROR [http-nio-8080-exec-1] c.m.c.c.a.ExceptionAdvice [ExceptionAdvice.java:25] org.apache.catalina.core.ApplicationFilterChain.internalDoFilter(ApplicationFilterChain.java:227)
2021-06-18 15:53:42,280 ERROR [http-nio-8080-exec-1] c.m.c.c.a.ExceptionAdvice [ExceptionAdvice.java:25] org.apache.catalina.core.ApplicationFilterChain.doFilter(ApplicationFilterChain.java:162)
2021-06-18 15:53:42,281 ERROR [http-nio-8080-exec-1] c.m.c.c.a.ExceptionAdvice [ExceptionAdvice.java:25] org.apache.tomcat.websocket.server.WsFilter.doFilter(WsFilter.java:53)
2021-06-18 15:53:42,281 ERROR [http-nio-8080-exec-1] c.m.c.c.a.ExceptionAdvice [ExceptionAdvice.java:25] org.apache.catalina.core.ApplicationFilterChain.internalDoFilter(ApplicationFilterChain.java:189)
2021-06-18 15:53:42,281 ERROR [http-nio-8080-exec-1] c.m.c.c.a.ExceptionAdvice [ExceptionAdvice.java:25] org.apache.catalina.core.ApplicationFilterChain.doFilter(ApplicationFilterChain.java:162)
2021-06-18 15:53:42,282 ERROR [http-nio-8080-exec-1] c.m.c.c.a.ExceptionAdvice [ExceptionAdvice.java:25] org.springframework.web.filter.RequestContextFilter.doFilterInternal(RequestContextFilter.java:100)
2021-06-18 15:53:42,282 ERROR [http-nio-8080-exec-1] c.m.c.c.a.ExceptionAdvice [ExceptionAdvice.java:25] org.springframework.web.filter.OncePerRequestFilter.doFilter(OncePerRequestFilter.java:119)
2021-06-18 15:53:42,283 ERROR [http-nio-8080-exec-1] c.m.c.c.a.ExceptionAdvice [ExceptionAdvice.java:25] org.apache.catalina.core.ApplicationFilterChain.internalDoFilter(ApplicationFilterChain.java:189)
2021-06-18 15:53:42,283 ERROR [http-nio-8080-exec-1] c.m.c.c.a.ExceptionAdvice [ExceptionAdvice.java:25] org.apache.catalina.core.ApplicationFilterChain.doFilter(ApplicationFilterChain.java:162)
2021-06-18 15:53:42,283 ERROR [http-nio-8080-exec-1] c.m.c.c.a.ExceptionAdvice [ExceptionAdvice.java:25] org.springframework.web.filter.FormContentFilter.doFilterInternal(FormContentFilter.java:93)
2021-06-18 15:53:42,284 ERROR [http-nio-8080-exec-1] c.m.c.c.a.ExceptionAdvice [ExceptionAdvice.java:25] org.springframework.web.filter.OncePerRequestFilter.doFilter(OncePerRequestFilter.java:119)
2021-06-18 15:53:42,285 ERROR [http-nio-8080-exec-1] c.m.c.c.a.ExceptionAdvice [ExceptionAdvice.java:25] org.apache.catalina.core.ApplicationFilterChain.internalDoFilter(ApplicationFilterChain.java:189)
2021-06-18 15:53:42,285 ERROR [http-nio-8080-exec-1] c.m.c.c.a.ExceptionAdvice [ExceptionAdvice.java:25] org.apache.catalina.core.ApplicationFilterChain.doFilter(ApplicationFilterChain.java:162)
2021-06-18 15:53:42,285 ERROR [http-nio-8080-exec-1] c.m.c.c.a.ExceptionAdvice [ExceptionAdvice.java:25] org.springframework.web.filter.CharacterEncodingFilter.doFilterInternal(CharacterEncodingFilter.java:201)
2021-06-18 15:53:42,285 ERROR [http-nio-8080-exec-1] c.m.c.c.a.ExceptionAdvice [ExceptionAdvice.java:25] org.springframework.web.filter.OncePerRequestFilter.doFilter(OncePerRequestFilter.java:119)
2021-06-18 15:53:42,286 ERROR [http-nio-8080-exec-1] c.m.c.c.a.ExceptionAdvice [ExceptionAdvice.java:25] org.apache.catalina.core.ApplicationFilterChain.internalDoFilter(ApplicationFilterChain.java:189)
2021-06-18 15:53:42,286 ERROR [http-nio-8080-exec-1] c.m.c.c.a.ExceptionAdvice [ExceptionAdvice.java:25] org.apache.catalina.core.ApplicationFilterChain.doFilter(ApplicationFilterChain.java:162)
2021-06-18 15:53:42,286 ERROR [http-nio-8080-exec-1] c.m.c.c.a.ExceptionAdvice [ExceptionAdvice.java:25] org.apache.catalina.core.StandardWrapperValve.invoke(StandardWrapperValve.java:202)
2021-06-18 15:53:42,287 ERROR [http-nio-8080-exec-1] c.m.c.c.a.ExceptionAdvice [ExceptionAdvice.java:25] org.apache.catalina.core.StandardContextValve.invoke(StandardContextValve.java:97)
2021-06-18 15:53:42,287 ERROR [http-nio-8080-exec-1] c.m.c.c.a.ExceptionAdvice [ExceptionAdvice.java:25] org.apache.catalina.authenticator.AuthenticatorBase.invoke(AuthenticatorBase.java:542)
2021-06-18 15:53:42,287 ERROR [http-nio-8080-exec-1] c.m.c.c.a.ExceptionAdvice [ExceptionAdvice.java:25] org.apache.catalina.core.StandardHostValve.invoke(StandardHostValve.java:143)
2021-06-18 15:53:42,287 ERROR [http-nio-8080-exec-1] c.m.c.c.a.ExceptionAdvice [ExceptionAdvice.java:25] org.apache.catalina.valves.ErrorReportValve.invoke(ErrorReportValve.java:92)
2021-06-18 15:53:42,287 ERROR [http-nio-8080-exec-1] c.m.c.c.a.ExceptionAdvice [ExceptionAdvice.java:25] org.apache.catalina.core.StandardEngineValve.invoke(StandardEngineValve.java:78)
2021-06-18 15:53:42,287 ERROR [http-nio-8080-exec-1] c.m.c.c.a.ExceptionAdvice [ExceptionAdvice.java:25] org.apache.catalina.connector.CoyoteAdapter.service(CoyoteAdapter.java:346)
2021-06-18 15:53:42,288 ERROR [http-nio-8080-exec-1] c.m.c.c.a.ExceptionAdvice [ExceptionAdvice.java:25] org.apache.coyote.http11.Http11Processor.service(Http11Processor.java:374)
2021-06-18 15:53:42,288 ERROR [http-nio-8080-exec-1] c.m.c.c.a.ExceptionAdvice [ExceptionAdvice.java:25] org.apache.coyote.AbstractProcessorLight.process(AbstractProcessorLight.java:65)
2021-06-18 15:53:42,288 ERROR [http-nio-8080-exec-1] c.m.c.c.a.ExceptionAdvice [ExceptionAdvice.java:25] org.apache.coyote.AbstractProtocol$ConnectionHandler.process(AbstractProtocol.java:887)
2021-06-18 15:53:42,289 ERROR [http-nio-8080-exec-1] c.m.c.c.a.ExceptionAdvice [ExceptionAdvice.java:25] org.apache.tomcat.util.net.NioEndpoint$SocketProcessor.doRun(NioEndpoint.java:1684)
2021-06-18 15:53:42,289 ERROR [http-nio-8080-exec-1] c.m.c.c.a.ExceptionAdvice [ExceptionAdvice.java:25] org.apache.tomcat.util.net.SocketProcessorBase.run(SocketProcessorBase.java:49)
2021-06-18 15:53:42,289 ERROR [http-nio-8080-exec-1] c.m.c.c.a.ExceptionAdvice [ExceptionAdvice.java:25] java.base/java.util.concurrent.ThreadPoolExecutor.runWorker(ThreadPoolExecutor.java:1130)
2021-06-18 15:53:42,289 ERROR [http-nio-8080-exec-1] c.m.c.c.a.ExceptionAdvice [ExceptionAdvice.java:25] java.base/java.util.concurrent.ThreadPoolExecutor$Worker.run(ThreadPoolExecutor.java:630)
2021-06-18 15:53:42,290 ERROR [http-nio-8080-exec-1] c.m.c.c.a.ExceptionAdvice [ExceptionAdvice.java:25] org.apache.tomcat.util.threads.TaskThread$WrappingRunnable.run(TaskThread.java:61)
2021-06-18 15:53:42,290 ERROR [http-nio-8080-exec-1] c.m.c.c.a.ExceptionAdvice [ExceptionAdvice.java:25] java.base/java.lang.Thread.run(Thread.java:832)
2021-06-18 17:00:50,360 ERROR [http-nio-8080-exec-4] o.t.TemplateEngine [TemplateEngine.java:1136] [THYMELEAF][http-nio-8080-exec-4] Exception processing template "/site/followee": An error happened during template parsing (template: "class path resource [templates//site/followee.html]")
org.thymeleaf.exceptions.TemplateInputException: An error happened during template parsing (template: "class path resource [templates//site/followee.html]")
	at org.thymeleaf.templateparser.markup.AbstractMarkupTemplateParser.parse(AbstractMarkupTemplateParser.java:241)
	at org.thymeleaf.templateparser.markup.AbstractMarkupTemplateParser.parseStandalone(AbstractMarkupTemplateParser.java:100)
	at org.thymeleaf.engine.TemplateManager.parseAndProcess(TemplateManager.java:666)
	at org.thymeleaf.TemplateEngine.process(TemplateEngine.java:1098)
	at org.thymeleaf.TemplateEngine.process(TemplateEngine.java:1072)
	at org.thymeleaf.spring5.view.ThymeleafView.renderFragment(ThymeleafView.java:366)
	at org.thymeleaf.spring5.view.ThymeleafView.render(ThymeleafView.java:190)
	at org.springframework.web.servlet.DispatcherServlet.render(DispatcherServlet.java:1393)
	at org.springframework.web.servlet.DispatcherServlet.processDispatchResult(DispatcherServlet.java:1138)
	at org.springframework.web.servlet.DispatcherServlet.doDispatch(DispatcherServlet.java:1077)
	at org.springframework.web.servlet.DispatcherServlet.doService(DispatcherServlet.java:962)
	at org.springframework.web.servlet.FrameworkServlet.processRequest(FrameworkServlet.java:1006)
	at org.springframework.web.servlet.FrameworkServlet.doGet(FrameworkServlet.java:898)
	at javax.servlet.http.HttpServlet.service(HttpServlet.java:626)
	at org.springframework.web.servlet.FrameworkServlet.service(FrameworkServlet.java:883)
	at javax.servlet.http.HttpServlet.service(HttpServlet.java:733)
	at org.apache.catalina.core.ApplicationFilterChain.internalDoFilter(ApplicationFilterChain.java:227)
	at org.apache.catalina.core.ApplicationFilterChain.doFilter(ApplicationFilterChain.java:162)
	at org.apache.tomcat.websocket.server.WsFilter.doFilter(WsFilter.java:53)
	at org.apache.catalina.core.ApplicationFilterChain.internalDoFilter(ApplicationFilterChain.java:189)
	at org.apache.catalina.core.ApplicationFilterChain.doFilter(ApplicationFilterChain.java:162)
	at org.springframework.web.filter.RequestContextFilter.doFilterInternal(RequestContextFilter.java:100)
	at org.springframework.web.filter.OncePerRequestFilter.doFilter(OncePerRequestFilter.java:119)
	at org.apache.catalina.core.ApplicationFilterChain.internalDoFilter(ApplicationFilterChain.java:189)
	at org.apache.catalina.core.ApplicationFilterChain.doFilter(ApplicationFilterChain.java:162)
	at org.springframework.web.filter.FormContentFilter.doFilterInternal(FormContentFilter.java:93)
	at org.springframework.web.filter.OncePerRequestFilter.doFilter(OncePerRequestFilter.java:119)
	at org.apache.catalina.core.ApplicationFilterChain.internalDoFilter(ApplicationFilterChain.java:189)
	at org.apache.catalina.core.ApplicationFilterChain.doFilter(ApplicationFilterChain.java:162)
	at org.springframework.web.filter.CharacterEncodingFilter.doFilterInternal(CharacterEncodingFilter.java:201)
	at org.springframework.web.filter.OncePerRequestFilter.doFilter(OncePerRequestFilter.java:119)
	at org.apache.catalina.core.ApplicationFilterChain.internalDoFilter(ApplicationFilterChain.java:189)
	at org.apache.catalina.core.ApplicationFilterChain.doFilter(ApplicationFilterChain.java:162)
	at org.apache.catalina.core.StandardWrapperValve.invoke(StandardWrapperValve.java:202)
	at org.apache.catalina.core.StandardContextValve.invoke(StandardContextValve.java:97)
	at org.apache.catalina.authenticator.AuthenticatorBase.invoke(AuthenticatorBase.java:542)
	at org.apache.catalina.core.StandardHostValve.invoke(StandardHostValve.java:143)
	at org.apache.catalina.valves.ErrorReportValve.invoke(ErrorReportValve.java:92)
	at org.apache.catalina.core.StandardEngineValve.invoke(StandardEngineValve.java:78)
	at org.apache.catalina.connector.CoyoteAdapter.service(CoyoteAdapter.java:346)
	at org.apache.coyote.http11.Http11Processor.service(Http11Processor.java:374)
	at org.apache.coyote.AbstractProcessorLight.process(AbstractProcessorLight.java:65)
	at org.apache.coyote.AbstractProtocol$ConnectionHandler.process(AbstractProtocol.java:887)
	at org.apache.tomcat.util.net.NioEndpoint$SocketProcessor.doRun(NioEndpoint.java:1684)
	at org.apache.tomcat.util.net.SocketProcessorBase.run(SocketProcessorBase.java:49)
	at java.base/java.util.concurrent.ThreadPoolExecutor.runWorker(ThreadPoolExecutor.java:1130)
	at java.base/java.util.concurrent.ThreadPoolExecutor$Worker.run(ThreadPoolExecutor.java:630)
	at org.apache.tomcat.util.threads.TaskThread$WrappingRunnable.run(TaskThread.java:61)
	at java.base/java.lang.Thread.run(Thread.java:832)
Caused by: org.attoparser.ParseException: Exception evaluating SpringEL expression: "hasFollowed?'btn-secondary':'btn-info'" (template: "/site/followee" - line 94, col 31)
	at org.attoparser.MarkupParser.parseDocument(MarkupParser.java:393)
	at org.attoparser.MarkupParser.parse(MarkupParser.java:257)
	at org.thymeleaf.templateparser.markup.AbstractMarkupTemplateParser.parse(AbstractMarkupTemplateParser.java:230)
	... 48 common frames omitted
Caused by: org.thymeleaf.exceptions.TemplateProcessingException: Exception evaluating SpringEL expression: "hasFollowed?'btn-secondary':'btn-info'" (template: "/site/followee" - line 94, col 31)
	at org.thymeleaf.spring5.expression.SPELVariableExpressionEvaluator.evaluate(SPELVariableExpressionEvaluator.java:292)
	at org.thymeleaf.standard.expression.VariableExpression.executeVariableExpression(VariableExpression.java:166)
	at org.thymeleaf.standard.expression.SimpleExpression.executeSimple(SimpleExpression.java:66)
	at org.thymeleaf.standard.expression.Expression.execute(Expression.java:109)
	at org.thymeleaf.standard.expression.AdditionExpression.executeAddition(AdditionExpression.java:96)
	at org.thymeleaf.standard.expression.ComplexExpression.executeComplex(ComplexExpression.java:62)
	at org.thymeleaf.standard.expression.Expression.execute(Expression.java:112)
	at org.thymeleaf.standard.expression.AdditionExpression.executeAddition(AdditionExpression.java:89)
	at org.thymeleaf.standard.expression.ComplexExpression.executeComplex(ComplexExpression.java:62)
	at org.thymeleaf.standard.expression.Expression.execute(Expression.java:112)
	at org.thymeleaf.standard.expression.Expression.execute(Expression.java:138)
	at org.thymeleaf.standard.processor.AbstractStandardExpressionAttributeTagProcessor.doProcess(AbstractStandardExpressionAttributeTagProcessor.java:144)
	at org.thymeleaf.processor.element.AbstractAttributeTagProcessor.doProcess(AbstractAttributeTagProcessor.java:74)
	at org.thymeleaf.processor.element.AbstractElementTagProcessor.process(AbstractElementTagProcessor.java:95)
	at org.thymeleaf.util.ProcessorConfigurationUtils$ElementTagProcessorWrapper.process(ProcessorConfigurationUtils.java:633)
	at org.thymeleaf.engine.ProcessorTemplateHandler.handleOpenElement(ProcessorTemplateHandler.java:1314)
	at org.thymeleaf.engine.OpenElementTag.beHandled(OpenElementTag.java:205)
	at org.thymeleaf.engine.Model.process(Model.java:282)
	at org.thymeleaf.engine.Model.process(Model.java:290)
	at org.thymeleaf.engine.IteratedGatheringModelProcessable.processIterationModel(IteratedGatheringModelProcessable.java:367)
	at org.thymeleaf.engine.IteratedGatheringModelProcessable.process(IteratedGatheringModelProcessable.java:221)
	at org.thymeleaf.engine.ProcessorTemplateHandler.handleCloseElement(ProcessorTemplateHandler.java:1640)
	at org.thymeleaf.engine.TemplateHandlerAdapterMarkupHandler.handleCloseElementEnd(TemplateHandlerAdapterMarkupHandler.java:388)
	at org.thymeleaf.templateparser.markup.InlinedOutputExpressionMarkupHandler$InlineMarkupAdapterPreProcessorHandler.handleCloseElementEnd(InlinedOutputExpressionMarkupHandler.java:322)
	at org.thymeleaf.standard.inline.OutputExpressionInlinePreProcessorHandler.handleCloseElementEnd(OutputExpressionInlinePreProcessorHandler.java:220)
	at org.thymeleaf.templateparser.markup.InlinedOutputExpressionMarkupHandler.handleCloseElementEnd(InlinedOutputExpressionMarkupHandler.java:164)
	at org.attoparser.HtmlElement.handleCloseElementEnd(HtmlElement.java:169)
	at org.attoparser.HtmlMarkupHandler.handleCloseElementEnd(HtmlMarkupHandler.java:412)
	at org.attoparser.MarkupEventProcessorHandler.handleCloseElementEnd(MarkupEventProcessorHandler.java:473)
	at org.attoparser.ParsingElementMarkupUtil.parseCloseElement(ParsingElementMarkupUtil.java:201)
	at org.attoparser.MarkupParser.parseBuffer(MarkupParser.java:725)
	at org.attoparser.MarkupParser.parseDocument(MarkupParser.java:301)
	... 50 common frames omitted
Caused by: org.springframework.expression.spel.SpelEvaluationException: EL1001E: Type conversion problem, cannot convert from null to boolean
	at org.springframework.expression.spel.ast.Ternary.getValueInternal(Ternary.java:55)
	at org.springframework.expression.spel.ast.SpelNodeImpl.getValue(SpelNodeImpl.java:112)
	at org.springframework.expression.spel.standard.SpelExpression.getValue(SpelExpression.java:337)
	at org.thymeleaf.spring5.expression.SPELVariableExpressionEvaluator.evaluate(SPELVariableExpressionEvaluator.java:265)
	... 81 common frames omitted
2021-06-18 17:00:50,362 ERROR [http-nio-8080-exec-4] o.a.c.c.C.[.[.[.[dispatcherServlet] [DirectJDKLog.java:175] Servlet.service() for servlet [dispatcherServlet] in context with path [/community] threw exception [Request processing failed; nested exception is org.thymeleaf.exceptions.TemplateInputException: An error happened during template parsing (template: "class path resource [templates//site/followee.html]")] with root cause
org.springframework.expression.spel.SpelEvaluationException: EL1001E: Type conversion problem, cannot convert from null to boolean
	at org.springframework.expression.spel.ast.Ternary.getValueInternal(Ternary.java:55)
	at org.springframework.expression.spel.ast.SpelNodeImpl.getValue(SpelNodeImpl.java:112)
	at org.springframework.expression.spel.standard.SpelExpression.getValue(SpelExpression.java:337)
	at org.thymeleaf.spring5.expression.SPELVariableExpressionEvaluator.evaluate(SPELVariableExpressionEvaluator.java:265)
	at org.thymeleaf.standard.expression.VariableExpression.executeVariableExpression(VariableExpression.java:166)
	at org.thymeleaf.standard.expression.SimpleExpression.executeSimple(SimpleExpression.java:66)
	at org.thymeleaf.standard.expression.Expression.execute(Expression.java:109)
	at org.thymeleaf.standard.expression.AdditionExpression.executeAddition(AdditionExpression.java:96)
	at org.thymeleaf.standard.expression.ComplexExpression.executeComplex(ComplexExpression.java:62)
	at org.thymeleaf.standard.expression.Expression.execute(Expression.java:112)
	at org.thymeleaf.standard.expression.AdditionExpression.executeAddition(AdditionExpression.java:89)
	at org.thymeleaf.standard.expression.ComplexExpression.executeComplex(ComplexExpression.java:62)
	at org.thymeleaf.standard.expression.Expression.execute(Expression.java:112)
	at org.thymeleaf.standard.expression.Expression.execute(Expression.java:138)
	at org.thymeleaf.standard.processor.AbstractStandardExpressionAttributeTagProcessor.doProcess(AbstractStandardExpressionAttributeTagProcessor.java:144)
	at org.thymeleaf.processor.element.AbstractAttributeTagProcessor.doProcess(AbstractAttributeTagProcessor.java:74)
	at org.thymeleaf.processor.element.AbstractElementTagProcessor.process(AbstractElementTagProcessor.java:95)
	at org.thymeleaf.util.ProcessorConfigurationUtils$ElementTagProcessorWrapper.process(ProcessorConfigurationUtils.java:633)
	at org.thymeleaf.engine.ProcessorTemplateHandler.handleOpenElement(ProcessorTemplateHandler.java:1314)
	at org.thymeleaf.engine.OpenElementTag.beHandled(OpenElementTag.java:205)
	at org.thymeleaf.engine.Model.process(Model.java:282)
	at org.thymeleaf.engine.Model.process(Model.java:290)
	at org.thymeleaf.engine.IteratedGatheringModelProcessable.processIterationModel(IteratedGatheringModelProcessable.java:367)
	at org.thymeleaf.engine.IteratedGatheringModelProcessable.process(IteratedGatheringModelProcessable.java:221)
	at org.thymeleaf.engine.ProcessorTemplateHandler.handleCloseElement(ProcessorTemplateHandler.java:1640)
	at org.thymeleaf.engine.TemplateHandlerAdapterMarkupHandler.handleCloseElementEnd(TemplateHandlerAdapterMarkupHandler.java:388)
	at org.thymeleaf.templateparser.markup.InlinedOutputExpressionMarkupHandler$InlineMarkupAdapterPreProcessorHandler.handleCloseElementEnd(InlinedOutputExpressionMarkupHandler.java:322)
	at org.thymeleaf.standard.inline.OutputExpressionInlinePreProcessorHandler.handleCloseElementEnd(OutputExpressionInlinePreProcessorHandler.java:220)
	at org.thymeleaf.templateparser.markup.InlinedOutputExpressionMarkupHandler.handleCloseElementEnd(InlinedOutputExpressionMarkupHandler.java:164)
	at org.attoparser.HtmlElement.handleCloseElementEnd(HtmlElement.java:169)
	at org.attoparser.HtmlMarkupHandler.handleCloseElementEnd(HtmlMarkupHandler.java:412)
	at org.attoparser.MarkupEventProcessorHandler.handleCloseElementEnd(MarkupEventProcessorHandler.java:473)
	at org.attoparser.ParsingElementMarkupUtil.parseCloseElement(ParsingElementMarkupUtil.java:201)
	at org.attoparser.MarkupParser.parseBuffer(MarkupParser.java:725)
	at org.attoparser.MarkupParser.parseDocument(MarkupParser.java:301)
	at org.attoparser.MarkupParser.parse(MarkupParser.java:257)
	at org.thymeleaf.templateparser.markup.AbstractMarkupTemplateParser.parse(AbstractMarkupTemplateParser.java:230)
	at org.thymeleaf.templateparser.markup.AbstractMarkupTemplateParser.parseStandalone(AbstractMarkupTemplateParser.java:100)
	at org.thymeleaf.engine.TemplateManager.parseAndProcess(TemplateManager.java:666)
	at org.thymeleaf.TemplateEngine.process(TemplateEngine.java:1098)
	at org.thymeleaf.TemplateEngine.process(TemplateEngine.java:1072)
	at org.thymeleaf.spring5.view.ThymeleafView.renderFragment(ThymeleafView.java:366)
	at org.thymeleaf.spring5.view.ThymeleafView.render(ThymeleafView.java:190)
	at org.springframework.web.servlet.DispatcherServlet.render(DispatcherServlet.java:1393)
	at org.springframework.web.servlet.DispatcherServlet.processDispatchResult(DispatcherServlet.java:1138)
	at org.springframework.web.servlet.DispatcherServlet.doDispatch(DispatcherServlet.java:1077)
	at org.springframework.web.servlet.DispatcherServlet.doService(DispatcherServlet.java:962)
	at org.springframework.web.servlet.FrameworkServlet.processRequest(FrameworkServlet.java:1006)
	at org.springframework.web.servlet.FrameworkServlet.doGet(FrameworkServlet.java:898)
	at javax.servlet.http.HttpServlet.service(HttpServlet.java:626)
	at org.springframework.web.servlet.FrameworkServlet.service(FrameworkServlet.java:883)
	at javax.servlet.http.HttpServlet.service(HttpServlet.java:733)
	at org.apache.catalina.core.ApplicationFilterChain.internalDoFilter(ApplicationFilterChain.java:227)
	at org.apache.catalina.core.ApplicationFilterChain.doFilter(ApplicationFilterChain.java:162)
	at org.apache.tomcat.websocket.server.WsFilter.doFilter(WsFilter.java:53)
	at org.apache.catalina.core.ApplicationFilterChain.internalDoFilter(ApplicationFilterChain.java:189)
	at org.apache.catalina.core.ApplicationFilterChain.doFilter(ApplicationFilterChain.java:162)
	at org.springframework.web.filter.RequestContextFilter.doFilterInternal(RequestContextFilter.java:100)
	at org.springframework.web.filter.OncePerRequestFilter.doFilter(OncePerRequestFilter.java:119)
	at org.apache.catalina.core.ApplicationFilterChain.internalDoFilter(ApplicationFilterChain.java:189)
	at org.apache.catalina.core.ApplicationFilterChain.doFilter(ApplicationFilterChain.java:162)
	at org.springframework.web.filter.FormContentFilter.doFilterInternal(FormContentFilter.java:93)
	at org.springframework.web.filter.OncePerRequestFilter.doFilter(OncePerRequestFilter.java:119)
	at org.apache.catalina.core.ApplicationFilterChain.internalDoFilter(ApplicationFilterChain.java:189)
	at org.apache.catalina.core.ApplicationFilterChain.doFilter(ApplicationFilterChain.java:162)
	at org.springframework.web.filter.CharacterEncodingFilter.doFilterInternal(CharacterEncodingFilter.java:201)
	at org.springframework.web.filter.OncePerRequestFilter.doFilter(OncePerRequestFilter.java:119)
	at org.apache.catalina.core.ApplicationFilterChain.internalDoFilter(ApplicationFilterChain.java:189)
	at org.apache.catalina.core.ApplicationFilterChain.doFilter(ApplicationFilterChain.java:162)
	at org.apache.catalina.core.StandardWrapperValve.invoke(StandardWrapperValve.java:202)
	at org.apache.catalina.core.StandardContextValve.invoke(StandardContextValve.java:97)
	at org.apache.catalina.authenticator.AuthenticatorBase.invoke(AuthenticatorBase.java:542)
	at org.apache.catalina.core.StandardHostValve.invoke(StandardHostValve.java:143)
	at org.apache.catalina.valves.ErrorReportValve.invoke(ErrorReportValve.java:92)
	at org.apache.catalina.core.StandardEngineValve.invoke(StandardEngineValve.java:78)
	at org.apache.catalina.connector.CoyoteAdapter.service(CoyoteAdapter.java:346)
	at org.apache.coyote.http11.Http11Processor.service(Http11Processor.java:374)
	at org.apache.coyote.AbstractProcessorLight.process(AbstractProcessorLight.java:65)
	at org.apache.coyote.AbstractProtocol$ConnectionHandler.process(AbstractProtocol.java:887)
	at org.apache.tomcat.util.net.NioEndpoint$SocketProcessor.doRun(NioEndpoint.java:1684)
	at org.apache.tomcat.util.net.SocketProcessorBase.run(SocketProcessorBase.java:49)
	at java.base/java.util.concurrent.ThreadPoolExecutor.runWorker(ThreadPoolExecutor.java:1130)
	at java.base/java.util.concurrent.ThreadPoolExecutor$Worker.run(ThreadPoolExecutor.java:630)
	at org.apache.tomcat.util.threads.TaskThread$WrappingRunnable.run(TaskThread.java:61)
	at java.base/java.lang.Thread.run(Thread.java:832)
2021-06-18 17:03:26,090 ERROR [http-nio-8080-exec-10] o.t.TemplateEngine [TemplateEngine.java:1136] [THYMELEAF][http-nio-8080-exec-10] Exception processing template "/site/followee": An error happened during template parsing (template: "class path resource [templates//site/followee.html]")
org.thymeleaf.exceptions.TemplateInputException: An error happened during template parsing (template: "class path resource [templates//site/followee.html]")
	at org.thymeleaf.templateparser.markup.AbstractMarkupTemplateParser.parse(AbstractMarkupTemplateParser.java:241)
	at org.thymeleaf.templateparser.markup.AbstractMarkupTemplateParser.parseStandalone(AbstractMarkupTemplateParser.java:100)
	at org.thymeleaf.engine.TemplateManager.parseAndProcess(TemplateManager.java:666)
	at org.thymeleaf.TemplateEngine.process(TemplateEngine.java:1098)
	at org.thymeleaf.TemplateEngine.process(TemplateEngine.java:1072)
	at org.thymeleaf.spring5.view.ThymeleafView.renderFragment(ThymeleafView.java:366)
	at org.thymeleaf.spring5.view.ThymeleafView.render(ThymeleafView.java:190)
	at org.springframework.web.servlet.DispatcherServlet.render(DispatcherServlet.java:1393)
	at org.springframework.web.servlet.DispatcherServlet.processDispatchResult(DispatcherServlet.java:1138)
	at org.springframework.web.servlet.DispatcherServlet.doDispatch(DispatcherServlet.java:1077)
	at org.springframework.web.servlet.DispatcherServlet.doService(DispatcherServlet.java:962)
	at org.springframework.web.servlet.FrameworkServlet.processRequest(FrameworkServlet.java:1006)
	at org.springframework.web.servlet.FrameworkServlet.doGet(FrameworkServlet.java:898)
	at javax.servlet.http.HttpServlet.service(HttpServlet.java:626)
	at org.springframework.web.servlet.FrameworkServlet.service(FrameworkServlet.java:883)
	at javax.servlet.http.HttpServlet.service(HttpServlet.java:733)
	at org.apache.catalina.core.ApplicationFilterChain.internalDoFilter(ApplicationFilterChain.java:227)
	at org.apache.catalina.core.ApplicationFilterChain.doFilter(ApplicationFilterChain.java:162)
	at org.apache.tomcat.websocket.server.WsFilter.doFilter(WsFilter.java:53)
	at org.apache.catalina.core.ApplicationFilterChain.internalDoFilter(ApplicationFilterChain.java:189)
	at org.apache.catalina.core.ApplicationFilterChain.doFilter(ApplicationFilterChain.java:162)
	at org.springframework.web.filter.RequestContextFilter.doFilterInternal(RequestContextFilter.java:100)
	at org.springframework.web.filter.OncePerRequestFilter.doFilter(OncePerRequestFilter.java:119)
	at org.apache.catalina.core.ApplicationFilterChain.internalDoFilter(ApplicationFilterChain.java:189)
	at org.apache.catalina.core.ApplicationFilterChain.doFilter(ApplicationFilterChain.java:162)
	at org.springframework.web.filter.FormContentFilter.doFilterInternal(FormContentFilter.java:93)
	at org.springframework.web.filter.OncePerRequestFilter.doFilter(OncePerRequestFilter.java:119)
	at org.apache.catalina.core.ApplicationFilterChain.internalDoFilter(ApplicationFilterChain.java:189)
	at org.apache.catalina.core.ApplicationFilterChain.doFilter(ApplicationFilterChain.java:162)
	at org.springframework.web.filter.CharacterEncodingFilter.doFilterInternal(CharacterEncodingFilter.java:201)
	at org.springframework.web.filter.OncePerRequestFilter.doFilter(OncePerRequestFilter.java:119)
	at org.apache.catalina.core.ApplicationFilterChain.internalDoFilter(ApplicationFilterChain.java:189)
	at org.apache.catalina.core.ApplicationFilterChain.doFilter(ApplicationFilterChain.java:162)
	at org.apache.catalina.core.StandardWrapperValve.invoke(StandardWrapperValve.java:202)
	at org.apache.catalina.core.StandardContextValve.invoke(StandardContextValve.java:97)
	at org.apache.catalina.authenticator.AuthenticatorBase.invoke(AuthenticatorBase.java:542)
	at org.apache.catalina.core.StandardHostValve.invoke(StandardHostValve.java:143)
	at org.apache.catalina.valves.ErrorReportValve.invoke(ErrorReportValve.java:92)
	at org.apache.catalina.core.StandardEngineValve.invoke(StandardEngineValve.java:78)
	at org.apache.catalina.connector.CoyoteAdapter.service(CoyoteAdapter.java:346)
	at org.apache.coyote.http11.Http11Processor.service(Http11Processor.java:374)
	at org.apache.coyote.AbstractProcessorLight.process(AbstractProcessorLight.java:65)
	at org.apache.coyote.AbstractProtocol$ConnectionHandler.process(AbstractProtocol.java:887)
	at org.apache.tomcat.util.net.NioEndpoint$SocketProcessor.doRun(NioEndpoint.java:1684)
	at org.apache.tomcat.util.net.SocketProcessorBase.run(SocketProcessorBase.java:49)
	at java.base/java.util.concurrent.ThreadPoolExecutor.runWorker(ThreadPoolExecutor.java:1130)
	at java.base/java.util.concurrent.ThreadPoolExecutor$Worker.run(ThreadPoolExecutor.java:630)
	at org.apache.tomcat.util.threads.TaskThread$WrappingRunnable.run(TaskThread.java:61)
	at java.base/java.lang.Thread.run(Thread.java:832)
Caused by: org.attoparser.ParseException: Exception evaluating SpringEL expression: "hasFollowed?'btn-secondary':'btn-info'" (template: "/site/followee" - line 94, col 31)
	at org.attoparser.MarkupParser.parseDocument(MarkupParser.java:393)
	at org.attoparser.MarkupParser.parse(MarkupParser.java:257)
	at org.thymeleaf.templateparser.markup.AbstractMarkupTemplateParser.parse(AbstractMarkupTemplateParser.java:230)
	... 48 common frames omitted
Caused by: org.thymeleaf.exceptions.TemplateProcessingException: Exception evaluating SpringEL expression: "hasFollowed?'btn-secondary':'btn-info'" (template: "/site/followee" - line 94, col 31)
	at org.thymeleaf.spring5.expression.SPELVariableExpressionEvaluator.evaluate(SPELVariableExpressionEvaluator.java:292)
	at org.thymeleaf.standard.expression.VariableExpression.executeVariableExpression(VariableExpression.java:166)
	at org.thymeleaf.standard.expression.SimpleExpression.executeSimple(SimpleExpression.java:66)
	at org.thymeleaf.standard.expression.Expression.execute(Expression.java:109)
	at org.thymeleaf.standard.expression.AdditionExpression.executeAddition(AdditionExpression.java:96)
	at org.thymeleaf.standard.expression.ComplexExpression.executeComplex(ComplexExpression.java:62)
	at org.thymeleaf.standard.expression.Expression.execute(Expression.java:112)
	at org.thymeleaf.standard.expression.AdditionExpression.executeAddition(AdditionExpression.java:89)
	at org.thymeleaf.standard.expression.ComplexExpression.executeComplex(ComplexExpression.java:62)
	at org.thymeleaf.standard.expression.Expression.execute(Expression.java:112)
	at org.thymeleaf.standard.expression.Expression.execute(Expression.java:138)
	at org.thymeleaf.standard.processor.AbstractStandardExpressionAttributeTagProcessor.doProcess(AbstractStandardExpressionAttributeTagProcessor.java:144)
	at org.thymeleaf.processor.element.AbstractAttributeTagProcessor.doProcess(AbstractAttributeTagProcessor.java:74)
	at org.thymeleaf.processor.element.AbstractElementTagProcessor.process(AbstractElementTagProcessor.java:95)
	at org.thymeleaf.util.ProcessorConfigurationUtils$ElementTagProcessorWrapper.process(ProcessorConfigurationUtils.java:633)
	at org.thymeleaf.engine.ProcessorTemplateHandler.handleOpenElement(ProcessorTemplateHandler.java:1314)
	at org.thymeleaf.engine.OpenElementTag.beHandled(OpenElementTag.java:205)
	at org.thymeleaf.engine.Model.process(Model.java:282)
	at org.thymeleaf.engine.Model.process(Model.java:290)
	at org.thymeleaf.engine.IteratedGatheringModelProcessable.processIterationModel(IteratedGatheringModelProcessable.java:367)
	at org.thymeleaf.engine.IteratedGatheringModelProcessable.process(IteratedGatheringModelProcessable.java:221)
	at org.thymeleaf.engine.ProcessorTemplateHandler.handleCloseElement(ProcessorTemplateHandler.java:1640)
	at org.thymeleaf.engine.TemplateHandlerAdapterMarkupHandler.handleCloseElementEnd(TemplateHandlerAdapterMarkupHandler.java:388)
	at org.thymeleaf.templateparser.markup.InlinedOutputExpressionMarkupHandler$InlineMarkupAdapterPreProcessorHandler.handleCloseElementEnd(InlinedOutputExpressionMarkupHandler.java:322)
	at org.thymeleaf.standard.inline.OutputExpressionInlinePreProcessorHandler.handleCloseElementEnd(OutputExpressionInlinePreProcessorHandler.java:220)
	at org.thymeleaf.templateparser.markup.InlinedOutputExpressionMarkupHandler.handleCloseElementEnd(InlinedOutputExpressionMarkupHandler.java:164)
	at org.attoparser.HtmlElement.handleCloseElementEnd(HtmlElement.java:169)
	at org.attoparser.HtmlMarkupHandler.handleCloseElementEnd(HtmlMarkupHandler.java:412)
	at org.attoparser.MarkupEventProcessorHandler.handleCloseElementEnd(MarkupEventProcessorHandler.java:473)
	at org.attoparser.ParsingElementMarkupUtil.parseCloseElement(ParsingElementMarkupUtil.java:201)
	at org.attoparser.MarkupParser.parseBuffer(MarkupParser.java:725)
	at org.attoparser.MarkupParser.parseDocument(MarkupParser.java:301)
	... 50 common frames omitted
Caused by: org.springframework.expression.spel.SpelEvaluationException: EL1001E: Type conversion problem, cannot convert from null to boolean
	at org.springframework.expression.spel.ast.Ternary.getValueInternal(Ternary.java:55)
	at org.springframework.expression.spel.ast.SpelNodeImpl.getValue(SpelNodeImpl.java:112)
	at org.springframework.expression.spel.standard.SpelExpression.getValue(SpelExpression.java:337)
	at org.thymeleaf.spring5.expression.SPELVariableExpressionEvaluator.evaluate(SPELVariableExpressionEvaluator.java:265)
	... 81 common frames omitted
2021-06-18 17:03:26,094 ERROR [http-nio-8080-exec-10] o.a.c.c.C.[.[.[.[dispatcherServlet] [DirectJDKLog.java:175] Servlet.service() for servlet [dispatcherServlet] in context with path [/community] threw exception [Request processing failed; nested exception is org.thymeleaf.exceptions.TemplateInputException: An error happened during template parsing (template: "class path resource [templates//site/followee.html]")] with root cause
org.springframework.expression.spel.SpelEvaluationException: EL1001E: Type conversion problem, cannot convert from null to boolean
	at org.springframework.expression.spel.ast.Ternary.getValueInternal(Ternary.java:55)
	at org.springframework.expression.spel.ast.SpelNodeImpl.getValue(SpelNodeImpl.java:112)
	at org.springframework.expression.spel.standard.SpelExpression.getValue(SpelExpression.java:337)
	at org.thymeleaf.spring5.expression.SPELVariableExpressionEvaluator.evaluate(SPELVariableExpressionEvaluator.java:265)
	at org.thymeleaf.standard.expression.VariableExpression.executeVariableExpression(VariableExpression.java:166)
	at org.thymeleaf.standard.expression.SimpleExpression.executeSimple(SimpleExpression.java:66)
	at org.thymeleaf.standard.expression.Expression.execute(Expression.java:109)
	at org.thymeleaf.standard.expression.AdditionExpression.executeAddition(AdditionExpression.java:96)
	at org.thymeleaf.standard.expression.ComplexExpression.executeComplex(ComplexExpression.java:62)
	at org.thymeleaf.standard.expression.Expression.execute(Expression.java:112)
	at org.thymeleaf.standard.expression.AdditionExpression.executeAddition(AdditionExpression.java:89)
	at org.thymeleaf.standard.expression.ComplexExpression.executeComplex(ComplexExpression.java:62)
	at org.thymeleaf.standard.expression.Expression.execute(Expression.java:112)
	at org.thymeleaf.standard.expression.Expression.execute(Expression.java:138)
	at org.thymeleaf.standard.processor.AbstractStandardExpressionAttributeTagProcessor.doProcess(AbstractStandardExpressionAttributeTagProcessor.java:144)
	at org.thymeleaf.processor.element.AbstractAttributeTagProcessor.doProcess(AbstractAttributeTagProcessor.java:74)
	at org.thymeleaf.processor.element.AbstractElementTagProcessor.process(AbstractElementTagProcessor.java:95)
	at org.thymeleaf.util.ProcessorConfigurationUtils$ElementTagProcessorWrapper.process(ProcessorConfigurationUtils.java:633)
	at org.thymeleaf.engine.ProcessorTemplateHandler.handleOpenElement(ProcessorTemplateHandler.java:1314)
	at org.thymeleaf.engine.OpenElementTag.beHandled(OpenElementTag.java:205)
	at org.thymeleaf.engine.Model.process(Model.java:282)
	at org.thymeleaf.engine.Model.process(Model.java:290)
	at org.thymeleaf.engine.IteratedGatheringModelProcessable.processIterationModel(IteratedGatheringModelProcessable.java:367)
	at org.thymeleaf.engine.IteratedGatheringModelProcessable.process(IteratedGatheringModelProcessable.java:221)
	at org.thymeleaf.engine.ProcessorTemplateHandler.handleCloseElement(ProcessorTemplateHandler.java:1640)
	at org.thymeleaf.engine.TemplateHandlerAdapterMarkupHandler.handleCloseElementEnd(TemplateHandlerAdapterMarkupHandler.java:388)
	at org.thymeleaf.templateparser.markup.InlinedOutputExpressionMarkupHandler$InlineMarkupAdapterPreProcessorHandler.handleCloseElementEnd(InlinedOutputExpressionMarkupHandler.java:322)
	at org.thymeleaf.standard.inline.OutputExpressionInlinePreProcessorHandler.handleCloseElementEnd(OutputExpressionInlinePreProcessorHandler.java:220)
	at org.thymeleaf.templateparser.markup.InlinedOutputExpressionMarkupHandler.handleCloseElementEnd(InlinedOutputExpressionMarkupHandler.java:164)
	at org.attoparser.HtmlElement.handleCloseElementEnd(HtmlElement.java:169)
	at org.attoparser.HtmlMarkupHandler.handleCloseElementEnd(HtmlMarkupHandler.java:412)
	at org.attoparser.MarkupEventProcessorHandler.handleCloseElementEnd(MarkupEventProcessorHandler.java:473)
	at org.attoparser.ParsingElementMarkupUtil.parseCloseElement(ParsingElementMarkupUtil.java:201)
	at org.attoparser.MarkupParser.parseBuffer(MarkupParser.java:725)
	at org.attoparser.MarkupParser.parseDocument(MarkupParser.java:301)
	at org.attoparser.MarkupParser.parse(MarkupParser.java:257)
	at org.thymeleaf.templateparser.markup.AbstractMarkupTemplateParser.parse(AbstractMarkupTemplateParser.java:230)
	at org.thymeleaf.templateparser.markup.AbstractMarkupTemplateParser.parseStandalone(AbstractMarkupTemplateParser.java:100)
	at org.thymeleaf.engine.TemplateManager.parseAndProcess(TemplateManager.java:666)
	at org.thymeleaf.TemplateEngine.process(TemplateEngine.java:1098)
	at org.thymeleaf.TemplateEngine.process(TemplateEngine.java:1072)
	at org.thymeleaf.spring5.view.ThymeleafView.renderFragment(ThymeleafView.java:366)
	at org.thymeleaf.spring5.view.ThymeleafView.render(ThymeleafView.java:190)
	at org.springframework.web.servlet.DispatcherServlet.render(DispatcherServlet.java:1393)
	at org.springframework.web.servlet.DispatcherServlet.processDispatchResult(DispatcherServlet.java:1138)
	at org.springframework.web.servlet.DispatcherServlet.doDispatch(DispatcherServlet.java:1077)
	at org.springframework.web.servlet.DispatcherServlet.doService(DispatcherServlet.java:962)
	at org.springframework.web.servlet.FrameworkServlet.processRequest(FrameworkServlet.java:1006)
	at org.springframework.web.servlet.FrameworkServlet.doGet(FrameworkServlet.java:898)
	at javax.servlet.http.HttpServlet.service(HttpServlet.java:626)
	at org.springframework.web.servlet.FrameworkServlet.service(FrameworkServlet.java:883)
	at javax.servlet.http.HttpServlet.service(HttpServlet.java:733)
	at org.apache.catalina.core.ApplicationFilterChain.internalDoFilter(ApplicationFilterChain.java:227)
	at org.apache.catalina.core.ApplicationFilterChain.doFilter(ApplicationFilterChain.java:162)
	at org.apache.tomcat.websocket.server.WsFilter.doFilter(WsFilter.java:53)
	at org.apache.catalina.core.ApplicationFilterChain.internalDoFilter(ApplicationFilterChain.java:189)
	at org.apache.catalina.core.ApplicationFilterChain.doFilter(ApplicationFilterChain.java:162)
	at org.springframework.web.filter.RequestContextFilter.doFilterInternal(RequestContextFilter.java:100)
	at org.springframework.web.filter.OncePerRequestFilter.doFilter(OncePerRequestFilter.java:119)
	at org.apache.catalina.core.ApplicationFilterChain.internalDoFilter(ApplicationFilterChain.java:189)
	at org.apache.catalina.core.ApplicationFilterChain.doFilter(ApplicationFilterChain.java:162)
	at org.springframework.web.filter.FormContentFilter.doFilterInternal(FormContentFilter.java:93)
	at org.springframework.web.filter.OncePerRequestFilter.doFilter(OncePerRequestFilter.java:119)
	at org.apache.catalina.core.ApplicationFilterChain.internalDoFilter(ApplicationFilterChain.java:189)
	at org.apache.catalina.core.ApplicationFilterChain.doFilter(ApplicationFilterChain.java:162)
	at org.springframework.web.filter.CharacterEncodingFilter.doFilterInternal(CharacterEncodingFilter.java:201)
	at org.springframework.web.filter.OncePerRequestFilter.doFilter(OncePerRequestFilter.java:119)
	at org.apache.catalina.core.ApplicationFilterChain.internalDoFilter(ApplicationFilterChain.java:189)
	at org.apache.catalina.core.ApplicationFilterChain.doFilter(ApplicationFilterChain.java:162)
	at org.apache.catalina.core.StandardWrapperValve.invoke(StandardWrapperValve.java:202)
	at org.apache.catalina.core.StandardContextValve.invoke(StandardContextValve.java:97)
	at org.apache.catalina.authenticator.AuthenticatorBase.invoke(AuthenticatorBase.java:542)
	at org.apache.catalina.core.StandardHostValve.invoke(StandardHostValve.java:143)
	at org.apache.catalina.valves.ErrorReportValve.invoke(ErrorReportValve.java:92)
	at org.apache.catalina.core.StandardEngineValve.invoke(StandardEngineValve.java:78)
	at org.apache.catalina.connector.CoyoteAdapter.service(CoyoteAdapter.java:346)
	at org.apache.coyote.http11.Http11Processor.service(Http11Processor.java:374)
	at org.apache.coyote.AbstractProcessorLight.process(AbstractProcessorLight.java:65)
	at org.apache.coyote.AbstractProtocol$ConnectionHandler.process(AbstractProtocol.java:887)
	at org.apache.tomcat.util.net.NioEndpoint$SocketProcessor.doRun(NioEndpoint.java:1684)
	at org.apache.tomcat.util.net.SocketProcessorBase.run(SocketProcessorBase.java:49)
	at java.base/java.util.concurrent.ThreadPoolExecutor.runWorker(ThreadPoolExecutor.java:1130)
	at java.base/java.util.concurrent.ThreadPoolExecutor$Worker.run(ThreadPoolExecutor.java:630)
	at org.apache.tomcat.util.threads.TaskThread$WrappingRunnable.run(TaskThread.java:61)
	at java.base/java.lang.Thread.run(Thread.java:832)
2021-06-18 17:03:42,788 ERROR [http-nio-8080-exec-6] o.t.TemplateEngine [TemplateEngine.java:1136] [THYMELEAF][http-nio-8080-exec-6] Exception processing template "/site/followee": An error happened during template parsing (template: "class path resource [templates//site/followee.html]")
org.thymeleaf.exceptions.TemplateInputException: An error happened during template parsing (template: "class path resource [templates//site/followee.html]")
	at org.thymeleaf.templateparser.markup.AbstractMarkupTemplateParser.parse(AbstractMarkupTemplateParser.java:241)
	at org.thymeleaf.templateparser.markup.AbstractMarkupTemplateParser.parseStandalone(AbstractMarkupTemplateParser.java:100)
	at org.thymeleaf.engine.TemplateManager.parseAndProcess(TemplateManager.java:666)
	at org.thymeleaf.TemplateEngine.process(TemplateEngine.java:1098)
	at org.thymeleaf.TemplateEngine.process(TemplateEngine.java:1072)
	at org.thymeleaf.spring5.view.ThymeleafView.renderFragment(ThymeleafView.java:366)
	at org.thymeleaf.spring5.view.ThymeleafView.render(ThymeleafView.java:190)
	at org.springframework.web.servlet.DispatcherServlet.render(DispatcherServlet.java:1393)
	at org.springframework.web.servlet.DispatcherServlet.processDispatchResult(DispatcherServlet.java:1138)
	at org.springframework.web.servlet.DispatcherServlet.doDispatch(DispatcherServlet.java:1077)
	at org.springframework.web.servlet.DispatcherServlet.doService(DispatcherServlet.java:962)
	at org.springframework.web.servlet.FrameworkServlet.processRequest(FrameworkServlet.java:1006)
	at org.springframework.web.servlet.FrameworkServlet.doGet(FrameworkServlet.java:898)
	at javax.servlet.http.HttpServlet.service(HttpServlet.java:626)
	at org.springframework.web.servlet.FrameworkServlet.service(FrameworkServlet.java:883)
	at javax.servlet.http.HttpServlet.service(HttpServlet.java:733)
	at org.apache.catalina.core.ApplicationFilterChain.internalDoFilter(ApplicationFilterChain.java:227)
	at org.apache.catalina.core.ApplicationFilterChain.doFilter(ApplicationFilterChain.java:162)
	at org.apache.tomcat.websocket.server.WsFilter.doFilter(WsFilter.java:53)
	at org.apache.catalina.core.ApplicationFilterChain.internalDoFilter(ApplicationFilterChain.java:189)
	at org.apache.catalina.core.ApplicationFilterChain.doFilter(ApplicationFilterChain.java:162)
	at org.springframework.web.filter.RequestContextFilter.doFilterInternal(RequestContextFilter.java:100)
	at org.springframework.web.filter.OncePerRequestFilter.doFilter(OncePerRequestFilter.java:119)
	at org.apache.catalina.core.ApplicationFilterChain.internalDoFilter(ApplicationFilterChain.java:189)
	at org.apache.catalina.core.ApplicationFilterChain.doFilter(ApplicationFilterChain.java:162)
	at org.springframework.web.filter.FormContentFilter.doFilterInternal(FormContentFilter.java:93)
	at org.springframework.web.filter.OncePerRequestFilter.doFilter(OncePerRequestFilter.java:119)
	at org.apache.catalina.core.ApplicationFilterChain.internalDoFilter(ApplicationFilterChain.java:189)
	at org.apache.catalina.core.ApplicationFilterChain.doFilter(ApplicationFilterChain.java:162)
	at org.springframework.web.filter.CharacterEncodingFilter.doFilterInternal(CharacterEncodingFilter.java:201)
	at org.springframework.web.filter.OncePerRequestFilter.doFilter(OncePerRequestFilter.java:119)
	at org.apache.catalina.core.ApplicationFilterChain.internalDoFilter(ApplicationFilterChain.java:189)
	at org.apache.catalina.core.ApplicationFilterChain.doFilter(ApplicationFilterChain.java:162)
	at org.apache.catalina.core.StandardWrapperValve.invoke(StandardWrapperValve.java:202)
	at org.apache.catalina.core.StandardContextValve.invoke(StandardContextValve.java:97)
	at org.apache.catalina.authenticator.AuthenticatorBase.invoke(AuthenticatorBase.java:542)
	at org.apache.catalina.core.StandardHostValve.invoke(StandardHostValve.java:143)
	at org.apache.catalina.valves.ErrorReportValve.invoke(ErrorReportValve.java:92)
	at org.apache.catalina.core.StandardEngineValve.invoke(StandardEngineValve.java:78)
	at org.apache.catalina.connector.CoyoteAdapter.service(CoyoteAdapter.java:346)
	at org.apache.coyote.http11.Http11Processor.service(Http11Processor.java:374)
	at org.apache.coyote.AbstractProcessorLight.process(AbstractProcessorLight.java:65)
	at org.apache.coyote.AbstractProtocol$ConnectionHandler.process(AbstractProtocol.java:887)
	at org.apache.tomcat.util.net.NioEndpoint$SocketProcessor.doRun(NioEndpoint.java:1684)
	at org.apache.tomcat.util.net.SocketProcessorBase.run(SocketProcessorBase.java:49)
	at java.base/java.util.concurrent.ThreadPoolExecutor.runWorker(ThreadPoolExecutor.java:1130)
	at java.base/java.util.concurrent.ThreadPoolExecutor$Worker.run(ThreadPoolExecutor.java:630)
	at org.apache.tomcat.util.threads.TaskThread$WrappingRunnable.run(TaskThread.java:61)
	at java.base/java.lang.Thread.run(Thread.java:832)
Caused by: org.attoparser.ParseException: Exception evaluating SpringEL expression: "hasFollowed?'btn-secondary':'btn-info'" (template: "/site/followee" - line 94, col 31)
	at org.attoparser.MarkupParser.parseDocument(MarkupParser.java:393)
	at org.attoparser.MarkupParser.parse(MarkupParser.java:257)
	at org.thymeleaf.templateparser.markup.AbstractMarkupTemplateParser.parse(AbstractMarkupTemplateParser.java:230)
	... 48 common frames omitted
Caused by: org.thymeleaf.exceptions.TemplateProcessingException: Exception evaluating SpringEL expression: "hasFollowed?'btn-secondary':'btn-info'" (template: "/site/followee" - line 94, col 31)
	at org.thymeleaf.spring5.expression.SPELVariableExpressionEvaluator.evaluate(SPELVariableExpressionEvaluator.java:292)
	at org.thymeleaf.standard.expression.VariableExpression.executeVariableExpression(VariableExpression.java:166)
	at org.thymeleaf.standard.expression.SimpleExpression.executeSimple(SimpleExpression.java:66)
	at org.thymeleaf.standard.expression.Expression.execute(Expression.java:109)
	at org.thymeleaf.standard.expression.AdditionExpression.executeAddition(AdditionExpression.java:96)
	at org.thymeleaf.standard.expression.ComplexExpression.executeComplex(ComplexExpression.java:62)
	at org.thymeleaf.standard.expression.Expression.execute(Expression.java:112)
	at org.thymeleaf.standard.expression.AdditionExpression.executeAddition(AdditionExpression.java:89)
	at org.thymeleaf.standard.expression.ComplexExpression.executeComplex(ComplexExpression.java:62)
	at org.thymeleaf.standard.expression.Expression.execute(Expression.java:112)
	at org.thymeleaf.standard.expression.Expression.execute(Expression.java:138)
	at org.thymeleaf.standard.processor.AbstractStandardExpressionAttributeTagProcessor.doProcess(AbstractStandardExpressionAttributeTagProcessor.java:144)
	at org.thymeleaf.processor.element.AbstractAttributeTagProcessor.doProcess(AbstractAttributeTagProcessor.java:74)
	at org.thymeleaf.processor.element.AbstractElementTagProcessor.process(AbstractElementTagProcessor.java:95)
	at org.thymeleaf.util.ProcessorConfigurationUtils$ElementTagProcessorWrapper.process(ProcessorConfigurationUtils.java:633)
	at org.thymeleaf.engine.ProcessorTemplateHandler.handleOpenElement(ProcessorTemplateHandler.java:1314)
	at org.thymeleaf.engine.OpenElementTag.beHandled(OpenElementTag.java:205)
	at org.thymeleaf.engine.Model.process(Model.java:282)
	at org.thymeleaf.engine.Model.process(Model.java:290)
	at org.thymeleaf.engine.IteratedGatheringModelProcessable.processIterationModel(IteratedGatheringModelProcessable.java:367)
	at org.thymeleaf.engine.IteratedGatheringModelProcessable.process(IteratedGatheringModelProcessable.java:221)
	at org.thymeleaf.engine.ProcessorTemplateHandler.handleCloseElement(ProcessorTemplateHandler.java:1640)
	at org.thymeleaf.engine.TemplateHandlerAdapterMarkupHandler.handleCloseElementEnd(TemplateHandlerAdapterMarkupHandler.java:388)
	at org.thymeleaf.templateparser.markup.InlinedOutputExpressionMarkupHandler$InlineMarkupAdapterPreProcessorHandler.handleCloseElementEnd(InlinedOutputExpressionMarkupHandler.java:322)
	at org.thymeleaf.standard.inline.OutputExpressionInlinePreProcessorHandler.handleCloseElementEnd(OutputExpressionInlinePreProcessorHandler.java:220)
	at org.thymeleaf.templateparser.markup.InlinedOutputExpressionMarkupHandler.handleCloseElementEnd(InlinedOutputExpressionMarkupHandler.java:164)
	at org.attoparser.HtmlElement.handleCloseElementEnd(HtmlElement.java:169)
	at org.attoparser.HtmlMarkupHandler.handleCloseElementEnd(HtmlMarkupHandler.java:412)
	at org.attoparser.MarkupEventProcessorHandler.handleCloseElementEnd(MarkupEventProcessorHandler.java:473)
	at org.attoparser.ParsingElementMarkupUtil.parseCloseElement(ParsingElementMarkupUtil.java:201)
	at org.attoparser.MarkupParser.parseBuffer(MarkupParser.java:725)
	at org.attoparser.MarkupParser.parseDocument(MarkupParser.java:301)
	... 50 common frames omitted
Caused by: org.springframework.expression.spel.SpelEvaluationException: EL1001E: Type conversion problem, cannot convert from null to boolean
	at org.springframework.expression.spel.ast.Ternary.getValueInternal(Ternary.java:55)
	at org.springframework.expression.spel.ast.SpelNodeImpl.getValue(SpelNodeImpl.java:112)
	at org.springframework.expression.spel.standard.SpelExpression.getValue(SpelExpression.java:337)
	at org.thymeleaf.spring5.expression.SPELVariableExpressionEvaluator.evaluate(SPELVariableExpressionEvaluator.java:265)
	... 81 common frames omitted
2021-06-18 17:03:42,794 ERROR [http-nio-8080-exec-6] o.a.c.c.C.[.[.[.[dispatcherServlet] [DirectJDKLog.java:175] Servlet.service() for servlet [dispatcherServlet] in context with path [/community] threw exception [Request processing failed; nested exception is org.thymeleaf.exceptions.TemplateInputException: An error happened during template parsing (template: "class path resource [templates//site/followee.html]")] with root cause
org.springframework.expression.spel.SpelEvaluationException: EL1001E: Type conversion problem, cannot convert from null to boolean
	at org.springframework.expression.spel.ast.Ternary.getValueInternal(Ternary.java:55)
	at org.springframework.expression.spel.ast.SpelNodeImpl.getValue(SpelNodeImpl.java:112)
	at org.springframework.expression.spel.standard.SpelExpression.getValue(SpelExpression.java:337)
	at org.thymeleaf.spring5.expression.SPELVariableExpressionEvaluator.evaluate(SPELVariableExpressionEvaluator.java:265)
	at org.thymeleaf.standard.expression.VariableExpression.executeVariableExpression(VariableExpression.java:166)
	at org.thymeleaf.standard.expression.SimpleExpression.executeSimple(SimpleExpression.java:66)
	at org.thymeleaf.standard.expression.Expression.execute(Expression.java:109)
	at org.thymeleaf.standard.expression.AdditionExpression.executeAddition(AdditionExpression.java:96)
	at org.thymeleaf.standard.expression.ComplexExpression.executeComplex(ComplexExpression.java:62)
	at org.thymeleaf.standard.expression.Expression.execute(Expression.java:112)
	at org.thymeleaf.standard.expression.AdditionExpression.executeAddition(AdditionExpression.java:89)
	at org.thymeleaf.standard.expression.ComplexExpression.executeComplex(ComplexExpression.java:62)
	at org.thymeleaf.standard.expression.Expression.execute(Expression.java:112)
	at org.thymeleaf.standard.expression.Expression.execute(Expression.java:138)
	at org.thymeleaf.standard.processor.AbstractStandardExpressionAttributeTagProcessor.doProcess(AbstractStandardExpressionAttributeTagProcessor.java:144)
	at org.thymeleaf.processor.element.AbstractAttributeTagProcessor.doProcess(AbstractAttributeTagProcessor.java:74)
	at org.thymeleaf.processor.element.AbstractElementTagProcessor.process(AbstractElementTagProcessor.java:95)
	at org.thymeleaf.util.ProcessorConfigurationUtils$ElementTagProcessorWrapper.process(ProcessorConfigurationUtils.java:633)
	at org.thymeleaf.engine.ProcessorTemplateHandler.handleOpenElement(ProcessorTemplateHandler.java:1314)
	at org.thymeleaf.engine.OpenElementTag.beHandled(OpenElementTag.java:205)
	at org.thymeleaf.engine.Model.process(Model.java:282)
	at org.thymeleaf.engine.Model.process(Model.java:290)
	at org.thymeleaf.engine.IteratedGatheringModelProcessable.processIterationModel(IteratedGatheringModelProcessable.java:367)
	at org.thymeleaf.engine.IteratedGatheringModelProcessable.process(IteratedGatheringModelProcessable.java:221)
	at org.thymeleaf.engine.ProcessorTemplateHandler.handleCloseElement(ProcessorTemplateHandler.java:1640)
	at org.thymeleaf.engine.TemplateHandlerAdapterMarkupHandler.handleCloseElementEnd(TemplateHandlerAdapterMarkupHandler.java:388)
	at org.thymeleaf.templateparser.markup.InlinedOutputExpressionMarkupHandler$InlineMarkupAdapterPreProcessorHandler.handleCloseElementEnd(InlinedOutputExpressionMarkupHandler.java:322)
	at org.thymeleaf.standard.inline.OutputExpressionInlinePreProcessorHandler.handleCloseElementEnd(OutputExpressionInlinePreProcessorHandler.java:220)
	at org.thymeleaf.templateparser.markup.InlinedOutputExpressionMarkupHandler.handleCloseElementEnd(InlinedOutputExpressionMarkupHandler.java:164)
	at org.attoparser.HtmlElement.handleCloseElementEnd(HtmlElement.java:169)
	at org.attoparser.HtmlMarkupHandler.handleCloseElementEnd(HtmlMarkupHandler.java:412)
	at org.attoparser.MarkupEventProcessorHandler.handleCloseElementEnd(MarkupEventProcessorHandler.java:473)
	at org.attoparser.ParsingElementMarkupUtil.parseCloseElement(ParsingElementMarkupUtil.java:201)
	at org.attoparser.MarkupParser.parseBuffer(MarkupParser.java:725)
	at org.attoparser.MarkupParser.parseDocument(MarkupParser.java:301)
	at org.attoparser.MarkupParser.parse(MarkupParser.java:257)
	at org.thymeleaf.templateparser.markup.AbstractMarkupTemplateParser.parse(AbstractMarkupTemplateParser.java:230)
	at org.thymeleaf.templateparser.markup.AbstractMarkupTemplateParser.parseStandalone(AbstractMarkupTemplateParser.java:100)
	at org.thymeleaf.engine.TemplateManager.parseAndProcess(TemplateManager.java:666)
	at org.thymeleaf.TemplateEngine.process(TemplateEngine.java:1098)
	at org.thymeleaf.TemplateEngine.process(TemplateEngine.java:1072)
	at org.thymeleaf.spring5.view.ThymeleafView.renderFragment(ThymeleafView.java:366)
	at org.thymeleaf.spring5.view.ThymeleafView.render(ThymeleafView.java:190)
	at org.springframework.web.servlet.DispatcherServlet.render(DispatcherServlet.java:1393)
	at org.springframework.web.servlet.DispatcherServlet.processDispatchResult(DispatcherServlet.java:1138)
	at org.springframework.web.servlet.DispatcherServlet.doDispatch(DispatcherServlet.java:1077)
	at org.springframework.web.servlet.DispatcherServlet.doService(DispatcherServlet.java:962)
	at org.springframework.web.servlet.FrameworkServlet.processRequest(FrameworkServlet.java:1006)
	at org.springframework.web.servlet.FrameworkServlet.doGet(FrameworkServlet.java:898)
	at javax.servlet.http.HttpServlet.service(HttpServlet.java:626)
	at org.springframework.web.servlet.FrameworkServlet.service(FrameworkServlet.java:883)
	at javax.servlet.http.HttpServlet.service(HttpServlet.java:733)
	at org.apache.catalina.core.ApplicationFilterChain.internalDoFilter(ApplicationFilterChain.java:227)
	at org.apache.catalina.core.ApplicationFilterChain.doFilter(ApplicationFilterChain.java:162)
	at org.apache.tomcat.websocket.server.WsFilter.doFilter(WsFilter.java:53)
	at org.apache.catalina.core.ApplicationFilterChain.internalDoFilter(ApplicationFilterChain.java:189)
	at org.apache.catalina.core.ApplicationFilterChain.doFilter(ApplicationFilterChain.java:162)
	at org.springframework.web.filter.RequestContextFilter.doFilterInternal(RequestContextFilter.java:100)
	at org.springframework.web.filter.OncePerRequestFilter.doFilter(OncePerRequestFilter.java:119)
	at org.apache.catalina.core.ApplicationFilterChain.internalDoFilter(ApplicationFilterChain.java:189)
	at org.apache.catalina.core.ApplicationFilterChain.doFilter(ApplicationFilterChain.java:162)
	at org.springframework.web.filter.FormContentFilter.doFilterInternal(FormContentFilter.java:93)
	at org.springframework.web.filter.OncePerRequestFilter.doFilter(OncePerRequestFilter.java:119)
	at org.apache.catalina.core.ApplicationFilterChain.internalDoFilter(ApplicationFilterChain.java:189)
	at org.apache.catalina.core.ApplicationFilterChain.doFilter(ApplicationFilterChain.java:162)
	at org.springframework.web.filter.CharacterEncodingFilter.doFilterInternal(CharacterEncodingFilter.java:201)
	at org.springframework.web.filter.OncePerRequestFilter.doFilter(OncePerRequestFilter.java:119)
	at org.apache.catalina.core.ApplicationFilterChain.internalDoFilter(ApplicationFilterChain.java:189)
	at org.apache.catalina.core.ApplicationFilterChain.doFilter(ApplicationFilterChain.java:162)
	at org.apache.catalina.core.StandardWrapperValve.invoke(StandardWrapperValve.java:202)
	at org.apache.catalina.core.StandardContextValve.invoke(StandardContextValve.java:97)
	at org.apache.catalina.authenticator.AuthenticatorBase.invoke(AuthenticatorBase.java:542)
	at org.apache.catalina.core.StandardHostValve.invoke(StandardHostValve.java:143)
	at org.apache.catalina.valves.ErrorReportValve.invoke(ErrorReportValve.java:92)
	at org.apache.catalina.core.StandardEngineValve.invoke(StandardEngineValve.java:78)
	at org.apache.catalina.connector.CoyoteAdapter.service(CoyoteAdapter.java:346)
	at org.apache.coyote.http11.Http11Processor.service(Http11Processor.java:374)
	at org.apache.coyote.AbstractProcessorLight.process(AbstractProcessorLight.java:65)
	at org.apache.coyote.AbstractProtocol$ConnectionHandler.process(AbstractProtocol.java:887)
	at org.apache.tomcat.util.net.NioEndpoint$SocketProcessor.doRun(NioEndpoint.java:1684)
	at org.apache.tomcat.util.net.SocketProcessorBase.run(SocketProcessorBase.java:49)
	at java.base/java.util.concurrent.ThreadPoolExecutor.runWorker(ThreadPoolExecutor.java:1130)
	at java.base/java.util.concurrent.ThreadPoolExecutor$Worker.run(ThreadPoolExecutor.java:630)
	at org.apache.tomcat.util.threads.TaskThread$WrappingRunnable.run(TaskThread.java:61)
	at java.base/java.lang.Thread.run(Thread.java:832)
