2021-06-18 00:15:25,662 ERROR [http-nio-8080-exec-1] c.m.c.c.a.ExceptionAdvice [ExceptionAdvice.java:23] 服务器发生异常：null
2021-06-18 00:15:25,668 ERROR [http-nio-8080-exec-1] c.m.c.c.a.ExceptionAdvice [ExceptionAdvice.java:25] com.maomao.community.controller.LikeController.like(LikeController.java:31)
2021-06-18 00:15:25,668 ERROR [http-nio-8080-exec-1] c.m.c.c.a.ExceptionAdvice [ExceptionAdvice.java:25] java.base/jdk.internal.reflect.NativeMethodAccessorImpl.invoke0(Native Method)
2021-06-18 00:15:25,668 ERROR [http-nio-8080-exec-1] c.m.c.c.a.ExceptionAdvice [ExceptionAdvice.java:25] java.base/jdk.internal.reflect.NativeMethodAccessorImpl.invoke(NativeMethodAccessorImpl.java:62)
2021-06-18 00:15:25,668 ERROR [http-nio-8080-exec-1] c.m.c.c.a.ExceptionAdvice [ExceptionAdvice.java:25] java.base/jdk.internal.reflect.DelegatingMethodAccessorImpl.invoke(DelegatingMethodAccessorImpl.java:43)
2021-06-18 00:15:25,669 ERROR [http-nio-8080-exec-1] c.m.c.c.a.ExceptionAdvice [ExceptionAdvice.java:25] java.base/java.lang.reflect.Method.invoke(Method.java:564)
2021-06-18 00:15:25,669 ERROR [http-nio-8080-exec-1] c.m.c.c.a.ExceptionAdvice [ExceptionAdvice.java:25] org.springframework.web.method.support.InvocableHandlerMethod.doInvoke(InvocableHandlerMethod.java:197)
2021-06-18 00:15:25,669 ERROR [http-nio-8080-exec-1] c.m.c.c.a.ExceptionAdvice [ExceptionAdvice.java:25] org.springframework.web.method.support.InvocableHandlerMethod.invokeForRequest(InvocableHandlerMethod.java:141)
2021-06-18 00:15:25,669 ERROR [http-nio-8080-exec-1] c.m.c.c.a.ExceptionAdvice [ExceptionAdvice.java:25] org.springframework.web.servlet.mvc.method.annotation.ServletInvocableHandlerMethod.invokeAndHandle(ServletInvocableHandlerMethod.java:106)
2021-06-18 00:15:25,669 ERROR [http-nio-8080-exec-1] c.m.c.c.a.ExceptionAdvice [ExceptionAdvice.java:25] org.springframework.web.servlet.mvc.method.annotation.RequestMappingHandlerAdapter.invokeHandlerMethod(RequestMappingHandlerAdapter.java:894)
2021-06-18 00:15:25,670 ERROR [http-nio-8080-exec-1] c.m.c.c.a.ExceptionAdvice [ExceptionAdvice.java:25] org.springframework.web.servlet.mvc.method.annotation.RequestMappingHandlerAdapter.handleInternal(RequestMappingHandlerAdapter.java:808)
2021-06-18 00:15:25,670 ERROR [http-nio-8080-exec-1] c.m.c.c.a.ExceptionAdvice [ExceptionAdvice.java:25] org.springframework.web.servlet.mvc.method.AbstractHandlerMethodAdapter.handle(AbstractHandlerMethodAdapter.java:87)
2021-06-18 00:15:25,670 ERROR [http-nio-8080-exec-1] c.m.c.c.a.ExceptionAdvice [ExceptionAdvice.java:25] org.springframework.web.servlet.DispatcherServlet.doDispatch(DispatcherServlet.java:1060)
2021-06-18 00:15:25,670 ERROR [http-nio-8080-exec-1] c.m.c.c.a.ExceptionAdvice [ExceptionAdvice.java:25] org.springframework.web.servlet.DispatcherServlet.doService(DispatcherServlet.java:962)
2021-06-18 00:15:25,670 ERROR [http-nio-8080-exec-1] c.m.c.c.a.ExceptionAdvice [ExceptionAdvice.java:25] org.springframework.web.servlet.FrameworkServlet.processRequest(FrameworkServlet.java:1006)
2021-06-18 00:15:25,670 ERROR [http-nio-8080-exec-1] c.m.c.c.a.ExceptionAdvice [ExceptionAdvice.java:25] org.springframework.web.servlet.FrameworkServlet.doPost(FrameworkServlet.java:909)
2021-06-18 00:15:25,670 ERROR [http-nio-8080-exec-1] c.m.c.c.a.ExceptionAdvice [ExceptionAdvice.java:25] javax.servlet.http.HttpServlet.service(HttpServlet.java:652)
2021-06-18 00:15:25,670 ERROR [http-nio-8080-exec-1] c.m.c.c.a.ExceptionAdvice [ExceptionAdvice.java:25] org.springframework.web.servlet.FrameworkServlet.service(FrameworkServlet.java:883)
2021-06-18 00:15:25,670 ERROR [http-nio-8080-exec-1] c.m.c.c.a.ExceptionAdvice [ExceptionAdvice.java:25] javax.servlet.http.HttpServlet.service(HttpServlet.java:733)
2021-06-18 00:15:25,671 ERROR [http-nio-8080-exec-1] c.m.c.c.a.ExceptionAdvice [ExceptionAdvice.java:25] org.apache.catalina.core.ApplicationFilterChain.internalDoFilter(ApplicationFilterChain.java:227)
2021-06-18 00:15:25,671 ERROR [http-nio-8080-exec-1] c.m.c.c.a.ExceptionAdvice [ExceptionAdvice.java:25] org.apache.catalina.core.ApplicationFilterChain.doFilter(ApplicationFilterChain.java:162)
2021-06-18 00:15:25,671 ERROR [http-nio-8080-exec-1] c.m.c.c.a.ExceptionAdvice [ExceptionAdvice.java:25] org.apache.tomcat.websocket.server.WsFilter.doFilter(WsFilter.java:53)
2021-06-18 00:15:25,671 ERROR [http-nio-8080-exec-1] c.m.c.c.a.ExceptionAdvice [ExceptionAdvice.java:25] org.apache.catalina.core.ApplicationFilterChain.internalDoFilter(ApplicationFilterChain.java:189)
2021-06-18 00:15:25,671 ERROR [http-nio-8080-exec-1] c.m.c.c.a.ExceptionAdvice [ExceptionAdvice.java:25] org.apache.catalina.core.ApplicationFilterChain.doFilter(ApplicationFilterChain.java:162)
2021-06-18 00:15:25,671 ERROR [http-nio-8080-exec-1] c.m.c.c.a.ExceptionAdvice [ExceptionAdvice.java:25] org.springframework.web.filter.RequestContextFilter.doFilterInternal(RequestContextFilter.java:100)
2021-06-18 00:15:25,672 ERROR [http-nio-8080-exec-1] c.m.c.c.a.ExceptionAdvice [ExceptionAdvice.java:25] org.springframework.web.filter.OncePerRequestFilter.doFilter(OncePerRequestFilter.java:119)
2021-06-18 00:15:25,672 ERROR [http-nio-8080-exec-1] c.m.c.c.a.ExceptionAdvice [ExceptionAdvice.java:25] org.apache.catalina.core.ApplicationFilterChain.internalDoFilter(ApplicationFilterChain.java:189)
2021-06-18 00:15:25,672 ERROR [http-nio-8080-exec-1] c.m.c.c.a.ExceptionAdvice [ExceptionAdvice.java:25] org.apache.catalina.core.ApplicationFilterChain.doFilter(ApplicationFilterChain.java:162)
2021-06-18 00:15:25,672 ERROR [http-nio-8080-exec-1] c.m.c.c.a.ExceptionAdvice [ExceptionAdvice.java:25] org.springframework.web.filter.FormContentFilter.doFilterInternal(FormContentFilter.java:93)
2021-06-18 00:15:25,672 ERROR [http-nio-8080-exec-1] c.m.c.c.a.ExceptionAdvice [ExceptionAdvice.java:25] org.springframework.web.filter.OncePerRequestFilter.doFilter(OncePerRequestFilter.java:119)
2021-06-18 00:15:25,673 ERROR [http-nio-8080-exec-1] c.m.c.c.a.ExceptionAdvice [ExceptionAdvice.java:25] org.apache.catalina.core.ApplicationFilterChain.internalDoFilter(ApplicationFilterChain.java:189)
2021-06-18 00:15:25,673 ERROR [http-nio-8080-exec-1] c.m.c.c.a.ExceptionAdvice [ExceptionAdvice.java:25] org.apache.catalina.core.ApplicationFilterChain.doFilter(ApplicationFilterChain.java:162)
2021-06-18 00:15:25,673 ERROR [http-nio-8080-exec-1] c.m.c.c.a.ExceptionAdvice [ExceptionAdvice.java:25] org.springframework.web.filter.CharacterEncodingFilter.doFilterInternal(CharacterEncodingFilter.java:201)
2021-06-18 00:15:25,673 ERROR [http-nio-8080-exec-1] c.m.c.c.a.ExceptionAdvice [ExceptionAdvice.java:25] org.springframework.web.filter.OncePerRequestFilter.doFilter(OncePerRequestFilter.java:119)
2021-06-18 00:15:25,673 ERROR [http-nio-8080-exec-1] c.m.c.c.a.ExceptionAdvice [ExceptionAdvice.java:25] org.apache.catalina.core.ApplicationFilterChain.internalDoFilter(ApplicationFilterChain.java:189)
2021-06-18 00:15:25,673 ERROR [http-nio-8080-exec-1] c.m.c.c.a.ExceptionAdvice [ExceptionAdvice.java:25] org.apache.catalina.core.ApplicationFilterChain.doFilter(ApplicationFilterChain.java:162)
2021-06-18 00:15:25,673 ERROR [http-nio-8080-exec-1] c.m.c.c.a.ExceptionAdvice [ExceptionAdvice.java:25] org.apache.catalina.core.StandardWrapperValve.invoke(StandardWrapperValve.java:202)
2021-06-18 00:15:25,674 ERROR [http-nio-8080-exec-1] c.m.c.c.a.ExceptionAdvice [ExceptionAdvice.java:25] org.apache.catalina.core.StandardContextValve.invoke(StandardContextValve.java:97)
2021-06-18 00:15:25,674 ERROR [http-nio-8080-exec-1] c.m.c.c.a.ExceptionAdvice [ExceptionAdvice.java:25] org.apache.catalina.authenticator.AuthenticatorBase.invoke(AuthenticatorBase.java:542)
2021-06-18 00:15:25,674 ERROR [http-nio-8080-exec-1] c.m.c.c.a.ExceptionAdvice [ExceptionAdvice.java:25] org.apache.catalina.core.StandardHostValve.invoke(StandardHostValve.java:143)
2021-06-18 00:15:25,674 ERROR [http-nio-8080-exec-1] c.m.c.c.a.ExceptionAdvice [ExceptionAdvice.java:25] org.apache.catalina.valves.ErrorReportValve.invoke(ErrorReportValve.java:92)
2021-06-18 00:15:25,674 ERROR [http-nio-8080-exec-1] c.m.c.c.a.ExceptionAdvice [ExceptionAdvice.java:25] org.apache.catalina.core.StandardEngineValve.invoke(StandardEngineValve.java:78)
2021-06-18 00:15:25,674 ERROR [http-nio-8080-exec-1] c.m.c.c.a.ExceptionAdvice [ExceptionAdvice.java:25] org.apache.catalina.connector.CoyoteAdapter.service(CoyoteAdapter.java:346)
2021-06-18 00:15:25,674 ERROR [http-nio-8080-exec-1] c.m.c.c.a.ExceptionAdvice [ExceptionAdvice.java:25] org.apache.coyote.http11.Http11Processor.service(Http11Processor.java:374)
2021-06-18 00:15:25,674 ERROR [http-nio-8080-exec-1] c.m.c.c.a.ExceptionAdvice [ExceptionAdvice.java:25] org.apache.coyote.AbstractProcessorLight.process(AbstractProcessorLight.java:65)
2021-06-18 00:15:25,674 ERROR [http-nio-8080-exec-1] c.m.c.c.a.ExceptionAdvice [ExceptionAdvice.java:25] org.apache.coyote.AbstractProtocol$ConnectionHandler.process(AbstractProtocol.java:887)
2021-06-18 00:15:25,675 ERROR [http-nio-8080-exec-1] c.m.c.c.a.ExceptionAdvice [ExceptionAdvice.java:25] org.apache.tomcat.util.net.NioEndpoint$SocketProcessor.doRun(NioEndpoint.java:1684)
2021-06-18 00:15:25,675 ERROR [http-nio-8080-exec-1] c.m.c.c.a.ExceptionAdvice [ExceptionAdvice.java:25] org.apache.tomcat.util.net.SocketProcessorBase.run(SocketProcessorBase.java:49)
2021-06-18 00:15:25,675 ERROR [http-nio-8080-exec-1] c.m.c.c.a.ExceptionAdvice [ExceptionAdvice.java:25] java.base/java.util.concurrent.ThreadPoolExecutor.runWorker(ThreadPoolExecutor.java:1130)
2021-06-18 00:15:25,675 ERROR [http-nio-8080-exec-1] c.m.c.c.a.ExceptionAdvice [ExceptionAdvice.java:25] java.base/java.util.concurrent.ThreadPoolExecutor$Worker.run(ThreadPoolExecutor.java:630)
2021-06-18 00:15:25,675 ERROR [http-nio-8080-exec-1] c.m.c.c.a.ExceptionAdvice [ExceptionAdvice.java:25] org.apache.tomcat.util.threads.TaskThread$WrappingRunnable.run(TaskThread.java:61)
2021-06-18 00:15:25,675 ERROR [http-nio-8080-exec-1] c.m.c.c.a.ExceptionAdvice [ExceptionAdvice.java:25] java.base/java.lang.Thread.run(Thread.java:832)
