2021-06-16 01:14:19,897 INFO [SpringContextShutdownHook] o.s.s.c.ThreadPoolTaskExecutor [ExecutorConfigurationSupport.java:218] Shutting down ExecutorService 'applicationTaskExecutor'
2021-06-16 01:14:31,943 INFO [restartedMain] c.m.c.CommunityApplication [StartupInfoLogger.java:55] Starting CommunityApplication using Java 14.0.2 on maiheridembp with PID 44671 (/Users/maiheri/Documents/work/workspace/community/target/classes started by maiheri in /Users/maiheri/Documents/work/workspace/community)
2021-06-16 01:14:31,948 INFO [restartedMain] c.m.c.CommunityApplication [SpringApplication.java:660] No active profile set, falling back to default profiles: default
2021-06-16 01:14:32,101 INFO [restartedMain] o.s.b.d.e.DevToolsPropertyDefaultsPostProcessor [DeferredLog.java:255] Devtools property defaults active! Set 'spring.devtools.add-properties' to 'false' to disable
2021-06-16 01:14:32,102 INFO [restartedMain] o.s.b.d.e.DevToolsPropertyDefaultsPostProcessor [DeferredLog.java:255] For additional web related logging consider setting the 'logging.level.web' property to 'DEBUG'
2021-06-16 01:14:34,190 INFO [restartedMain] o.s.b.w.e.t.TomcatWebServer [TomcatWebServer.java:108] Tomcat initialized with port(s): 8080 (http)
2021-06-16 01:14:34,209 INFO [restartedMain] o.a.c.h.Http11NioProtocol [DirectJDKLog.java:173] Initializing ProtocolHandler ["http-nio-8080"]
2021-06-16 01:14:34,209 INFO [restartedMain] o.a.c.c.StandardService [DirectJDKLog.java:173] Starting service [Tomcat]
2021-06-16 01:14:34,210 INFO [restartedMain] o.a.c.c.StandardEngine [DirectJDKLog.java:173] Starting Servlet engine: [Apache Tomcat/9.0.43]
2021-06-16 01:14:34,312 INFO [restartedMain] o.a.c.c.C.[.[.[/community] [DirectJDKLog.java:173] Initializing Spring embedded WebApplicationContext
2021-06-16 01:14:34,313 INFO [restartedMain] o.s.b.w.s.c.ServletWebServerApplicationContext [ServletWebServerApplicationContext.java:289] Root WebApplicationContext: initialization completed in 2210 ms
2021-06-16 01:14:35,224 INFO [restartedMain] o.s.s.c.ThreadPoolTaskExecutor [ExecutorConfigurationSupport.java:181] Initializing ExecutorService 'applicationTaskExecutor'
2021-06-16 01:14:35,343 INFO [restartedMain] o.s.b.a.w.s.WelcomePageHandlerMapping [WelcomePageHandlerMapping.java:57] Adding welcome page template: index
2021-06-16 01:14:35,552 INFO [restartedMain] o.s.b.d.a.OptionalLiveReloadServer [OptionalLiveReloadServer.java:58] LiveReload server is running on port 35729
2021-06-16 01:14:35,578 INFO [restartedMain] o.a.c.h.Http11NioProtocol [DirectJDKLog.java:173] Starting ProtocolHandler ["http-nio-8080"]
2021-06-16 01:14:35,603 INFO [restartedMain] o.s.b.w.e.t.TomcatWebServer [TomcatWebServer.java:220] Tomcat started on port(s): 8080 (http) with context path '/community'
2021-06-16 01:14:35,618 INFO [restartedMain] c.m.c.CommunityApplication [StartupInfoLogger.java:61] Started CommunityApplication in 4.835 seconds (JVM running for 7.634)
2021-06-16 01:14:43,502 INFO [http-nio-8080-exec-1] o.a.c.c.C.[.[.[/community] [DirectJDKLog.java:173] Initializing Spring DispatcherServlet 'dispatcherServlet'
2021-06-16 01:14:43,503 INFO [http-nio-8080-exec-1] o.s.w.s.DispatcherServlet [FrameworkServlet.java:525] Initializing Servlet 'dispatcherServlet'
2021-06-16 01:14:43,505 INFO [http-nio-8080-exec-1] o.s.w.s.DispatcherServlet [FrameworkServlet.java:547] Completed initialization in 1 ms
2021-06-16 01:14:43,551 INFO [http-nio-8080-exec-1] c.z.h.HikariDataSource [HikariDataSource.java:110] HikariPool-1 - Starting...
2021-06-16 01:14:43,837 INFO [http-nio-8080-exec-1] c.z.h.HikariDataSource [HikariDataSource.java:123] HikariPool-1 - Start completed.
2021-06-16 01:16:15,720 INFO [SpringContextShutdownHook] o.s.s.c.ThreadPoolTaskExecutor [ExecutorConfigurationSupport.java:218] Shutting down ExecutorService 'applicationTaskExecutor'
2021-06-16 01:16:15,728 INFO [SpringContextShutdownHook] c.z.h.HikariDataSource [HikariDataSource.java:350] HikariPool-1 - Shutdown initiated...
2021-06-16 01:16:15,760 INFO [SpringContextShutdownHook] c.z.h.HikariDataSource [HikariDataSource.java:352] HikariPool-1 - Shutdown completed.
2021-06-16 01:16:19,307 INFO [restartedMain] c.m.c.CommunityApplication [StartupInfoLogger.java:55] Starting CommunityApplication using Java 14.0.2 on maiheridembp with PID 44763 (/Users/maiheri/Documents/work/workspace/community/target/classes started by maiheri in /Users/maiheri/Documents/work/workspace/community)
2021-06-16 01:16:19,311 INFO [restartedMain] c.m.c.CommunityApplication [SpringApplication.java:660] No active profile set, falling back to default profiles: default
2021-06-16 01:16:19,383 INFO [restartedMain] o.s.b.d.e.DevToolsPropertyDefaultsPostProcessor [DeferredLog.java:255] Devtools property defaults active! Set 'spring.devtools.add-properties' to 'false' to disable
2021-06-16 01:16:19,384 INFO [restartedMain] o.s.b.d.e.DevToolsPropertyDefaultsPostProcessor [DeferredLog.java:255] For additional web related logging consider setting the 'logging.level.web' property to 'DEBUG'
2021-06-16 01:16:21,138 INFO [restartedMain] o.s.b.w.e.t.TomcatWebServer [TomcatWebServer.java:108] Tomcat initialized with port(s): 8080 (http)
2021-06-16 01:16:21,150 INFO [restartedMain] o.a.c.h.Http11NioProtocol [DirectJDKLog.java:173] Initializing ProtocolHandler ["http-nio-8080"]
2021-06-16 01:16:21,151 INFO [restartedMain] o.a.c.c.StandardService [DirectJDKLog.java:173] Starting service [Tomcat]
2021-06-16 01:16:21,152 INFO [restartedMain] o.a.c.c.StandardEngine [DirectJDKLog.java:173] Starting Servlet engine: [Apache Tomcat/9.0.43]
2021-06-16 01:16:21,228 INFO [restartedMain] o.a.c.c.C.[.[.[/community] [DirectJDKLog.java:173] Initializing Spring embedded WebApplicationContext
2021-06-16 01:16:21,228 INFO [restartedMain] o.s.b.w.s.c.ServletWebServerApplicationContext [ServletWebServerApplicationContext.java:289] Root WebApplicationContext: initialization completed in 1843 ms
2021-06-16 01:16:22,047 INFO [restartedMain] o.s.s.c.ThreadPoolTaskExecutor [ExecutorConfigurationSupport.java:181] Initializing ExecutorService 'applicationTaskExecutor'
2021-06-16 01:16:22,153 INFO [restartedMain] o.s.b.a.w.s.WelcomePageHandlerMapping [WelcomePageHandlerMapping.java:57] Adding welcome page template: index
2021-06-16 01:16:22,968 INFO [restartedMain] o.s.b.d.a.OptionalLiveReloadServer [OptionalLiveReloadServer.java:58] LiveReload server is running on port 35729
2021-06-16 01:16:22,989 INFO [restartedMain] o.a.c.h.Http11NioProtocol [DirectJDKLog.java:173] Starting ProtocolHandler ["http-nio-8080"]
2021-06-16 01:16:23,019 INFO [restartedMain] o.s.b.w.e.t.TomcatWebServer [TomcatWebServer.java:220] Tomcat started on port(s): 8080 (http) with context path '/community'
2021-06-16 01:16:23,033 INFO [restartedMain] c.m.c.CommunityApplication [StartupInfoLogger.java:61] Started CommunityApplication in 4.282 seconds (JVM running for 5.038)
2021-06-16 01:16:28,875 INFO [http-nio-8080-exec-3] o.a.c.c.C.[.[.[/community] [DirectJDKLog.java:173] Initializing Spring DispatcherServlet 'dispatcherServlet'
2021-06-16 01:16:28,876 INFO [http-nio-8080-exec-3] o.s.w.s.DispatcherServlet [FrameworkServlet.java:525] Initializing Servlet 'dispatcherServlet'
2021-06-16 01:16:28,877 INFO [http-nio-8080-exec-3] o.s.w.s.DispatcherServlet [FrameworkServlet.java:547] Completed initialization in 1 ms
2021-06-16 01:16:43,330 INFO [http-nio-8080-exec-4] c.z.h.HikariDataSource [HikariDataSource.java:110] HikariPool-1 - Starting...
2021-06-16 01:16:43,559 INFO [http-nio-8080-exec-4] c.z.h.HikariDataSource [HikariDataSource.java:123] HikariPool-1 - Start completed.
2021-06-16 01:18:25,243 INFO [SpringContextShutdownHook] o.s.s.c.ThreadPoolTaskExecutor [ExecutorConfigurationSupport.java:218] Shutting down ExecutorService 'applicationTaskExecutor'
2021-06-16 01:18:25,251 INFO [SpringContextShutdownHook] c.z.h.HikariDataSource [HikariDataSource.java:350] HikariPool-1 - Shutdown initiated...
2021-06-16 01:18:25,272 INFO [SpringContextShutdownHook] c.z.h.HikariDataSource [HikariDataSource.java:352] HikariPool-1 - Shutdown completed.
2021-06-16 01:18:28,909 INFO [restartedMain] c.m.c.CommunityApplication [StartupInfoLogger.java:55] Starting CommunityApplication using Java 14.0.2 on maiheridembp with PID 44862 (/Users/maiheri/Documents/work/workspace/community/target/classes started by maiheri in /Users/maiheri/Documents/work/workspace/community)
2021-06-16 01:18:28,913 INFO [restartedMain] c.m.c.CommunityApplication [SpringApplication.java:660] No active profile set, falling back to default profiles: default
2021-06-16 01:18:28,995 INFO [restartedMain] o.s.b.d.e.DevToolsPropertyDefaultsPostProcessor [DeferredLog.java:255] Devtools property defaults active! Set 'spring.devtools.add-properties' to 'false' to disable
2021-06-16 01:18:28,996 INFO [restartedMain] o.s.b.d.e.DevToolsPropertyDefaultsPostProcessor [DeferredLog.java:255] For additional web related logging consider setting the 'logging.level.web' property to 'DEBUG'
2021-06-16 01:18:30,770 INFO [restartedMain] o.s.b.w.e.t.TomcatWebServer [TomcatWebServer.java:108] Tomcat initialized with port(s): 8080 (http)
2021-06-16 01:18:30,781 INFO [restartedMain] o.a.c.h.Http11NioProtocol [DirectJDKLog.java:173] Initializing ProtocolHandler ["http-nio-8080"]
2021-06-16 01:18:30,781 INFO [restartedMain] o.a.c.c.StandardService [DirectJDKLog.java:173] Starting service [Tomcat]
2021-06-16 01:18:30,782 INFO [restartedMain] o.a.c.c.StandardEngine [DirectJDKLog.java:173] Starting Servlet engine: [Apache Tomcat/9.0.43]
2021-06-16 01:18:30,858 INFO [restartedMain] o.a.c.c.C.[.[.[/community] [DirectJDKLog.java:173] Initializing Spring embedded WebApplicationContext
2021-06-16 01:18:30,858 INFO [restartedMain] o.s.b.w.s.c.ServletWebServerApplicationContext [ServletWebServerApplicationContext.java:289] Root WebApplicationContext: initialization completed in 1862 ms
2021-06-16 01:18:31,490 INFO [restartedMain] o.s.s.c.ThreadPoolTaskExecutor [ExecutorConfigurationSupport.java:181] Initializing ExecutorService 'applicationTaskExecutor'
2021-06-16 01:18:31,582 INFO [restartedMain] o.s.b.a.w.s.WelcomePageHandlerMapping [WelcomePageHandlerMapping.java:57] Adding welcome page template: index
2021-06-16 01:18:31,752 INFO [restartedMain] o.s.b.d.a.OptionalLiveReloadServer [OptionalLiveReloadServer.java:58] LiveReload server is running on port 35729
2021-06-16 01:18:31,778 INFO [restartedMain] o.a.c.h.Http11NioProtocol [DirectJDKLog.java:173] Starting ProtocolHandler ["http-nio-8080"]
2021-06-16 01:18:31,800 INFO [restartedMain] o.s.b.w.e.t.TomcatWebServer [TomcatWebServer.java:220] Tomcat started on port(s): 8080 (http) with context path '/community'
2021-06-16 01:18:31,810 INFO [restartedMain] c.m.c.CommunityApplication [StartupInfoLogger.java:61] Started CommunityApplication in 3.391 seconds (JVM running for 3.978)
2021-06-16 01:18:38,338 INFO [http-nio-8080-exec-1] o.a.c.c.C.[.[.[/community] [DirectJDKLog.java:173] Initializing Spring DispatcherServlet 'dispatcherServlet'
2021-06-16 01:18:38,339 INFO [http-nio-8080-exec-1] o.s.w.s.DispatcherServlet [FrameworkServlet.java:525] Initializing Servlet 'dispatcherServlet'
2021-06-16 01:18:38,342 INFO [http-nio-8080-exec-1] o.s.w.s.DispatcherServlet [FrameworkServlet.java:547] Completed initialization in 2 ms
2021-06-16 01:18:38,402 INFO [http-nio-8080-exec-1] c.z.h.HikariDataSource [HikariDataSource.java:110] HikariPool-1 - Starting...
2021-06-16 01:18:38,637 INFO [http-nio-8080-exec-1] c.z.h.HikariDataSource [HikariDataSource.java:123] HikariPool-1 - Start completed.
2021-06-16 18:47:44,498 INFO [SpringContextShutdownHook] o.s.s.c.ThreadPoolTaskExecutor [ExecutorConfigurationSupport.java:218] Shutting down ExecutorService 'applicationTaskExecutor'
2021-06-16 18:47:44,558 INFO [SpringContextShutdownHook] c.z.h.HikariDataSource [HikariDataSource.java:350] HikariPool-1 - Shutdown initiated...
2021-06-16 18:47:44,581 INFO [SpringContextShutdownHook] c.z.h.HikariDataSource [HikariDataSource.java:352] HikariPool-1 - Shutdown completed.
2021-06-16 19:16:05,827 INFO [restartedMain] c.m.c.CommunityApplication [StartupInfoLogger.java:55] Starting CommunityApplication using Java 14.0.2 on maiheridembp with PID 74563 (/Users/maiheri/Documents/work/workspace/community/target/classes started by maiheri in /Users/maiheri/Documents/work/workspace/community)
2021-06-16 19:16:05,831 INFO [restartedMain] c.m.c.CommunityApplication [SpringApplication.java:660] No active profile set, falling back to default profiles: default
2021-06-16 19:16:06,016 INFO [restartedMain] o.s.b.d.e.DevToolsPropertyDefaultsPostProcessor [DeferredLog.java:255] Devtools property defaults active! Set 'spring.devtools.add-properties' to 'false' to disable
2021-06-16 19:16:06,018 INFO [restartedMain] o.s.b.d.e.DevToolsPropertyDefaultsPostProcessor [DeferredLog.java:255] For additional web related logging consider setting the 'logging.level.web' property to 'DEBUG'
2021-06-16 19:16:08,133 INFO [restartedMain] o.s.b.w.e.t.TomcatWebServer [TomcatWebServer.java:108] Tomcat initialized with port(s): 8080 (http)
2021-06-16 19:16:08,154 INFO [restartedMain] o.a.c.h.Http11NioProtocol [DirectJDKLog.java:173] Initializing ProtocolHandler ["http-nio-8080"]
2021-06-16 19:16:08,154 INFO [restartedMain] o.a.c.c.StandardService [DirectJDKLog.java:173] Starting service [Tomcat]
2021-06-16 19:16:08,155 INFO [restartedMain] o.a.c.c.StandardEngine [DirectJDKLog.java:173] Starting Servlet engine: [Apache Tomcat/9.0.43]
2021-06-16 19:16:08,244 INFO [restartedMain] o.a.c.c.C.[.[.[/community] [DirectJDKLog.java:173] Initializing Spring embedded WebApplicationContext
2021-06-16 19:16:08,245 INFO [restartedMain] o.s.b.w.s.c.ServletWebServerApplicationContext [ServletWebServerApplicationContext.java:289] Root WebApplicationContext: initialization completed in 2226 ms
2021-06-16 19:16:09,418 INFO [restartedMain] o.s.s.c.ThreadPoolTaskExecutor [ExecutorConfigurationSupport.java:181] Initializing ExecutorService 'applicationTaskExecutor'
2021-06-16 19:16:09,533 INFO [restartedMain] o.s.b.a.w.s.WelcomePageHandlerMapping [WelcomePageHandlerMapping.java:57] Adding welcome page template: index
2021-06-16 19:16:09,710 INFO [restartedMain] o.s.b.d.a.OptionalLiveReloadServer [OptionalLiveReloadServer.java:58] LiveReload server is running on port 35729
2021-06-16 19:16:09,733 INFO [restartedMain] o.a.c.h.Http11NioProtocol [DirectJDKLog.java:173] Starting ProtocolHandler ["http-nio-8080"]
2021-06-16 19:16:09,765 INFO [restartedMain] o.s.b.w.e.t.TomcatWebServer [TomcatWebServer.java:220] Tomcat started on port(s): 8080 (http) with context path '/community'
2021-06-16 19:16:09,781 INFO [restartedMain] c.m.c.CommunityApplication [StartupInfoLogger.java:61] Started CommunityApplication in 4.869 seconds (JVM running for 5.588)
2021-06-16 19:16:22,657 INFO [http-nio-8080-exec-1] o.a.c.c.C.[.[.[/community] [DirectJDKLog.java:173] Initializing Spring DispatcherServlet 'dispatcherServlet'
2021-06-16 19:16:22,659 INFO [http-nio-8080-exec-1] o.s.w.s.DispatcherServlet [FrameworkServlet.java:525] Initializing Servlet 'dispatcherServlet'
2021-06-16 19:16:22,667 INFO [http-nio-8080-exec-1] o.s.w.s.DispatcherServlet [FrameworkServlet.java:547] Completed initialization in 8 ms
2021-06-16 19:16:22,795 INFO [http-nio-8080-exec-1] c.z.h.HikariDataSource [HikariDataSource.java:110] HikariPool-1 - Starting...
2021-06-16 19:16:23,119 INFO [http-nio-8080-exec-1] c.z.h.HikariDataSource [HikariDataSource.java:123] HikariPool-1 - Start completed.
2021-06-16 19:25:25,008 INFO [SpringContextShutdownHook] o.s.s.c.ThreadPoolTaskExecutor [ExecutorConfigurationSupport.java:218] Shutting down ExecutorService 'applicationTaskExecutor'
2021-06-16 19:25:25,085 INFO [SpringContextShutdownHook] c.z.h.HikariDataSource [HikariDataSource.java:350] HikariPool-1 - Shutdown initiated...
2021-06-16 19:25:25,139 INFO [SpringContextShutdownHook] c.z.h.HikariDataSource [HikariDataSource.java:352] HikariPool-1 - Shutdown completed.
2021-06-16 19:25:31,781 INFO [restartedMain] c.m.c.CommunityApplication [StartupInfoLogger.java:55] Starting CommunityApplication using Java 14.0.2 on maiheridembp with PID 75005 (/Users/maiheri/Documents/work/workspace/community/target/classes started by maiheri in /Users/maiheri/Documents/work/workspace/community)
2021-06-16 19:25:31,785 INFO [restartedMain] c.m.c.CommunityApplication [SpringApplication.java:660] No active profile set, falling back to default profiles: default
2021-06-16 19:25:31,857 INFO [restartedMain] o.s.b.d.e.DevToolsPropertyDefaultsPostProcessor [DeferredLog.java:255] Devtools property defaults active! Set 'spring.devtools.add-properties' to 'false' to disable
2021-06-16 19:25:31,858 INFO [restartedMain] o.s.b.d.e.DevToolsPropertyDefaultsPostProcessor [DeferredLog.java:255] For additional web related logging consider setting the 'logging.level.web' property to 'DEBUG'
2021-06-16 19:25:33,338 INFO [restartedMain] o.s.b.w.e.t.TomcatWebServer [TomcatWebServer.java:108] Tomcat initialized with port(s): 8080 (http)
2021-06-16 19:25:33,351 INFO [restartedMain] o.a.c.h.Http11NioProtocol [DirectJDKLog.java:173] Initializing ProtocolHandler ["http-nio-8080"]
2021-06-16 19:25:33,351 INFO [restartedMain] o.a.c.c.StandardService [DirectJDKLog.java:173] Starting service [Tomcat]
2021-06-16 19:25:33,352 INFO [restartedMain] o.a.c.c.StandardEngine [DirectJDKLog.java:173] Starting Servlet engine: [Apache Tomcat/9.0.43]
2021-06-16 19:25:33,432 INFO [restartedMain] o.a.c.c.C.[.[.[/community] [DirectJDKLog.java:173] Initializing Spring embedded WebApplicationContext
2021-06-16 19:25:33,432 INFO [restartedMain] o.s.b.w.s.c.ServletWebServerApplicationContext [ServletWebServerApplicationContext.java:289] Root WebApplicationContext: initialization completed in 1574 ms
2021-06-16 19:25:34,177 INFO [restartedMain] o.s.s.c.ThreadPoolTaskExecutor [ExecutorConfigurationSupport.java:181] Initializing ExecutorService 'applicationTaskExecutor'
2021-06-16 19:25:34,285 INFO [restartedMain] o.s.b.a.w.s.WelcomePageHandlerMapping [WelcomePageHandlerMapping.java:57] Adding welcome page template: index
2021-06-16 19:25:34,511 INFO [restartedMain] o.s.b.d.a.OptionalLiveReloadServer [OptionalLiveReloadServer.java:58] LiveReload server is running on port 35729
2021-06-16 19:25:34,542 INFO [restartedMain] o.a.c.h.Http11NioProtocol [DirectJDKLog.java:173] Starting ProtocolHandler ["http-nio-8080"]
2021-06-16 19:25:34,630 INFO [restartedMain] o.s.b.w.e.t.TomcatWebServer [TomcatWebServer.java:220] Tomcat started on port(s): 8080 (http) with context path '/community'
2021-06-16 19:25:34,661 INFO [restartedMain] c.m.c.CommunityApplication [StartupInfoLogger.java:61] Started CommunityApplication in 3.575 seconds (JVM running for 5.07)
2021-06-16 19:25:41,142 INFO [http-nio-8080-exec-3] o.a.c.c.C.[.[.[/community] [DirectJDKLog.java:173] Initializing Spring DispatcherServlet 'dispatcherServlet'
2021-06-16 19:25:41,143 INFO [http-nio-8080-exec-3] o.s.w.s.DispatcherServlet [FrameworkServlet.java:525] Initializing Servlet 'dispatcherServlet'
2021-06-16 19:25:41,145 INFO [http-nio-8080-exec-3] o.s.w.s.DispatcherServlet [FrameworkServlet.java:547] Completed initialization in 1 ms
2021-06-16 19:25:43,358 INFO [http-nio-8080-exec-4] c.z.h.HikariDataSource [HikariDataSource.java:110] HikariPool-1 - Starting...
2021-06-16 19:25:43,618 INFO [http-nio-8080-exec-4] c.z.h.HikariDataSource [HikariDataSource.java:123] HikariPool-1 - Start completed.
2021-06-16 19:35:21,765 INFO [SpringContextShutdownHook] o.s.s.c.ThreadPoolTaskExecutor [ExecutorConfigurationSupport.java:218] Shutting down ExecutorService 'applicationTaskExecutor'
2021-06-16 19:35:21,796 INFO [SpringContextShutdownHook] c.z.h.HikariDataSource [HikariDataSource.java:350] HikariPool-1 - Shutdown initiated...
2021-06-16 19:35:21,810 INFO [SpringContextShutdownHook] c.z.h.HikariDataSource [HikariDataSource.java:352] HikariPool-1 - Shutdown completed.
2021-06-16 19:43:44,062 INFO [restartedMain] c.m.c.CommunityApplication [StartupInfoLogger.java:55] Starting CommunityApplication using Java 14.0.2 on maiheridembp with PID 75800 (/Users/maiheri/Documents/work/workspace/community/target/classes started by maiheri in /Users/maiheri/Documents/work/workspace/community)
2021-06-16 19:43:44,069 INFO [restartedMain] c.m.c.CommunityApplication [SpringApplication.java:660] No active profile set, falling back to default profiles: default
2021-06-16 19:43:44,155 INFO [restartedMain] o.s.b.d.e.DevToolsPropertyDefaultsPostProcessor [DeferredLog.java:255] Devtools property defaults active! Set 'spring.devtools.add-properties' to 'false' to disable
2021-06-16 19:43:44,156 INFO [restartedMain] o.s.b.d.e.DevToolsPropertyDefaultsPostProcessor [DeferredLog.java:255] For additional web related logging consider setting the 'logging.level.web' property to 'DEBUG'
2021-06-16 19:43:45,762 INFO [restartedMain] o.s.b.w.e.t.TomcatWebServer [TomcatWebServer.java:108] Tomcat initialized with port(s): 8080 (http)
2021-06-16 19:43:45,783 INFO [restartedMain] o.a.c.h.Http11NioProtocol [DirectJDKLog.java:173] Initializing ProtocolHandler ["http-nio-8080"]
2021-06-16 19:43:45,785 INFO [restartedMain] o.a.c.c.StandardService [DirectJDKLog.java:173] Starting service [Tomcat]
2021-06-16 19:43:45,786 INFO [restartedMain] o.a.c.c.StandardEngine [DirectJDKLog.java:173] Starting Servlet engine: [Apache Tomcat/9.0.43]
2021-06-16 19:43:45,942 INFO [restartedMain] o.a.c.c.C.[.[.[/community] [DirectJDKLog.java:173] Initializing Spring embedded WebApplicationContext
2021-06-16 19:43:45,943 INFO [restartedMain] o.s.b.w.s.c.ServletWebServerApplicationContext [ServletWebServerApplicationContext.java:289] Root WebApplicationContext: initialization completed in 1787 ms
2021-06-16 19:43:47,099 INFO [restartedMain] o.s.s.c.ThreadPoolTaskExecutor [ExecutorConfigurationSupport.java:181] Initializing ExecutorService 'applicationTaskExecutor'
2021-06-16 19:43:47,297 INFO [restartedMain] o.s.b.a.w.s.WelcomePageHandlerMapping [WelcomePageHandlerMapping.java:57] Adding welcome page template: index
2021-06-16 19:43:47,598 INFO [restartedMain] o.s.b.d.a.OptionalLiveReloadServer [OptionalLiveReloadServer.java:58] LiveReload server is running on port 35729
2021-06-16 19:43:47,629 INFO [restartedMain] o.a.c.h.Http11NioProtocol [DirectJDKLog.java:173] Starting ProtocolHandler ["http-nio-8080"]
2021-06-16 19:43:47,701 INFO [restartedMain] o.s.b.w.e.t.TomcatWebServer [TomcatWebServer.java:220] Tomcat started on port(s): 8080 (http) with context path '/community'
2021-06-16 19:43:47,730 INFO [restartedMain] c.m.c.CommunityApplication [StartupInfoLogger.java:61] Started CommunityApplication in 4.334 seconds (JVM running for 5.795)
2021-06-16 19:43:54,166 INFO [http-nio-8080-exec-2] o.a.c.c.C.[.[.[/community] [DirectJDKLog.java:173] Initializing Spring DispatcherServlet 'dispatcherServlet'
2021-06-16 19:43:54,169 INFO [http-nio-8080-exec-2] o.s.w.s.DispatcherServlet [FrameworkServlet.java:525] Initializing Servlet 'dispatcherServlet'
2021-06-16 19:43:54,173 INFO [http-nio-8080-exec-2] o.s.w.s.DispatcherServlet [FrameworkServlet.java:547] Completed initialization in 3 ms
2021-06-16 19:43:55,972 INFO [http-nio-8080-exec-4] c.z.h.HikariDataSource [HikariDataSource.java:110] HikariPool-1 - Starting...
2021-06-16 19:43:56,224 INFO [http-nio-8080-exec-4] c.z.h.HikariDataSource [HikariDataSource.java:123] HikariPool-1 - Start completed.
2021-06-16 19:57:25,246 INFO [SpringContextShutdownHook] o.s.s.c.ThreadPoolTaskExecutor [ExecutorConfigurationSupport.java:218] Shutting down ExecutorService 'applicationTaskExecutor'
2021-06-16 19:57:25,261 INFO [SpringContextShutdownHook] c.z.h.HikariDataSource [HikariDataSource.java:350] HikariPool-1 - Shutdown initiated...
2021-06-16 19:57:25,304 INFO [SpringContextShutdownHook] c.z.h.HikariDataSource [HikariDataSource.java:352] HikariPool-1 - Shutdown completed.
2021-06-16 19:57:30,375 INFO [restartedMain] c.m.c.CommunityApplication [StartupInfoLogger.java:55] Starting CommunityApplication using Java 14.0.2 on maiheridembp with PID 76455 (/Users/maiheri/Documents/work/workspace/community/target/classes started by maiheri in /Users/maiheri/Documents/work/workspace/community)
2021-06-16 19:57:30,378 INFO [restartedMain] c.m.c.CommunityApplication [SpringApplication.java:660] No active profile set, falling back to default profiles: default
2021-06-16 19:57:30,467 INFO [restartedMain] o.s.b.d.e.DevToolsPropertyDefaultsPostProcessor [DeferredLog.java:255] Devtools property defaults active! Set 'spring.devtools.add-properties' to 'false' to disable
2021-06-16 19:57:30,468 INFO [restartedMain] o.s.b.d.e.DevToolsPropertyDefaultsPostProcessor [DeferredLog.java:255] For additional web related logging consider setting the 'logging.level.web' property to 'DEBUG'
2021-06-16 19:57:32,074 INFO [restartedMain] o.s.b.w.e.t.TomcatWebServer [TomcatWebServer.java:108] Tomcat initialized with port(s): 8080 (http)
2021-06-16 19:57:32,089 INFO [restartedMain] o.a.c.h.Http11NioProtocol [DirectJDKLog.java:173] Initializing ProtocolHandler ["http-nio-8080"]
2021-06-16 19:57:32,090 INFO [restartedMain] o.a.c.c.StandardService [DirectJDKLog.java:173] Starting service [Tomcat]
2021-06-16 19:57:32,090 INFO [restartedMain] o.a.c.c.StandardEngine [DirectJDKLog.java:173] Starting Servlet engine: [Apache Tomcat/9.0.43]
2021-06-16 19:57:32,170 INFO [restartedMain] o.a.c.c.C.[.[.[/community] [DirectJDKLog.java:173] Initializing Spring embedded WebApplicationContext
2021-06-16 19:57:32,170 INFO [restartedMain] o.s.b.w.s.c.ServletWebServerApplicationContext [ServletWebServerApplicationContext.java:289] Root WebApplicationContext: initialization completed in 1701 ms
2021-06-16 19:57:32,937 INFO [restartedMain] o.s.s.c.ThreadPoolTaskExecutor [ExecutorConfigurationSupport.java:181] Initializing ExecutorService 'applicationTaskExecutor'
2021-06-16 19:57:33,063 INFO [restartedMain] o.s.b.a.w.s.WelcomePageHandlerMapping [WelcomePageHandlerMapping.java:57] Adding welcome page template: index
2021-06-16 19:57:33,227 INFO [restartedMain] o.s.b.d.a.OptionalLiveReloadServer [OptionalLiveReloadServer.java:58] LiveReload server is running on port 35729
2021-06-16 19:57:33,245 INFO [restartedMain] o.a.c.h.Http11NioProtocol [DirectJDKLog.java:173] Starting ProtocolHandler ["http-nio-8080"]
2021-06-16 19:57:33,270 INFO [restartedMain] o.s.b.w.e.t.TomcatWebServer [TomcatWebServer.java:220] Tomcat started on port(s): 8080 (http) with context path '/community'
2021-06-16 19:57:33,286 INFO [restartedMain] c.m.c.CommunityApplication [StartupInfoLogger.java:61] Started CommunityApplication in 3.592 seconds (JVM running for 4.599)
2021-06-16 19:57:39,959 INFO [http-nio-8080-exec-1] o.a.c.c.C.[.[.[/community] [DirectJDKLog.java:173] Initializing Spring DispatcherServlet 'dispatcherServlet'
2021-06-16 19:57:39,960 INFO [http-nio-8080-exec-1] o.s.w.s.DispatcherServlet [FrameworkServlet.java:525] Initializing Servlet 'dispatcherServlet'
2021-06-16 19:57:39,965 INFO [http-nio-8080-exec-1] o.s.w.s.DispatcherServlet [FrameworkServlet.java:547] Completed initialization in 5 ms
2021-06-16 19:57:42,439 INFO [http-nio-8080-exec-4] c.z.h.HikariDataSource [HikariDataSource.java:110] HikariPool-1 - Starting...
2021-06-16 19:57:42,709 INFO [http-nio-8080-exec-4] c.z.h.HikariDataSource [HikariDataSource.java:123] HikariPool-1 - Start completed.
2021-06-16 20:01:18,382 INFO [SpringContextShutdownHook] o.s.s.c.ThreadPoolTaskExecutor [ExecutorConfigurationSupport.java:218] Shutting down ExecutorService 'applicationTaskExecutor'
2021-06-16 20:01:18,387 INFO [SpringContextShutdownHook] c.z.h.HikariDataSource [HikariDataSource.java:350] HikariPool-1 - Shutdown initiated...
2021-06-16 20:01:18,407 INFO [SpringContextShutdownHook] c.z.h.HikariDataSource [HikariDataSource.java:352] HikariPool-1 - Shutdown completed.
2021-06-16 20:01:22,400 INFO [restartedMain] c.m.c.CommunityApplication [StartupInfoLogger.java:55] Starting CommunityApplication using Java 14.0.2 on maiheridembp with PID 76635 (/Users/maiheri/Documents/work/workspace/community/target/classes started by maiheri in /Users/maiheri/Documents/work/workspace/community)
2021-06-16 20:01:22,404 INFO [restartedMain] c.m.c.CommunityApplication [SpringApplication.java:660] No active profile set, falling back to default profiles: default
2021-06-16 20:01:22,471 INFO [restartedMain] o.s.b.d.e.DevToolsPropertyDefaultsPostProcessor [DeferredLog.java:255] Devtools property defaults active! Set 'spring.devtools.add-properties' to 'false' to disable
2021-06-16 20:01:22,472 INFO [restartedMain] o.s.b.d.e.DevToolsPropertyDefaultsPostProcessor [DeferredLog.java:255] For additional web related logging consider setting the 'logging.level.web' property to 'DEBUG'
2021-06-16 20:01:23,749 INFO [restartedMain] o.s.b.w.e.t.TomcatWebServer [TomcatWebServer.java:108] Tomcat initialized with port(s): 8080 (http)
2021-06-16 20:01:23,762 INFO [restartedMain] o.a.c.h.Http11NioProtocol [DirectJDKLog.java:173] Initializing ProtocolHandler ["http-nio-8080"]
2021-06-16 20:01:23,763 INFO [restartedMain] o.a.c.c.StandardService [DirectJDKLog.java:173] Starting service [Tomcat]
2021-06-16 20:01:23,763 INFO [restartedMain] o.a.c.c.StandardEngine [DirectJDKLog.java:173] Starting Servlet engine: [Apache Tomcat/9.0.43]
2021-06-16 20:01:23,822 INFO [restartedMain] o.a.c.c.C.[.[.[/community] [DirectJDKLog.java:173] Initializing Spring embedded WebApplicationContext
2021-06-16 20:01:23,822 INFO [restartedMain] o.s.b.w.s.c.ServletWebServerApplicationContext [ServletWebServerApplicationContext.java:289] Root WebApplicationContext: initialization completed in 1349 ms
2021-06-16 20:01:24,454 INFO [restartedMain] o.s.s.c.ThreadPoolTaskExecutor [ExecutorConfigurationSupport.java:181] Initializing ExecutorService 'applicationTaskExecutor'
2021-06-16 20:01:24,560 INFO [restartedMain] o.s.b.a.w.s.WelcomePageHandlerMapping [WelcomePageHandlerMapping.java:57] Adding welcome page template: index
2021-06-16 20:01:24,700 INFO [restartedMain] o.s.b.d.a.OptionalLiveReloadServer [OptionalLiveReloadServer.java:58] LiveReload server is running on port 35729
2021-06-16 20:01:24,715 INFO [restartedMain] o.a.c.h.Http11NioProtocol [DirectJDKLog.java:173] Starting ProtocolHandler ["http-nio-8080"]
2021-06-16 20:01:24,736 INFO [restartedMain] o.s.b.w.e.t.TomcatWebServer [TomcatWebServer.java:220] Tomcat started on port(s): 8080 (http) with context path '/community'
2021-06-16 20:01:24,746 INFO [restartedMain] c.m.c.CommunityApplication [StartupInfoLogger.java:61] Started CommunityApplication in 2.967 seconds (JVM running for 3.857)
2021-06-16 20:01:34,262 INFO [http-nio-8080-exec-1] o.a.c.c.C.[.[.[/community] [DirectJDKLog.java:173] Initializing Spring DispatcherServlet 'dispatcherServlet'
2021-06-16 20:01:34,263 INFO [http-nio-8080-exec-1] o.s.w.s.DispatcherServlet [FrameworkServlet.java:525] Initializing Servlet 'dispatcherServlet'
2021-06-16 20:01:34,268 INFO [http-nio-8080-exec-1] o.s.w.s.DispatcherServlet [FrameworkServlet.java:547] Completed initialization in 4 ms
2021-06-16 20:01:34,327 INFO [http-nio-8080-exec-1] c.z.h.HikariDataSource [HikariDataSource.java:110] HikariPool-1 - Starting...
2021-06-16 20:01:34,571 INFO [http-nio-8080-exec-1] c.z.h.HikariDataSource [HikariDataSource.java:123] HikariPool-1 - Start completed.
2021-06-16 20:04:05,499 INFO [SpringContextShutdownHook] o.s.s.c.ThreadPoolTaskExecutor [ExecutorConfigurationSupport.java:218] Shutting down ExecutorService 'applicationTaskExecutor'
2021-06-16 20:04:05,517 INFO [SpringContextShutdownHook] c.z.h.HikariDataSource [HikariDataSource.java:350] HikariPool-1 - Shutdown initiated...
2021-06-16 20:04:05,569 INFO [SpringContextShutdownHook] c.z.h.HikariDataSource [HikariDataSource.java:352] HikariPool-1 - Shutdown completed.
2021-06-16 20:04:10,734 INFO [restartedMain] c.m.c.CommunityApplication [StartupInfoLogger.java:55] Starting CommunityApplication using Java 14.0.2 on maiheridembp with PID 76781 (/Users/maiheri/Documents/work/workspace/community/target/classes started by maiheri in /Users/maiheri/Documents/work/workspace/community)
2021-06-16 20:04:10,772 INFO [restartedMain] c.m.c.CommunityApplication [SpringApplication.java:660] No active profile set, falling back to default profiles: default
2021-06-16 20:04:10,960 INFO [restartedMain] o.s.b.d.e.DevToolsPropertyDefaultsPostProcessor [DeferredLog.java:255] Devtools property defaults active! Set 'spring.devtools.add-properties' to 'false' to disable
2021-06-16 20:04:10,991 INFO [restartedMain] o.s.b.d.e.DevToolsPropertyDefaultsPostProcessor [DeferredLog.java:255] For additional web related logging consider setting the 'logging.level.web' property to 'DEBUG'
2021-06-16 20:04:13,350 INFO [restartedMain] o.s.b.w.e.t.TomcatWebServer [TomcatWebServer.java:108] Tomcat initialized with port(s): 8080 (http)
2021-06-16 20:04:13,364 INFO [restartedMain] o.a.c.h.Http11NioProtocol [DirectJDKLog.java:173] Initializing ProtocolHandler ["http-nio-8080"]
2021-06-16 20:04:13,365 INFO [restartedMain] o.a.c.c.StandardService [DirectJDKLog.java:173] Starting service [Tomcat]
2021-06-16 20:04:13,365 INFO [restartedMain] o.a.c.c.StandardEngine [DirectJDKLog.java:173] Starting Servlet engine: [Apache Tomcat/9.0.43]
2021-06-16 20:04:13,456 INFO [restartedMain] o.a.c.c.C.[.[.[/community] [DirectJDKLog.java:173] Initializing Spring embedded WebApplicationContext
2021-06-16 20:04:13,457 INFO [restartedMain] o.s.b.w.s.c.ServletWebServerApplicationContext [ServletWebServerApplicationContext.java:289] Root WebApplicationContext: initialization completed in 2431 ms
2021-06-16 20:04:14,247 INFO [restartedMain] o.s.s.c.ThreadPoolTaskExecutor [ExecutorConfigurationSupport.java:181] Initializing ExecutorService 'applicationTaskExecutor'
2021-06-16 20:04:14,358 INFO [restartedMain] o.s.b.a.w.s.WelcomePageHandlerMapping [WelcomePageHandlerMapping.java:57] Adding welcome page template: index
2021-06-16 20:04:14,512 INFO [restartedMain] o.s.b.d.a.OptionalLiveReloadServer [OptionalLiveReloadServer.java:58] LiveReload server is running on port 35729
2021-06-16 20:04:14,534 INFO [restartedMain] o.a.c.h.Http11NioProtocol [DirectJDKLog.java:173] Starting ProtocolHandler ["http-nio-8080"]
2021-06-16 20:04:14,560 INFO [restartedMain] o.s.b.w.e.t.TomcatWebServer [TomcatWebServer.java:220] Tomcat started on port(s): 8080 (http) with context path '/community'
2021-06-16 20:04:14,572 INFO [restartedMain] c.m.c.CommunityApplication [StartupInfoLogger.java:61] Started CommunityApplication in 5.251 seconds (JVM running for 6.338)
2021-06-16 20:04:24,943 INFO [http-nio-8080-exec-2] o.a.c.c.C.[.[.[/community] [DirectJDKLog.java:173] Initializing Spring DispatcherServlet 'dispatcherServlet'
2021-06-16 20:04:24,951 INFO [http-nio-8080-exec-2] o.s.w.s.DispatcherServlet [FrameworkServlet.java:525] Initializing Servlet 'dispatcherServlet'
2021-06-16 20:04:24,959 INFO [http-nio-8080-exec-2] o.s.w.s.DispatcherServlet [FrameworkServlet.java:547] Completed initialization in 7 ms
2021-06-16 20:04:27,850 INFO [http-nio-8080-exec-4] c.z.h.HikariDataSource [HikariDataSource.java:110] HikariPool-1 - Starting...
2021-06-16 20:04:28,482 INFO [http-nio-8080-exec-4] c.z.h.HikariDataSource [HikariDataSource.java:123] HikariPool-1 - Start completed.
2021-06-16 22:16:53,398 INFO [Thread-5] o.s.s.c.ThreadPoolTaskExecutor [ExecutorConfigurationSupport.java:218] Shutting down ExecutorService 'applicationTaskExecutor'
2021-06-16 22:16:53,428 INFO [Thread-5] c.z.h.HikariDataSource [HikariDataSource.java:350] HikariPool-1 - Shutdown initiated...
2021-06-16 22:16:53,458 INFO [Thread-5] c.z.h.HikariDataSource [HikariDataSource.java:352] HikariPool-1 - Shutdown completed.
2021-06-16 22:16:54,081 INFO [restartedMain] c.m.c.CommunityApplication [StartupInfoLogger.java:55] Starting CommunityApplication using Java 14.0.2 on maiheridembp with PID 76781 (/Users/maiheri/Documents/work/workspace/community/target/classes started by maiheri in /Users/maiheri/Documents/work/workspace/community)
2021-06-16 22:16:54,082 INFO [restartedMain] c.m.c.CommunityApplication [SpringApplication.java:660] No active profile set, falling back to default profiles: default
2021-06-16 22:16:55,153 INFO [restartedMain] o.s.b.w.e.t.TomcatWebServer [TomcatWebServer.java:108] Tomcat initialized with port(s): 8080 (http)
2021-06-16 22:16:55,154 INFO [restartedMain] o.a.c.h.Http11NioProtocol [DirectJDKLog.java:173] Initializing ProtocolHandler ["http-nio-8080"]
2021-06-16 22:16:55,155 INFO [restartedMain] o.a.c.c.StandardService [DirectJDKLog.java:173] Starting service [Tomcat]
2021-06-16 22:16:55,155 INFO [restartedMain] o.a.c.c.StandardEngine [DirectJDKLog.java:173] Starting Servlet engine: [Apache Tomcat/9.0.43]
2021-06-16 22:16:55,185 INFO [restartedMain] o.a.c.c.C.[.[.[/community] [DirectJDKLog.java:173] Initializing Spring embedded WebApplicationContext
2021-06-16 22:16:55,185 INFO [restartedMain] o.s.b.w.s.c.ServletWebServerApplicationContext [ServletWebServerApplicationContext.java:289] Root WebApplicationContext: initialization completed in 1085 ms
2021-06-16 22:16:55,992 INFO [restartedMain] o.s.s.c.ThreadPoolTaskExecutor [ExecutorConfigurationSupport.java:181] Initializing ExecutorService 'applicationTaskExecutor'
2021-06-16 22:16:56,048 INFO [restartedMain] o.s.b.a.w.s.WelcomePageHandlerMapping [WelcomePageHandlerMapping.java:57] Adding welcome page template: index
2021-06-16 22:16:56,161 INFO [restartedMain] o.s.b.d.a.OptionalLiveReloadServer [OptionalLiveReloadServer.java:58] LiveReload server is running on port 35729
2021-06-16 22:16:56,229 INFO [restartedMain] o.a.c.h.Http11NioProtocol [DirectJDKLog.java:173] Starting ProtocolHandler ["http-nio-8080"]
2021-06-16 22:16:56,264 INFO [restartedMain] o.s.b.w.e.t.TomcatWebServer [TomcatWebServer.java:220] Tomcat started on port(s): 8080 (http) with context path '/community'
2021-06-16 22:16:56,319 INFO [restartedMain] c.m.c.CommunityApplication [StartupInfoLogger.java:61] Started CommunityApplication in 2.509 seconds (JVM running for 7967.934)
2021-06-16 22:16:56,330 INFO [restartedMain] o.s.b.d.a.ConditionEvaluationDeltaLoggingListener [ConditionEvaluationDeltaLoggingListener.java:63] Condition evaluation unchanged
2021-06-16 22:16:57,477 INFO [main] c.m.c.MapperTests [StartupInfoLogger.java:55] Starting MapperTests using Java 14.0.2 on maiheridembp with PID 82492 (started by maiheri in /Users/maiheri/Documents/work/workspace/community)
2021-06-16 22:16:57,481 INFO [main] c.m.c.MapperTests [SpringApplication.java:660] No active profile set, falling back to default profiles: default
2021-06-16 22:16:57,608 INFO [Thread-8] o.s.s.c.ThreadPoolTaskExecutor [ExecutorConfigurationSupport.java:218] Shutting down ExecutorService 'applicationTaskExecutor'
2021-06-16 22:16:57,769 INFO [restartedMain] c.m.c.CommunityApplication [StartupInfoLogger.java:55] Starting CommunityApplication using Java 14.0.2 on maiheridembp with PID 76781 (/Users/maiheri/Documents/work/workspace/community/target/classes started by maiheri in /Users/maiheri/Documents/work/workspace/community)
2021-06-16 22:16:57,770 INFO [restartedMain] c.m.c.CommunityApplication [SpringApplication.java:660] No active profile set, falling back to default profiles: default
2021-06-16 22:16:58,488 INFO [restartedMain] o.s.b.w.e.t.TomcatWebServer [TomcatWebServer.java:108] Tomcat initialized with port(s): 8080 (http)
2021-06-16 22:16:58,492 INFO [restartedMain] o.a.c.h.Http11NioProtocol [DirectJDKLog.java:173] Initializing ProtocolHandler ["http-nio-8080"]
2021-06-16 22:16:58,492 INFO [restartedMain] o.a.c.c.StandardService [DirectJDKLog.java:173] Starting service [Tomcat]
2021-06-16 22:16:58,493 INFO [restartedMain] o.a.c.c.StandardEngine [DirectJDKLog.java:173] Starting Servlet engine: [Apache Tomcat/9.0.43]
2021-06-16 22:16:58,524 INFO [restartedMain] o.a.c.c.C.[.[.[/community] [DirectJDKLog.java:173] Initializing Spring embedded WebApplicationContext
2021-06-16 22:16:58,525 INFO [restartedMain] o.s.b.w.s.c.ServletWebServerApplicationContext [ServletWebServerApplicationContext.java:289] Root WebApplicationContext: initialization completed in 746 ms
2021-06-16 22:16:58,962 INFO [restartedMain] o.s.s.c.ThreadPoolTaskExecutor [ExecutorConfigurationSupport.java:181] Initializing ExecutorService 'applicationTaskExecutor'
2021-06-16 22:16:58,989 INFO [restartedMain] o.s.b.a.w.s.WelcomePageHandlerMapping [WelcomePageHandlerMapping.java:57] Adding welcome page template: index
2021-06-16 22:16:59,039 INFO [restartedMain] o.s.b.d.a.OptionalLiveReloadServer [OptionalLiveReloadServer.java:58] LiveReload server is running on port 35729
2021-06-16 22:16:59,058 INFO [restartedMain] o.a.c.h.Http11NioProtocol [DirectJDKLog.java:173] Starting ProtocolHandler ["http-nio-8080"]
2021-06-16 22:16:59,070 INFO [restartedMain] o.s.b.w.e.t.TomcatWebServer [TomcatWebServer.java:220] Tomcat started on port(s): 8080 (http) with context path '/community'
2021-06-16 22:16:59,077 INFO [restartedMain] c.m.c.CommunityApplication [StartupInfoLogger.java:61] Started CommunityApplication in 1.359 seconds (JVM running for 7970.692)
2021-06-16 22:16:59,080 INFO [restartedMain] o.s.b.d.a.ConditionEvaluationDeltaLoggingListener [ConditionEvaluationDeltaLoggingListener.java:63] Condition evaluation unchanged
2021-06-16 22:17:00,715 INFO [main] o.s.s.c.ThreadPoolTaskExecutor [ExecutorConfigurationSupport.java:181] Initializing ExecutorService 'applicationTaskExecutor'
2021-06-16 22:17:00,882 INFO [main] o.s.b.a.w.s.WelcomePageHandlerMapping [WelcomePageHandlerMapping.java:57] Adding welcome page template: index
2021-06-16 22:17:01,336 INFO [main] c.m.c.MapperTests [StartupInfoLogger.java:61] Started MapperTests in 4.449 seconds (JVM running for 6.211)
2021-06-16 22:17:01,886 INFO [SpringContextShutdownHook] o.s.s.c.ThreadPoolTaskExecutor [ExecutorConfigurationSupport.java:218] Shutting down ExecutorService 'applicationTaskExecutor'
2021-06-16 22:18:02,176 INFO [Thread-13] o.s.s.c.ThreadPoolTaskExecutor [ExecutorConfigurationSupport.java:218] Shutting down ExecutorService 'applicationTaskExecutor'
2021-06-16 22:18:02,308 INFO [restartedMain] c.m.c.CommunityApplication [StartupInfoLogger.java:55] Starting CommunityApplication using Java 14.0.2 on maiheridembp with PID 76781 (/Users/maiheri/Documents/work/workspace/community/target/classes started by maiheri in /Users/maiheri/Documents/work/workspace/community)
2021-06-16 22:18:02,309 INFO [restartedMain] c.m.c.CommunityApplication [SpringApplication.java:660] No active profile set, falling back to default profiles: default
2021-06-16 22:18:02,718 INFO [restartedMain] o.s.b.w.e.t.TomcatWebServer [TomcatWebServer.java:108] Tomcat initialized with port(s): 8080 (http)
2021-06-16 22:18:02,719 INFO [restartedMain] o.a.c.h.Http11NioProtocol [DirectJDKLog.java:173] Initializing ProtocolHandler ["http-nio-8080"]
2021-06-16 22:18:02,719 INFO [restartedMain] o.a.c.c.StandardService [DirectJDKLog.java:173] Starting service [Tomcat]
2021-06-16 22:18:02,720 INFO [restartedMain] o.a.c.c.StandardEngine [DirectJDKLog.java:173] Starting Servlet engine: [Apache Tomcat/9.0.43]
2021-06-16 22:18:02,739 INFO [restartedMain] o.a.c.c.C.[.[.[/community] [DirectJDKLog.java:173] Initializing Spring embedded WebApplicationContext
2021-06-16 22:18:02,739 INFO [restartedMain] o.s.b.w.s.c.ServletWebServerApplicationContext [ServletWebServerApplicationContext.java:289] Root WebApplicationContext: initialization completed in 426 ms
2021-06-16 22:18:03,051 INFO [restartedMain] o.s.s.c.ThreadPoolTaskExecutor [ExecutorConfigurationSupport.java:181] Initializing ExecutorService 'applicationTaskExecutor'
2021-06-16 22:18:03,079 INFO [restartedMain] o.s.b.a.w.s.WelcomePageHandlerMapping [WelcomePageHandlerMapping.java:57] Adding welcome page template: index
2021-06-16 22:18:03,126 INFO [restartedMain] o.s.b.d.a.OptionalLiveReloadServer [OptionalLiveReloadServer.java:58] LiveReload server is running on port 35729
2021-06-16 22:18:03,141 INFO [restartedMain] o.a.c.h.Http11NioProtocol [DirectJDKLog.java:173] Starting ProtocolHandler ["http-nio-8080"]
2021-06-16 22:18:03,148 INFO [restartedMain] o.s.b.w.e.t.TomcatWebServer [TomcatWebServer.java:220] Tomcat started on port(s): 8080 (http) with context path '/community'
2021-06-16 22:18:03,152 INFO [restartedMain] c.m.c.CommunityApplication [StartupInfoLogger.java:61] Started CommunityApplication in 0.915 seconds (JVM running for 8034.766)
2021-06-16 22:18:03,154 INFO [restartedMain] o.s.b.d.a.ConditionEvaluationDeltaLoggingListener [ConditionEvaluationDeltaLoggingListener.java:63] Condition evaluation unchanged
2021-06-16 22:18:04,610 INFO [main] c.m.c.MapperTests [StartupInfoLogger.java:55] Starting MapperTests using Java 14.0.2 on maiheridembp with PID 82544 (started by maiheri in /Users/maiheri/Documents/work/workspace/community)
2021-06-16 22:18:04,614 INFO [main] c.m.c.MapperTests [SpringApplication.java:660] No active profile set, falling back to default profiles: default
2021-06-16 22:18:07,439 INFO [main] o.s.s.c.ThreadPoolTaskExecutor [ExecutorConfigurationSupport.java:181] Initializing ExecutorService 'applicationTaskExecutor'
2021-06-16 22:18:07,554 INFO [main] o.s.b.a.w.s.WelcomePageHandlerMapping [WelcomePageHandlerMapping.java:57] Adding welcome page template: index
2021-06-16 22:18:07,832 INFO [main] c.m.c.MapperTests [StartupInfoLogger.java:61] Started MapperTests in 4.123 seconds (JVM running for 5.706)
2021-06-16 22:18:08,248 INFO [main] c.z.h.HikariDataSource [HikariDataSource.java:110] HikariPool-1 - Starting...
2021-06-16 22:18:08,466 INFO [main] c.z.h.HikariDataSource [HikariDataSource.java:123] HikariPool-1 - Start completed.
2021-06-16 22:18:08,690 INFO [SpringContextShutdownHook] o.s.s.c.ThreadPoolTaskExecutor [ExecutorConfigurationSupport.java:218] Shutting down ExecutorService 'applicationTaskExecutor'
2021-06-16 22:18:08,692 INFO [SpringContextShutdownHook] c.z.h.HikariDataSource [HikariDataSource.java:350] HikariPool-1 - Shutdown initiated...
2021-06-16 22:18:08,704 INFO [SpringContextShutdownHook] c.z.h.HikariDataSource [HikariDataSource.java:352] HikariPool-1 - Shutdown completed.
2021-06-16 22:21:19,080 INFO [main] c.m.c.MapperTests [StartupInfoLogger.java:55] Starting MapperTests using Java 14.0.2 on maiheridembp with PID 82687 (started by maiheri in /Users/maiheri/Documents/work/workspace/community)
2021-06-16 22:21:19,084 INFO [main] c.m.c.MapperTests [SpringApplication.java:660] No active profile set, falling back to default profiles: default
2021-06-16 22:21:21,618 INFO [main] o.s.s.c.ThreadPoolTaskExecutor [ExecutorConfigurationSupport.java:181] Initializing ExecutorService 'applicationTaskExecutor'
2021-06-16 22:21:21,726 INFO [main] o.s.b.a.w.s.WelcomePageHandlerMapping [WelcomePageHandlerMapping.java:57] Adding welcome page template: index
2021-06-16 22:21:21,951 INFO [main] c.m.c.MapperTests [StartupInfoLogger.java:61] Started MapperTests in 3.463 seconds (JVM running for 5.418)
2021-06-16 22:21:22,454 INFO [main] c.z.h.HikariDataSource [HikariDataSource.java:110] HikariPool-1 - Starting...
2021-06-16 22:21:22,653 INFO [main] c.z.h.HikariDataSource [HikariDataSource.java:123] HikariPool-1 - Start completed.
2021-06-16 22:21:22,857 INFO [SpringContextShutdownHook] o.s.s.c.ThreadPoolTaskExecutor [ExecutorConfigurationSupport.java:218] Shutting down ExecutorService 'applicationTaskExecutor'
2021-06-16 22:21:22,860 INFO [SpringContextShutdownHook] c.z.h.HikariDataSource [HikariDataSource.java:350] HikariPool-1 - Shutdown initiated...
2021-06-16 22:21:22,874 INFO [SpringContextShutdownHook] c.z.h.HikariDataSource [HikariDataSource.java:352] HikariPool-1 - Shutdown completed.
2021-06-16 23:32:04,994 INFO [Thread-18] o.s.s.c.ThreadPoolTaskExecutor [ExecutorConfigurationSupport.java:218] Shutting down ExecutorService 'applicationTaskExecutor'
2021-06-16 23:32:05,410 INFO [restartedMain] c.m.c.CommunityApplication [StartupInfoLogger.java:55] Starting CommunityApplication using Java 14.0.2 on maiheridembp with PID 76781 (/Users/maiheri/Documents/work/workspace/community/target/classes started by maiheri in /Users/maiheri/Documents/work/workspace/community)
2021-06-16 23:32:05,411 INFO [restartedMain] c.m.c.CommunityApplication [SpringApplication.java:660] No active profile set, falling back to default profiles: default
2021-06-16 23:32:06,421 INFO [restartedMain] o.s.b.w.e.t.TomcatWebServer [TomcatWebServer.java:108] Tomcat initialized with port(s): 8080 (http)
2021-06-16 23:32:06,425 INFO [restartedMain] o.a.c.h.Http11NioProtocol [DirectJDKLog.java:173] Initializing ProtocolHandler ["http-nio-8080"]
2021-06-16 23:32:06,426 INFO [restartedMain] o.a.c.c.StandardService [DirectJDKLog.java:173] Starting service [Tomcat]
2021-06-16 23:32:06,427 INFO [restartedMain] o.a.c.c.StandardEngine [DirectJDKLog.java:173] Starting Servlet engine: [Apache Tomcat/9.0.43]
2021-06-16 23:32:06,446 INFO [restartedMain] o.a.c.c.C.[.[.[/community] [DirectJDKLog.java:173] Initializing Spring embedded WebApplicationContext
2021-06-16 23:32:06,447 INFO [restartedMain] o.s.b.w.s.c.ServletWebServerApplicationContext [ServletWebServerApplicationContext.java:289] Root WebApplicationContext: initialization completed in 1028 ms
2021-06-16 23:32:06,823 INFO [restartedMain] o.s.s.c.ThreadPoolTaskExecutor [ExecutorConfigurationSupport.java:181] Initializing ExecutorService 'applicationTaskExecutor'
2021-06-16 23:32:06,867 INFO [restartedMain] o.s.b.a.w.s.WelcomePageHandlerMapping [WelcomePageHandlerMapping.java:57] Adding welcome page template: index
2021-06-16 23:32:06,917 INFO [restartedMain] o.s.b.d.a.OptionalLiveReloadServer [OptionalLiveReloadServer.java:58] LiveReload server is running on port 35729
2021-06-16 23:32:06,929 INFO [restartedMain] o.a.c.h.Http11NioProtocol [DirectJDKLog.java:173] Starting ProtocolHandler ["http-nio-8080"]
2021-06-16 23:32:06,933 INFO [restartedMain] o.s.b.w.e.t.TomcatWebServer [TomcatWebServer.java:220] Tomcat started on port(s): 8080 (http) with context path '/community'
2021-06-16 23:32:06,938 INFO [restartedMain] c.m.c.CommunityApplication [StartupInfoLogger.java:61] Started CommunityApplication in 1.636 seconds (JVM running for 12478.467)
2021-06-16 23:32:06,940 INFO [restartedMain] o.s.b.d.a.ConditionEvaluationDeltaLoggingListener [ConditionEvaluationDeltaLoggingListener.java:63] Condition evaluation unchanged
2021-06-16 23:32:33,630 INFO [Thread-23] o.s.s.c.ThreadPoolTaskExecutor [ExecutorConfigurationSupport.java:218] Shutting down ExecutorService 'applicationTaskExecutor'
2021-06-16 23:32:33,783 INFO [restartedMain] c.m.c.CommunityApplication [StartupInfoLogger.java:55] Starting CommunityApplication using Java 14.0.2 on maiheridembp with PID 76781 (/Users/maiheri/Documents/work/workspace/community/target/classes started by maiheri in /Users/maiheri/Documents/work/workspace/community)
2021-06-16 23:32:33,783 INFO [restartedMain] c.m.c.CommunityApplication [SpringApplication.java:660] No active profile set, falling back to default profiles: default
2021-06-16 23:32:34,250 INFO [restartedMain] o.s.b.w.e.t.TomcatWebServer [TomcatWebServer.java:108] Tomcat initialized with port(s): 8080 (http)
2021-06-16 23:32:34,251 INFO [restartedMain] o.a.c.h.Http11NioProtocol [DirectJDKLog.java:173] Initializing ProtocolHandler ["http-nio-8080"]
2021-06-16 23:32:34,252 INFO [restartedMain] o.a.c.c.StandardService [DirectJDKLog.java:173] Starting service [Tomcat]
2021-06-16 23:32:34,253 INFO [restartedMain] o.a.c.c.StandardEngine [DirectJDKLog.java:173] Starting Servlet engine: [Apache Tomcat/9.0.43]
2021-06-16 23:32:34,269 INFO [restartedMain] o.a.c.c.C.[.[.[/community] [DirectJDKLog.java:173] Initializing Spring embedded WebApplicationContext
2021-06-16 23:32:34,269 INFO [restartedMain] o.s.b.w.s.c.ServletWebServerApplicationContext [ServletWebServerApplicationContext.java:289] Root WebApplicationContext: initialization completed in 481 ms
2021-06-16 23:32:34,640 INFO [restartedMain] o.s.s.c.ThreadPoolTaskExecutor [ExecutorConfigurationSupport.java:181] Initializing ExecutorService 'applicationTaskExecutor'
2021-06-16 23:32:34,664 INFO [restartedMain] o.s.b.a.w.s.WelcomePageHandlerMapping [WelcomePageHandlerMapping.java:57] Adding welcome page template: index
2021-06-16 23:32:34,780 INFO [restartedMain] o.s.b.d.a.OptionalLiveReloadServer [OptionalLiveReloadServer.java:58] LiveReload server is running on port 35729
2021-06-16 23:32:34,788 INFO [restartedMain] o.a.c.h.Http11NioProtocol [DirectJDKLog.java:173] Starting ProtocolHandler ["http-nio-8080"]
2021-06-16 23:32:34,792 INFO [restartedMain] o.s.b.w.e.t.TomcatWebServer [TomcatWebServer.java:220] Tomcat started on port(s): 8080 (http) with context path '/community'
2021-06-16 23:32:34,797 INFO [restartedMain] c.m.c.CommunityApplication [StartupInfoLogger.java:61] Started CommunityApplication in 1.087 seconds (JVM running for 12506.326)
2021-06-16 23:32:34,799 INFO [restartedMain] o.s.b.d.a.ConditionEvaluationDeltaLoggingListener [ConditionEvaluationDeltaLoggingListener.java:63] Condition evaluation unchanged
2021-06-16 23:32:35,709 INFO [main] c.m.c.MapperTests [StartupInfoLogger.java:55] Starting MapperTests using Java 14.0.2 on maiheridembp with PID 85739 (started by maiheri in /Users/maiheri/Documents/work/workspace/community)
2021-06-16 23:32:35,712 INFO [main] c.m.c.MapperTests [SpringApplication.java:660] No active profile set, falling back to default profiles: default
2021-06-16 23:32:37,627 INFO [main] o.s.s.c.ThreadPoolTaskExecutor [ExecutorConfigurationSupport.java:181] Initializing ExecutorService 'applicationTaskExecutor'
2021-06-16 23:32:37,930 INFO [main] o.s.b.a.w.s.WelcomePageHandlerMapping [WelcomePageHandlerMapping.java:57] Adding welcome page template: index
2021-06-16 23:32:38,205 INFO [main] c.m.c.MapperTests [StartupInfoLogger.java:61] Started MapperTests in 2.888 seconds (JVM running for 4.757)
2021-06-16 23:32:38,649 INFO [main] c.z.h.HikariDataSource [HikariDataSource.java:110] HikariPool-1 - Starting...
2021-06-16 23:32:38,851 INFO [main] c.z.h.HikariDataSource [HikariDataSource.java:123] HikariPool-1 - Start completed.
2021-06-16 23:32:39,026 INFO [SpringContextShutdownHook] o.s.s.c.ThreadPoolTaskExecutor [ExecutorConfigurationSupport.java:218] Shutting down ExecutorService 'applicationTaskExecutor'
2021-06-16 23:32:39,028 INFO [SpringContextShutdownHook] c.z.h.HikariDataSource [HikariDataSource.java:350] HikariPool-1 - Shutdown initiated...
2021-06-16 23:32:39,040 INFO [SpringContextShutdownHook] c.z.h.HikariDataSource [HikariDataSource.java:352] HikariPool-1 - Shutdown completed.
2021-06-16 23:32:58,103 INFO [SpringContextShutdownHook] o.s.s.c.ThreadPoolTaskExecutor [ExecutorConfigurationSupport.java:218] Shutting down ExecutorService 'applicationTaskExecutor'
2021-06-16 23:32:59,988 INFO [restartedMain] c.m.c.CommunityApplication [StartupInfoLogger.java:55] Starting CommunityApplication using Java 14.0.2 on maiheridembp with PID 85755 (/Users/maiheri/Documents/work/workspace/community/target/classes started by maiheri in /Users/maiheri/Documents/work/workspace/community)
2021-06-16 23:32:59,991 INFO [restartedMain] c.m.c.CommunityApplication [SpringApplication.java:660] No active profile set, falling back to default profiles: default
2021-06-16 23:33:00,065 INFO [restartedMain] o.s.b.d.e.DevToolsPropertyDefaultsPostProcessor [DeferredLog.java:255] Devtools property defaults active! Set 'spring.devtools.add-properties' to 'false' to disable
2021-06-16 23:33:00,065 INFO [restartedMain] o.s.b.d.e.DevToolsPropertyDefaultsPostProcessor [DeferredLog.java:255] For additional web related logging consider setting the 'logging.level.web' property to 'DEBUG'
2021-06-16 23:33:01,464 INFO [restartedMain] o.s.b.w.e.t.TomcatWebServer [TomcatWebServer.java:108] Tomcat initialized with port(s): 8080 (http)
2021-06-16 23:33:01,480 INFO [restartedMain] o.a.c.h.Http11NioProtocol [DirectJDKLog.java:173] Initializing ProtocolHandler ["http-nio-8080"]
2021-06-16 23:33:01,481 INFO [restartedMain] o.a.c.c.StandardService [DirectJDKLog.java:173] Starting service [Tomcat]
2021-06-16 23:33:01,482 INFO [restartedMain] o.a.c.c.StandardEngine [DirectJDKLog.java:173] Starting Servlet engine: [Apache Tomcat/9.0.43]
2021-06-16 23:33:01,558 INFO [restartedMain] o.a.c.c.C.[.[.[/community] [DirectJDKLog.java:173] Initializing Spring embedded WebApplicationContext
2021-06-16 23:33:01,559 INFO [restartedMain] o.s.b.w.s.c.ServletWebServerApplicationContext [ServletWebServerApplicationContext.java:289] Root WebApplicationContext: initialization completed in 1493 ms
2021-06-16 23:33:02,377 INFO [restartedMain] o.s.s.c.ThreadPoolTaskExecutor [ExecutorConfigurationSupport.java:181] Initializing ExecutorService 'applicationTaskExecutor'
2021-06-16 23:33:02,488 INFO [restartedMain] o.s.b.a.w.s.WelcomePageHandlerMapping [WelcomePageHandlerMapping.java:57] Adding welcome page template: index
2021-06-16 23:33:02,642 INFO [restartedMain] o.s.b.d.a.OptionalLiveReloadServer [OptionalLiveReloadServer.java:58] LiveReload server is running on port 35729
2021-06-16 23:33:02,660 INFO [restartedMain] o.a.c.h.Http11NioProtocol [DirectJDKLog.java:173] Starting ProtocolHandler ["http-nio-8080"]
2021-06-16 23:33:02,681 INFO [restartedMain] o.s.b.w.e.t.TomcatWebServer [TomcatWebServer.java:220] Tomcat started on port(s): 8080 (http) with context path '/community'
2021-06-16 23:33:02,694 INFO [restartedMain] c.m.c.CommunityApplication [StartupInfoLogger.java:61] Started CommunityApplication in 3.235 seconds (JVM running for 3.887)
2021-06-16 23:33:16,122 INFO [http-nio-8080-exec-1] o.a.c.c.C.[.[.[/community] [DirectJDKLog.java:173] Initializing Spring DispatcherServlet 'dispatcherServlet'
2021-06-16 23:33:16,127 INFO [http-nio-8080-exec-1] o.s.w.s.DispatcherServlet [FrameworkServlet.java:525] Initializing Servlet 'dispatcherServlet'
2021-06-16 23:33:16,132 INFO [http-nio-8080-exec-1] o.s.w.s.DispatcherServlet [FrameworkServlet.java:547] Completed initialization in 5 ms
2021-06-16 23:33:16,185 INFO [http-nio-8080-exec-1] c.z.h.HikariDataSource [HikariDataSource.java:110] HikariPool-1 - Starting...
2021-06-16 23:33:16,381 INFO [http-nio-8080-exec-1] c.z.h.HikariDataSource [HikariDataSource.java:123] HikariPool-1 - Start completed.
2021-06-16 23:36:33,223 INFO [SpringContextShutdownHook] o.s.s.c.ThreadPoolTaskExecutor [ExecutorConfigurationSupport.java:218] Shutting down ExecutorService 'applicationTaskExecutor'
2021-06-16 23:36:33,229 INFO [SpringContextShutdownHook] c.z.h.HikariDataSource [HikariDataSource.java:350] HikariPool-1 - Shutdown initiated...
2021-06-16 23:36:33,248 INFO [SpringContextShutdownHook] c.z.h.HikariDataSource [HikariDataSource.java:352] HikariPool-1 - Shutdown completed.
2021-06-16 23:36:37,062 INFO [restartedMain] c.m.c.CommunityApplication [StartupInfoLogger.java:55] Starting CommunityApplication using Java 14.0.2 on maiheridembp with PID 85934 (/Users/maiheri/Documents/work/workspace/community/target/classes started by maiheri in /Users/maiheri/Documents/work/workspace/community)
2021-06-16 23:36:37,065 INFO [restartedMain] c.m.c.CommunityApplication [SpringApplication.java:660] No active profile set, falling back to default profiles: default
2021-06-16 23:36:37,147 INFO [restartedMain] o.s.b.d.e.DevToolsPropertyDefaultsPostProcessor [DeferredLog.java:255] Devtools property defaults active! Set 'spring.devtools.add-properties' to 'false' to disable
2021-06-16 23:36:37,147 INFO [restartedMain] o.s.b.d.e.DevToolsPropertyDefaultsPostProcessor [DeferredLog.java:255] For additional web related logging consider setting the 'logging.level.web' property to 'DEBUG'
2021-06-16 23:36:39,757 INFO [restartedMain] o.s.b.w.e.t.TomcatWebServer [TomcatWebServer.java:108] Tomcat initialized with port(s): 8080 (http)
2021-06-16 23:36:39,782 INFO [restartedMain] o.a.c.h.Http11NioProtocol [DirectJDKLog.java:173] Initializing ProtocolHandler ["http-nio-8080"]
2021-06-16 23:36:39,783 INFO [restartedMain] o.a.c.c.StandardService [DirectJDKLog.java:173] Starting service [Tomcat]
2021-06-16 23:36:39,784 INFO [restartedMain] o.a.c.c.StandardEngine [DirectJDKLog.java:173] Starting Servlet engine: [Apache Tomcat/9.0.43]
2021-06-16 23:36:39,873 INFO [restartedMain] o.a.c.c.C.[.[.[/community] [DirectJDKLog.java:173] Initializing Spring embedded WebApplicationContext
2021-06-16 23:36:39,874 INFO [restartedMain] o.s.b.w.s.c.ServletWebServerApplicationContext [ServletWebServerApplicationContext.java:289] Root WebApplicationContext: initialization completed in 2726 ms
2021-06-16 23:36:40,621 INFO [restartedMain] o.s.s.c.ThreadPoolTaskExecutor [ExecutorConfigurationSupport.java:181] Initializing ExecutorService 'applicationTaskExecutor'
2021-06-16 23:36:40,735 INFO [restartedMain] o.s.b.a.w.s.WelcomePageHandlerMapping [WelcomePageHandlerMapping.java:57] Adding welcome page template: index
2021-06-16 23:36:40,914 INFO [restartedMain] o.s.b.d.a.OptionalLiveReloadServer [OptionalLiveReloadServer.java:58] LiveReload server is running on port 35729
2021-06-16 23:36:40,935 INFO [restartedMain] o.a.c.h.Http11NioProtocol [DirectJDKLog.java:173] Starting ProtocolHandler ["http-nio-8080"]
2021-06-16 23:36:40,962 INFO [restartedMain] o.s.b.w.e.t.TomcatWebServer [TomcatWebServer.java:220] Tomcat started on port(s): 8080 (http) with context path '/community'
2021-06-16 23:36:40,974 INFO [restartedMain] c.m.c.CommunityApplication [StartupInfoLogger.java:61] Started CommunityApplication in 4.576 seconds (JVM running for 5.357)
2021-06-16 23:36:42,155 INFO [http-nio-8080-exec-1] o.a.c.c.C.[.[.[/community] [DirectJDKLog.java:173] Initializing Spring DispatcherServlet 'dispatcherServlet'
2021-06-16 23:36:42,155 INFO [http-nio-8080-exec-1] o.s.w.s.DispatcherServlet [FrameworkServlet.java:525] Initializing Servlet 'dispatcherServlet'
2021-06-16 23:36:42,157 INFO [http-nio-8080-exec-1] o.s.w.s.DispatcherServlet [FrameworkServlet.java:547] Completed initialization in 1 ms
2021-06-16 23:36:42,191 INFO [http-nio-8080-exec-1] c.z.h.HikariDataSource [HikariDataSource.java:110] HikariPool-1 - Starting...
2021-06-16 23:36:42,378 INFO [http-nio-8080-exec-1] c.z.h.HikariDataSource [HikariDataSource.java:123] HikariPool-1 - Start completed.
2021-06-16 23:37:05,870 INFO [SpringContextShutdownHook] o.s.s.c.ThreadPoolTaskExecutor [ExecutorConfigurationSupport.java:218] Shutting down ExecutorService 'applicationTaskExecutor'
2021-06-16 23:37:05,872 INFO [SpringContextShutdownHook] c.z.h.HikariDataSource [HikariDataSource.java:350] HikariPool-1 - Shutdown initiated...
2021-06-16 23:37:05,883 INFO [SpringContextShutdownHook] c.z.h.HikariDataSource [HikariDataSource.java:352] HikariPool-1 - Shutdown completed.
2021-06-16 23:37:12,009 INFO [restartedMain] c.m.c.CommunityApplication [StartupInfoLogger.java:55] Starting CommunityApplication using Java 14.0.2 on maiheridembp with PID 85962 (/Users/maiheri/Documents/work/workspace/community/target/classes started by maiheri in /Users/maiheri/Documents/work/workspace/community)
2021-06-16 23:37:12,013 INFO [restartedMain] c.m.c.CommunityApplication [SpringApplication.java:660] No active profile set, falling back to default profiles: default
2021-06-16 23:37:12,104 INFO [restartedMain] o.s.b.d.e.DevToolsPropertyDefaultsPostProcessor [DeferredLog.java:255] Devtools property defaults active! Set 'spring.devtools.add-properties' to 'false' to disable
2021-06-16 23:37:12,105 INFO [restartedMain] o.s.b.d.e.DevToolsPropertyDefaultsPostProcessor [DeferredLog.java:255] For additional web related logging consider setting the 'logging.level.web' property to 'DEBUG'
2021-06-16 23:37:13,824 INFO [restartedMain] o.s.b.w.e.t.TomcatWebServer [TomcatWebServer.java:108] Tomcat initialized with port(s): 8080 (http)
2021-06-16 23:37:13,844 INFO [restartedMain] o.a.c.h.Http11NioProtocol [DirectJDKLog.java:173] Initializing ProtocolHandler ["http-nio-8080"]
2021-06-16 23:37:13,844 INFO [restartedMain] o.a.c.c.StandardService [DirectJDKLog.java:173] Starting service [Tomcat]
2021-06-16 23:37:13,844 INFO [restartedMain] o.a.c.c.StandardEngine [DirectJDKLog.java:173] Starting Servlet engine: [Apache Tomcat/9.0.43]
2021-06-16 23:37:13,927 INFO [restartedMain] o.a.c.c.C.[.[.[/community] [DirectJDKLog.java:173] Initializing Spring embedded WebApplicationContext
2021-06-16 23:37:13,928 INFO [restartedMain] o.s.b.w.s.c.ServletWebServerApplicationContext [ServletWebServerApplicationContext.java:289] Root WebApplicationContext: initialization completed in 1819 ms
2021-06-16 23:37:14,683 INFO [restartedMain] o.s.s.c.ThreadPoolTaskExecutor [ExecutorConfigurationSupport.java:181] Initializing ExecutorService 'applicationTaskExecutor'
2021-06-16 23:37:14,780 INFO [restartedMain] o.s.b.a.w.s.WelcomePageHandlerMapping [WelcomePageHandlerMapping.java:57] Adding welcome page template: index
2021-06-16 23:37:14,937 INFO [restartedMain] o.s.b.d.a.OptionalLiveReloadServer [OptionalLiveReloadServer.java:58] LiveReload server is running on port 35729
2021-06-16 23:37:14,959 INFO [restartedMain] o.a.c.h.Http11NioProtocol [DirectJDKLog.java:173] Starting ProtocolHandler ["http-nio-8080"]
2021-06-16 23:37:14,982 INFO [restartedMain] o.s.b.w.e.t.TomcatWebServer [TomcatWebServer.java:220] Tomcat started on port(s): 8080 (http) with context path '/community'
2021-06-16 23:37:14,997 INFO [restartedMain] c.m.c.CommunityApplication [StartupInfoLogger.java:61] Started CommunityApplication in 3.632 seconds (JVM running for 4.69)
2021-06-16 23:39:14,893 INFO [http-nio-8080-exec-1] o.a.c.c.C.[.[.[/community] [DirectJDKLog.java:173] Initializing Spring DispatcherServlet 'dispatcherServlet'
2021-06-16 23:39:14,896 INFO [http-nio-8080-exec-1] o.s.w.s.DispatcherServlet [FrameworkServlet.java:525] Initializing Servlet 'dispatcherServlet'
2021-06-16 23:39:14,899 INFO [http-nio-8080-exec-1] o.s.w.s.DispatcherServlet [FrameworkServlet.java:547] Completed initialization in 2 ms
2021-06-16 23:39:14,970 INFO [http-nio-8080-exec-1] c.z.h.HikariDataSource [HikariDataSource.java:110] HikariPool-1 - Starting...
2021-06-16 23:39:15,221 INFO [http-nio-8080-exec-1] c.z.h.HikariDataSource [HikariDataSource.java:123] HikariPool-1 - Start completed.
2021-06-16 23:39:30,556 INFO [SpringContextShutdownHook] o.s.s.c.ThreadPoolTaskExecutor [ExecutorConfigurationSupport.java:218] Shutting down ExecutorService 'applicationTaskExecutor'
2021-06-16 23:39:30,558 INFO [SpringContextShutdownHook] c.z.h.HikariDataSource [HikariDataSource.java:350] HikariPool-1 - Shutdown initiated...
2021-06-16 23:39:30,569 INFO [SpringContextShutdownHook] c.z.h.HikariDataSource [HikariDataSource.java:352] HikariPool-1 - Shutdown completed.
2021-06-16 23:39:33,315 INFO [restartedMain] c.m.c.CommunityApplication [StartupInfoLogger.java:55] Starting CommunityApplication using Java 14.0.2 on maiheridembp with PID 86071 (/Users/maiheri/Documents/work/workspace/community/target/classes started by maiheri in /Users/maiheri/Documents/work/workspace/community)
2021-06-16 23:39:33,318 INFO [restartedMain] c.m.c.CommunityApplication [SpringApplication.java:660] No active profile set, falling back to default profiles: default
2021-06-16 23:39:33,384 INFO [restartedMain] o.s.b.d.e.DevToolsPropertyDefaultsPostProcessor [DeferredLog.java:255] Devtools property defaults active! Set 'spring.devtools.add-properties' to 'false' to disable
2021-06-16 23:39:33,385 INFO [restartedMain] o.s.b.d.e.DevToolsPropertyDefaultsPostProcessor [DeferredLog.java:255] For additional web related logging consider setting the 'logging.level.web' property to 'DEBUG'
2021-06-16 23:39:34,565 INFO [restartedMain] o.s.b.w.e.t.TomcatWebServer [TomcatWebServer.java:108] Tomcat initialized with port(s): 8080 (http)
2021-06-16 23:39:34,574 INFO [restartedMain] o.a.c.h.Http11NioProtocol [DirectJDKLog.java:173] Initializing ProtocolHandler ["http-nio-8080"]
2021-06-16 23:39:34,575 INFO [restartedMain] o.a.c.c.StandardService [DirectJDKLog.java:173] Starting service [Tomcat]
2021-06-16 23:39:34,575 INFO [restartedMain] o.a.c.c.StandardEngine [DirectJDKLog.java:173] Starting Servlet engine: [Apache Tomcat/9.0.43]
2021-06-16 23:39:34,643 INFO [restartedMain] o.a.c.c.C.[.[.[/community] [DirectJDKLog.java:173] Initializing Spring embedded WebApplicationContext
2021-06-16 23:39:34,644 INFO [restartedMain] o.s.b.w.s.c.ServletWebServerApplicationContext [ServletWebServerApplicationContext.java:289] Root WebApplicationContext: initialization completed in 1258 ms
2021-06-16 23:39:35,320 INFO [restartedMain] o.s.s.c.ThreadPoolTaskExecutor [ExecutorConfigurationSupport.java:181] Initializing ExecutorService 'applicationTaskExecutor'
2021-06-16 23:39:35,400 INFO [restartedMain] o.s.b.a.w.s.WelcomePageHandlerMapping [WelcomePageHandlerMapping.java:57] Adding welcome page template: index
2021-06-16 23:39:35,535 INFO [restartedMain] o.s.b.d.a.OptionalLiveReloadServer [OptionalLiveReloadServer.java:58] LiveReload server is running on port 35729
2021-06-16 23:39:35,553 INFO [restartedMain] o.a.c.h.Http11NioProtocol [DirectJDKLog.java:173] Starting ProtocolHandler ["http-nio-8080"]
2021-06-16 23:39:35,575 INFO [restartedMain] o.s.b.w.e.t.TomcatWebServer [TomcatWebServer.java:220] Tomcat started on port(s): 8080 (http) with context path '/community'
2021-06-16 23:39:35,586 INFO [restartedMain] c.m.c.CommunityApplication [StartupInfoLogger.java:61] Started CommunityApplication in 2.727 seconds (JVM running for 3.269)
2021-06-16 23:39:49,112 INFO [http-nio-8080-exec-1] o.a.c.c.C.[.[.[/community] [DirectJDKLog.java:173] Initializing Spring DispatcherServlet 'dispatcherServlet'
2021-06-16 23:39:49,113 INFO [http-nio-8080-exec-1] o.s.w.s.DispatcherServlet [FrameworkServlet.java:525] Initializing Servlet 'dispatcherServlet'
2021-06-16 23:39:49,115 INFO [http-nio-8080-exec-1] o.s.w.s.DispatcherServlet [FrameworkServlet.java:547] Completed initialization in 2 ms
2021-06-16 23:39:49,151 INFO [http-nio-8080-exec-1] c.z.h.HikariDataSource [HikariDataSource.java:110] HikariPool-1 - Starting...
2021-06-16 23:39:49,340 INFO [http-nio-8080-exec-1] c.z.h.HikariDataSource [HikariDataSource.java:123] HikariPool-1 - Start completed.
2021-06-16 23:40:12,230 INFO [SpringContextShutdownHook] o.s.s.c.ThreadPoolTaskExecutor [ExecutorConfigurationSupport.java:218] Shutting down ExecutorService 'applicationTaskExecutor'
2021-06-16 23:40:12,233 INFO [SpringContextShutdownHook] c.z.h.HikariDataSource [HikariDataSource.java:350] HikariPool-1 - Shutdown initiated...
2021-06-16 23:40:12,241 INFO [SpringContextShutdownHook] c.z.h.HikariDataSource [HikariDataSource.java:352] HikariPool-1 - Shutdown completed.
2021-06-16 23:40:14,574 INFO [restartedMain] c.m.c.CommunityApplication [StartupInfoLogger.java:55] Starting CommunityApplication using Java 14.0.2 on maiheridembp with PID 86101 (/Users/maiheri/Documents/work/workspace/community/target/classes started by maiheri in /Users/maiheri/Documents/work/workspace/community)
2021-06-16 23:40:14,577 INFO [restartedMain] c.m.c.CommunityApplication [SpringApplication.java:660] No active profile set, falling back to default profiles: default
2021-06-16 23:40:14,649 INFO [restartedMain] o.s.b.d.e.DevToolsPropertyDefaultsPostProcessor [DeferredLog.java:255] Devtools property defaults active! Set 'spring.devtools.add-properties' to 'false' to disable
2021-06-16 23:40:14,650 INFO [restartedMain] o.s.b.d.e.DevToolsPropertyDefaultsPostProcessor [DeferredLog.java:255] For additional web related logging consider setting the 'logging.level.web' property to 'DEBUG'
2021-06-16 23:40:15,793 INFO [restartedMain] o.s.b.w.e.t.TomcatWebServer [TomcatWebServer.java:108] Tomcat initialized with port(s): 8080 (http)
2021-06-16 23:40:15,801 INFO [restartedMain] o.a.c.h.Http11NioProtocol [DirectJDKLog.java:173] Initializing ProtocolHandler ["http-nio-8080"]
2021-06-16 23:40:15,802 INFO [restartedMain] o.a.c.c.StandardService [DirectJDKLog.java:173] Starting service [Tomcat]
2021-06-16 23:40:15,802 INFO [restartedMain] o.a.c.c.StandardEngine [DirectJDKLog.java:173] Starting Servlet engine: [Apache Tomcat/9.0.43]
2021-06-16 23:40:15,857 INFO [restartedMain] o.a.c.c.C.[.[.[/community] [DirectJDKLog.java:173] Initializing Spring embedded WebApplicationContext
2021-06-16 23:40:15,857 INFO [restartedMain] o.s.b.w.s.c.ServletWebServerApplicationContext [ServletWebServerApplicationContext.java:289] Root WebApplicationContext: initialization completed in 1206 ms
2021-06-16 23:40:16,405 INFO [restartedMain] o.s.s.c.ThreadPoolTaskExecutor [ExecutorConfigurationSupport.java:181] Initializing ExecutorService 'applicationTaskExecutor'
2021-06-16 23:40:16,484 INFO [restartedMain] o.s.b.a.w.s.WelcomePageHandlerMapping [WelcomePageHandlerMapping.java:57] Adding welcome page template: index
2021-06-16 23:40:16,590 INFO [restartedMain] o.s.b.d.a.OptionalLiveReloadServer [OptionalLiveReloadServer.java:58] LiveReload server is running on port 35729
2021-06-16 23:40:16,603 INFO [restartedMain] o.a.c.h.Http11NioProtocol [DirectJDKLog.java:173] Starting ProtocolHandler ["http-nio-8080"]
2021-06-16 23:40:16,622 INFO [restartedMain] o.s.b.w.e.t.TomcatWebServer [TomcatWebServer.java:220] Tomcat started on port(s): 8080 (http) with context path '/community'
2021-06-16 23:40:16,633 INFO [restartedMain] c.m.c.CommunityApplication [StartupInfoLogger.java:61] Started CommunityApplication in 2.494 seconds (JVM running for 2.975)
2021-06-16 23:40:21,224 INFO [http-nio-8080-exec-1] o.a.c.c.C.[.[.[/community] [DirectJDKLog.java:173] Initializing Spring DispatcherServlet 'dispatcherServlet'
2021-06-16 23:40:21,225 INFO [http-nio-8080-exec-1] o.s.w.s.DispatcherServlet [FrameworkServlet.java:525] Initializing Servlet 'dispatcherServlet'
2021-06-16 23:40:21,227 INFO [http-nio-8080-exec-1] o.s.w.s.DispatcherServlet [FrameworkServlet.java:547] Completed initialization in 2 ms
2021-06-16 23:40:21,262 INFO [http-nio-8080-exec-1] c.z.h.HikariDataSource [HikariDataSource.java:110] HikariPool-1 - Starting...
2021-06-16 23:40:21,452 INFO [http-nio-8080-exec-1] c.z.h.HikariDataSource [HikariDataSource.java:123] HikariPool-1 - Start completed.
